#
# A fatal error has been detected by the Java Runtime Environment:
#
#  SIGSEGV (0xb) at pc=0x00007f74305989db, pid=17770, tid=140136824186624
#
# JRE version: 6.0_36-b36
# Java VM: OpenJDK 64-Bit Server VM (23.25-b01 mixed mode linux-amd64 compressed oops)
# Derivative: IcedTea6 1.13.8
# Distribution: Debian GNU/Linux 7.8 (wheezy), package 6b36-1.13.8-1~deb7u1
# Problematic frame:
# J  java.awt.Container.dispatchEventImpl(Ljava/awt/AWTEvent;)V
#
# Failed to write core dump. Core dumps have been disabled. To enable core dumping, try "ulimit -c unlimited" before starting Java again
#
# If you would like to submit a bug report, please include
# instructions how to reproduce the bug and visit:
#   http://icedtea.classpath.org/bugzilla
#

---------------  T H R E A D  ---------------

Current thread (0x00007f74204bd800):  JavaThread "AWT-EventQueue-1" [_thread_in_Java, id=17787, stack(0x00007f7425902000,0x00007f7425a03000)]

siginfo:si_signo=SIGSEGV: si_errno=0, si_code=1 (SEGV_MAPERR), si_addr=0x0000000000000008

Registers:
RAX=0x0000000000000000, RBX=0x00000000d6b3dfa0, RCX=0x00000000d6bcc600, RDX=0x0000000000000001
RSP=0x00007f7425a00960, RBP=0x0000000000000000, RSI=0x00000000d68594d0, RDI=0x00000000d6b3dfa0
R8 =0x00000000d6bcc600, R9 =0x00000000d6b3dfa0, R10=0x00000000f45b82f0, R11=0x0000000000000000
R12=0x0000000000000000, R13=0x00000000cc0bb510, R14=0x00007f7425a00958, R15=0x00007f74204bd800
RIP=0x00007f74305989db, EFLAGS=0x0000000000010246, CSGSFS=0x0000000000000033, ERR=0x0000000000000004
  TRAPNO=0x000000000000000e

Top of Stack: (sp=0x00007f7425a00960)
0x00007f7425a00960:   cc9a43a000000000 00000000d6b3dfa0
0x00007f7425a00970:   00000000d7235920 00000000f45b86d8
0x00007f7425a00980:   d68594d000000001 00000000d727f0a8
0x00007f7425a00990:   00000000d68594d0 0000000001bda880
0x00007f7425a009a0:   0000000001bda8e8 00000000d7bf58a0
0x00007f7425a009b0:   00000000cc426360 0000000000000000
0x00007f7425a009c0:   0000000000000001 00007f7425a00a38
0x00007f7425a009d0:   00007f7425a00a38 00007f7430160e9a
0x00007f7425a009e0:   00007f7430160e9a 00000000f45b86d8
0x00007f7425a009f0:   00000000d7235920 00007f7425a009f8
0x00007f7425a00a00:   00000000cc468e1b 00007f7425a00a50
0x00007f7425a00a10:   00000000cc6d67a0 00000000ce86a260
0x00007f7425a00a20:   00000000cc468e48 00007f7425a009e8
0x00007f7425a00a30:   00007f7425a00a60 00000000cc9a43a0
0x00007f7425a00a40:   00007f7430559dd4 00000000f45b86d8
0x00007f7425a00a50:   00000000d7235920 00007f7430559dd4
0x00007f7425a00a60:   00000000f45b86d8 00000000f45b86d8
0x00007f7425a00a70:   00000000cc9a43a0 00000000d7c1fc78
0x00007f7425a00a80:   0000000000000001 00007f743563be80
0x00007f7425a00a90:   00007f7425a00b10 00007f743015b4f7
0x00007f7425a00aa0:   00007f743015b4f7 00000000f4680f38
0x00007f7425a00ab0:   00007f7400001fa0 00007f74281a7cc8
0x00007f7425a00ac0:   00007f7425a00c20 00007f7425a00c50
0x00007f7425a00ad0:   00007f74204bd800 00007f74281a7cd0
0x00007f7425a00ae0:   00007f7425a00b70 00007f7425a00c28
0x00007f7425a00af0:   00007f740000000c 00000000ccc5fb10
0x00007f7425a00b00:   00007f7430193a20 00007f7425a00c58
0x00007f7425a00b10:   00007f7425a00be0 00007f7434ea7f8e
0x00007f7425a00b20:   00007f7400000001 00007f74204bd800
0x00007f7425a00b30:   00007f7430193a20 010000000000000c
0x00007f7425a00b40:   00007f74204bd800 00007f74204bc160
0x00007f7425a00b50:   00007f74281a7c60 00007f74281a7cd8 

Instructions: (pc=0x00007f74305989db)
0x00007f74305989bb:   5a 0c 45 85 db 74 0e 49 8b d2 48 8b 74 24 08 90
0x00007f74305989cb:   e8 90 a2 bf ff 66 66 90 e8 48 bd fb ff 48 8b e8
0x00007f74305989db:   44 8b 40 08 4d 8b 58 68 49 ba 58 39 b9 cc 00 00
0x00007f74305989eb:   00 00 4d 3b da 0f 85 b6 02 00 00 41 81 f8 88 59 

Register to memory mapping:

RAX=0x0000000000000000 is an unknown value
RBX=0x00000000d6b3dfa0 is an oop
java.util.concurrent.locks.ReentrantLock$NonfairSync 
 - klass: 'java/util/concurrent/locks/ReentrantLock$NonfairSync'
RCX=0x00000000d6bcc600 is an oop
java.awt.EventDispatchThread 
 - klass: 'java/awt/EventDispatchThread'
RDX=0x0000000000000001 is an unknown value
RSP=0x00007f7425a00960 is pointing into the stack for thread: 0x00007f74204bd800
RBP=0x0000000000000000 is an unknown value
RSI=0x00000000d68594d0 is an oop
sun.misc.Unsafe 
 - klass: 'sun/misc/Unsafe'
RDI=0x00000000d6b3dfa0 is an oop
java.util.concurrent.locks.ReentrantLock$NonfairSync 
 - klass: 'java/util/concurrent/locks/ReentrantLock$NonfairSync'
R8 =0x00000000d6bcc600 is an oop
java.awt.EventDispatchThread 
 - klass: 'java/awt/EventDispatchThread'
R9 =0x00000000d6b3dfa0 is an oop
java.util.concurrent.locks.ReentrantLock$NonfairSync 
 - klass: 'java/util/concurrent/locks/ReentrantLock$NonfairSync'
R10=0x00000000f45b82f0 is an oop
java.util.concurrent.locks.AbstractQueuedSynchronizer$Node 
 - klass: 'java/util/concurrent/locks/AbstractQueuedSynchronizer$Node'
R11=0x0000000000000000 is an unknown value
R12=0x0000000000000000 is an unknown value
R13=0x00000000cc0bb510 is an oop
{method} 
 - klass: {other class}
R14=0x00007f7425a00958 is pointing into the stack for thread: 0x00007f74204bd800
R15=0x00007f74204bd800 is a thread


Stack: [0x00007f7425902000,0x00007f7425a03000],  sp=0x00007f7425a00960,  free space=1018k
Native frames: (J=compiled Java code, j=interpreted, Vv=VM code, C=native code)
J  java.awt.Container.dispatchEventImpl(Ljava/awt/AWTEvent;)V

[error occurred during error reporting (printing native stack), id 0xb]


---------------  P R O C E S S  ---------------

Java Threads: ( => current thread )
  0x00000000020db000 JavaThread "CritiquingThread" daemon [_thread_blocked, id=17795, stack(0x00007f7425428000,0x00007f7425529000)]
  0x00007f74203bc800 JavaThread "DestroyJavaVM" [_thread_blocked, id=17771, stack(0x00007f7436306000,0x00007f7436407000)]
  0x00007f7420932000 JavaThread "TimerQueue" daemon [_thread_blocked, id=17792, stack(0x00007f7425529000,0x00007f742562a000)]
  0x00007f74206f2800 JavaThread "Argo-ToDoValidityCheckingThread" daemon [_thread_blocked, id=17791, stack(0x00007f742611a000,0x00007f742621b000)]
  0x00007f7420511800 JavaThread "MDR event dispatcher" daemon [_thread_blocked, id=17789, stack(0x00007f742562a000,0x00007f742572b000)]
  0x00007f74204f6800 JavaThread "Active Reference Queue Daemon" daemon [_thread_blocked, id=17788, stack(0x00007f7425795000,0x00007f7425896000)]
=>0x00007f74204bd800 JavaThread "AWT-EventQueue-1" [_thread_in_Java, id=17787, stack(0x00007f7425902000,0x00007f7425a03000)]
  0x00007f74204b6000 JavaThread "AWT-Shutdown" [_thread_blocked, id=17786, stack(0x00007f7425a03000,0x00007f7425b04000)]
  0x00007f74203d7000 JavaThread "AWT-XAWT" daemon [_thread_in_native, id=17783, stack(0x00007f742621b000,0x00007f742631c000)]
  0x00007f7420329000 JavaThread "Java2D Disposer" daemon [_thread_blocked, id=17782, stack(0x00007f742c063000,0x00007f742c164000)]
  0x00007f742805b800 JavaThread "Low Memory Detector" daemon [_thread_blocked, id=17780, stack(0x00007f742c8e8000,0x00007f742c9e9000)]
  0x00007f7428059000 JavaThread "C2 CompilerThread1" daemon [_thread_blocked, id=17779, stack(0x00007f742c9e9000,0x00007f742caea000)]
  0x00007f7428056000 JavaThread "C2 CompilerThread0" daemon [_thread_blocked, id=17778, stack(0x00007f742caea000,0x00007f742cbeb000)]
  0x00007f7428053800 JavaThread "Signal Dispatcher" daemon [_thread_blocked, id=17777, stack(0x00007f742cbeb000,0x00007f742ccec000)]
  0x00007f7428001000 JavaThread "Finalizer" daemon [_thread_blocked, id=17776, stack(0x00007f742ce63000,0x00007f742cf64000)]
  0x0000000001b07800 JavaThread "Reference Handler" daemon [_thread_blocked, id=17775, stack(0x00007f742cf64000,0x00007f742d065000)]

Other Threads:
  0x0000000001af8000 VMThread [stack: 0x00007f742d065000,0x00007f742d166000] [id=17774]
  0x00007f7428066800 WatcherThread [stack: 0x00007f742c7e7000,0x00007f742c8e8000] [id=17781]

VM state:not at safepoint (normal execution)

VM Mutex/Monitor currently owned by a thread: None

Heap
 PSYoungGen      total 124288K, used 49830K [0x00000000f2200000, 0x00000000fb190000, 0x0000000100000000)
  eden space 110592K, 35% used [0x00000000f2200000,0x00000000f47f8028,0x00000000f8e00000)
  from space 13696K, 79% used [0x00000000f8e00000,0x00000000f98b1948,0x00000000f9b60000)
  to   space 14528K, 0% used [0x00000000fa360000,0x00000000fa360000,0x00000000fb190000)
 ParOldGen       total 59840K, used 27643K [0x00000000d6600000, 0x00000000da070000, 0x00000000f2200000)
  object space 59840K, 46% used [0x00000000d6600000,0x00000000d80fec40,0x00000000da070000)
 PSPermGen       total 86400K, used 42272K [0x00000000cc000000, 0x00000000d1460000, 0x00000000d6600000)
  object space 86400K, 48% used [0x00000000cc000000,0x00000000ce948258,0x00000000d1460000)

Card table byte_map: [0x00007f742ffba000,0x00007f743015b000] byte_map_base: 0x00007f742f95a000

Polling page: 0x00007f7436421000

Code Cache  [0x00007f743015b000, 0x00007f74305bb000, 0x00007f743315b000)
 total_blobs=1997 nmethods=1427 adapters=520 free_code_cache=44861Kb largest_free_block=45807168

Compilation events (10 events):
Event: 502.350 Thread 0x00007f7428056000 1517             org.omg.uml.behavioralelements.statemachines.AIncomingTarget$Impl::_query (46 bytes)
Event: 502.363 Thread 0x00007f7428056000 nmethod 1517 0x00007f7430553310 code [0x00007f7430553520, 0x00007f7430553ab0]
Event: 503.698 Thread 0x00007f7428059000   28 % !         sun.awt.X11.XToolkit::run @ 38 (359 bytes)
Event: 503.874 Thread 0x00007f7428059000 nmethod 28% 0x00007f74305879d0 code [0x00007f7430588180, 0x00007f743058b3b0]
Event: 514.579 Thread 0x00007f7428056000 1518   !         sun.java2d.SunGraphics2D::fillRect (74 bytes)
Event: 514.593 Thread 0x00007f7428056000 nmethod 1518 0x00007f7430575750 code [0x00007f7430575940, 0x00007f7430575de0]
Event: 516.822 Thread 0x00007f7428059000 1519             java.awt.geom.Path2D::setWindingRule (25 bytes)
Event: 516.823 Thread 0x00007f7428059000 nmethod 1519 0x00007f7430549990 code [0x00007f7430549ac0, 0x00007f7430549b38]
Event: 525.317 Thread 0x00007f7428056000 1520   !         java.awt.Container::dispatchEventImpl (129 bytes)
Event: 525.792 Thread 0x00007f7428056000 nmethod 1520 0x00007f7430596110 code [0x00007f7430596e60, 0x00007f743059c9f8]

GC Heap History (10 events):
Event: 85.784 GC heap before
{Heap before GC invocations=9 (full 1):
 PSYoungGen      total 69952K, used 64512K [0x00000000f2200000, 0x00000000fb160000, 0x0000000100000000)
  eden space 64512K, 100% used [0x00000000f2200000,0x00000000f6100000,0x00000000f6100000)
  from space 5440K, 0% used [0x00000000f6100000,0x00000000f6100000,0x00000000f6650000)
  to   space 8896K, 0% used [0x00000000fa8b0000,0x00000000fa8b0000,0x00000000fb160000)
 ParOldGen       total 39232K, used 20294K [0x00000000d6600000, 0x00000000d8c50000, 0x00000000f2200000)
  object space 39232K, 51% used [0x00000000d6600000,0x00000000d79d1bd0,0x00000000d8c50000)
 PSPermGen       total 73600K, used 40698K [0x00000000cc000000, 0x00000000d07e0000, 0x00000000d6600000)
  object space 73600K, 55% used [0x00000000cc000000,0x00000000ce7beb00,0x00000000d07e0000)
Event: 85.817 GC heap after
Heap after GC invocations=9 (full 1):
 PSYoungGen      total 90944K, used 8753K [0x00000000f2200000, 0x00000000fb140000, 0x0000000100000000)
  eden space 82176K, 0% used [0x00000000f2200000,0x00000000f2200000,0x00000000f7240000)
  from space 8768K, 99% used [0x00000000fa8b0000,0x00000000fb13c4c0,0x00000000fb140000)
  to   space 10048K, 0% used [0x00000000f9da0000,0x00000000f9da0000,0x00000000fa770000)
 ParOldGen       total 39232K, used 20294K [0x00000000d6600000, 0x00000000d8c50000, 0x00000000f2200000)
  object space 39232K, 51% used [0x00000000d6600000,0x00000000d79d1bd0,0x00000000d8c50000)
 PSPermGen       total 73600K, used 40698K [0x00000000cc000000, 0x00000000d07e0000, 0x00000000d6600000)
  object space 73600K, 55% used [0x00000000cc000000,0x00000000ce7beb00,0x00000000d07e0000)
}
Event: 207.316 GC heap before
{Heap before GC invocations=10 (full 1):
 PSYoungGen      total 90944K, used 90929K [0x00000000f2200000, 0x00000000fb140000, 0x0000000100000000)
  eden space 82176K, 100% used [0x00000000f2200000,0x00000000f7240000,0x00000000f7240000)
  from space 8768K, 99% used [0x00000000fa8b0000,0x00000000fb13c4c0,0x00000000fb140000)
  to   space 10048K, 0% used [0x00000000f9da0000,0x00000000f9da0000,0x00000000fa770000)
 ParOldGen       total 39232K, used 20294K [0x00000000d6600000, 0x00000000d8c50000, 0x00000000f2200000)
  object space 39232K, 51% used [0x00000000d6600000,0x00000000d79d1bd0,0x00000000d8c50000)
 PSPermGen       total 73600K, used 41297K [0x00000000cc000000, 0x00000000d07e0000, 0x00000000d6600000)
  object space 73600K, 56% used [0x00000000cc000000,0x00000000ce854500,0x00000000d07e0000)
Event: 207.349 GC heap after
Heap after GC invocations=10 (full 1):
 PSYoungGen      total 103168K, used 10010K [0x00000000f2200000, 0x00000000fa8c0000, 0x0000000100000000)
  eden space 93120K, 0% used [0x00000000f2200000,0x00000000f2200000,0x00000000f7cf0000)
  from space 10048K, 99% used [0x00000000f9da0000,0x00000000fa766b40,0x00000000fa770000)
  to   space 1344K, 0% used [0x00000000fa770000,0x00000000fa770000,0x00000000fa8c0000)
 ParOldGen       total 39232K, used 20294K [0x00000000d6600000, 0x00000000d8c50000, 0x00000000f2200000)
  object space 39232K, 51% used [0x00000000d6600000,0x00000000d79d1bd0,0x00000000d8c50000)
 PSPermGen       total 73600K, used 41297K [0x00000000cc000000, 0x00000000d07e0000, 0x00000000d6600000)
  object space 73600K, 56% used [0x00000000cc000000,0x00000000ce854500,0x00000000d07e0000)
}
Event: 348.510 GC heap before
{Heap before GC invocations=11 (full 1):
 PSYoungGen      total 103168K, used 103130K [0x00000000f2200000, 0x00000000fa8c0000, 0x0000000100000000)
  eden space 93120K, 100% used [0x00000000f2200000,0x00000000f7cf0000,0x00000000f7cf0000)
  from space 10048K, 99% used [0x00000000f9da0000,0x00000000fa766b40,0x00000000fa770000)
  to   space 1344K, 0% used [0x00000000fa770000,0x00000000fa770000,0x00000000fa8c0000)
 ParOldGen       total 39232K, used 20294K [0x00000000d6600000, 0x00000000d8c50000, 0x00000000f2200000)
  object space 39232K, 51% used [0x00000000d6600000,0x00000000d79d1bd0,0x00000000d8c50000)
 PSPermGen       total 73600K, used 41724K [0x00000000cc000000, 0x00000000d07e0000, 0x00000000d6600000)
  object space 73600K, 56% used [0x00000000cc000000,0x00000000ce8bf2f0,0x00000000d07e0000)
Event: 348.559 GC heap after
Heap after GC invocations=11 (full 1):
 PSYoungGen      total 104384K, used 1322K [0x00000000f2200000, 0x00000000fa8c0000, 0x0000000100000000)
  eden space 103040K, 0% used [0x00000000f2200000,0x00000000f2200000,0x00000000f86a0000)
  from space 1344K, 98% used [0x00000000fa770000,0x00000000fa8ba9a0,0x00000000fa8c0000)
  to   space 13696K, 0% used [0x00000000f8e00000,0x00000000f8e00000,0x00000000f9b60000)
 ParOldGen       total 39232K, used 32670K [0x00000000d6600000, 0x00000000d8c50000, 0x00000000f2200000)
  object space 39232K, 83% used [0x00000000d6600000,0x00000000d85e7910,0x00000000d8c50000)
 PSPermGen       total 73600K, used 41724K [0x00000000cc000000, 0x00000000d07e0000, 0x00000000d6600000)
  object space 73600K, 56% used [0x00000000cc000000,0x00000000ce8bf2f0,0x00000000d07e0000)
}
Event: 348.559 GC heap before
{Heap before GC invocations=12 (full 2):
 PSYoungGen      total 104384K, used 1322K [0x00000000f2200000, 0x00000000fa8c0000, 0x0000000100000000)
  eden space 103040K, 0% used [0x00000000f2200000,0x00000000f2200000,0x00000000f86a0000)
  from space 1344K, 98% used [0x00000000fa770000,0x00000000fa8ba9a0,0x00000000fa8c0000)
  to   space 13696K, 0% used [0x00000000f8e00000,0x00000000f8e00000,0x00000000f9b60000)
 ParOldGen       total 39232K, used 32670K [0x00000000d6600000, 0x00000000d8c50000, 0x00000000f2200000)
  object space 39232K, 83% used [0x00000000d6600000,0x00000000d85e7910,0x00000000d8c50000)
 PSPermGen       total 73600K, used 41724K [0x00000000cc000000, 0x00000000d07e0000, 0x00000000d6600000)
  object space 73600K, 56% used [0x00000000cc000000,0x00000000ce8bf2f0,0x00000000d07e0000)
Event: 348.914 GC heap after
Heap after GC invocations=12 (full 2):
 PSYoungGen      total 104384K, used 0K [0x00000000f2200000, 0x00000000fa8c0000, 0x0000000100000000)
  eden space 103040K, 0% used [0x00000000f2200000,0x00000000f2200000,0x00000000f86a0000)
  from space 1344K, 0% used [0x00000000fa770000,0x00000000fa770000,0x00000000fa8c0000)
  to   space 13696K, 0% used [0x00000000f8e00000,0x00000000f8e00000,0x00000000f9b60000)
 ParOldGen       total 59840K, used 27643K [0x00000000d6600000, 0x00000000da070000, 0x00000000f2200000)
  object space 59840K, 46% used [0x00000000d6600000,0x00000000d80fec40,0x00000000da070000)
 PSPermGen       total 86400K, used 41714K [0x00000000cc000000, 0x00000000d1460000, 0x00000000d6600000)
  object space 86400K, 48% used [0x00000000cc000000,0x00000000ce8bcab8,0x00000000d1460000)
}
Event: 449.888 GC heap before
{Heap before GC invocations=13 (full 2):
 PSYoungGen      total 104384K, used 103040K [0x00000000f2200000, 0x00000000fa8c0000, 0x0000000100000000)
  eden space 103040K, 100% used [0x00000000f2200000,0x00000000f86a0000,0x00000000f86a0000)
  from space 1344K, 0% used [0x00000000fa770000,0x00000000fa770000,0x00000000fa8c0000)
  to   space 13696K, 0% used [0x00000000f8e00000,0x00000000f8e00000,0x00000000f9b60000)
 ParOldGen       total 59840K, used 27643K [0x00000000d6600000, 0x00000000da070000, 0x00000000f2200000)
  object space 59840K, 46% used [0x00000000d6600000,0x00000000d80fec40,0x00000000da070000)
 PSPermGen       total 86400K, used 42205K [0x00000000cc000000, 0x00000000d1460000, 0x00000000d6600000)
  object space 86400K, 48% used [0x00000000cc000000,0x00000000ce937588,0x00000000d1460000)
Event: 449.913 GC heap after
Heap after GC invocations=13 (full 2):
 PSYoungGen      total 124288K, used 10950K [0x00000000f2200000, 0x00000000fb190000, 0x0000000100000000)
  eden space 110592K, 0% used [0x00000000f2200000,0x00000000f2200000,0x00000000f8e00000)
  from space 13696K, 79% used [0x00000000f8e00000,0x00000000f98b1948,0x00000000f9b60000)
  to   space 14528K, 0% used [0x00000000fa360000,0x00000000fa360000,0x00000000fb190000)
 ParOldGen       total 59840K, used 27643K [0x00000000d6600000, 0x00000000da070000, 0x00000000f2200000)
  object space 59840K, 46% used [0x00000000d6600000,0x00000000d80fec40,0x00000000da070000)
 PSPermGen       total 86400K, used 42205K [0x00000000cc000000, 0x00000000d1460000, 0x00000000d6600000)
  object space 86400K, 48% used [0x00000000cc000000,0x00000000ce937588,0x00000000d1460000)
}

Deoptimization events (10 events):
Event: 490.332 Thread 0x00007f74204bd800 Uncommon trap -34 fr.pc 0x00007f74304543d0
Event: 490.332 Thread 0x00007f74204bd800 Uncommon trap -34 fr.pc 0x00007f743055a3b8
Event: 496.688 Thread 0x00007f74204bd800 Uncommon trap -34 fr.pc 0x00007f74304543d0
Event: 496.688 Thread 0x00007f74204bd800 Uncommon trap -34 fr.pc 0x00007f743055a3b8
Event: 506.097 Thread 0x00007f74204bd800 Uncommon trap -34 fr.pc 0x00007f74304543d0
Event: 506.097 Thread 0x00007f74204bd800 Uncommon trap -34 fr.pc 0x00007f743055a3b8
Event: 514.136 Thread 0x00007f74204bd800 Uncommon trap -34 fr.pc 0x00007f74302694b0
Event: 514.576 Thread 0x00007f74204bd800 Uncommon trap -34 fr.pc 0x00007f74302694b0
Event: 514.736 Thread 0x00007f74204bd800 Uncommon trap -34 fr.pc 0x00007f74302694b0
Event: 514.912 Thread 0x00007f74204bd800 Uncommon trap -34 fr.pc 0x00007f74302694b0

Internal exceptions (10 events):
Event: 472.994 Thread 0x00007f74204bd800 Threw 0x00000000f2e0fb28 at /home/jmm/jdk6/openjdk-6-6b36-1.13.8/build/openjdk/hotspot/src/share/vm/prims/jvm.cpp:1276
Event: 472.994 Thread 0x00007f74204bd800 Threw 0x00000000f2e0fb28 at /home/jmm/jdk6/openjdk-6-6b36-1.13.8/build/openjdk/hotspot/src/share/vm/prims/jvm.cpp:1276
Event: 476.746 Thread 0x00007f74204bd800 Implicit null exception at 0x00007f74305468a0 to 0x00007f74305471ed
Event: 484.731 Thread 0x00007f74204bd800 Implicit null exception at 0x00007f74304464f0 to 0x00007f7430446554
Event: 485.779 Thread 0x00007f74203d7000 Implicit null exception at 0x00007f7430456f6f to 0x00007f74304590fd
Event: 501.377 Thread 0x00007f74204bd800 Threw 0x00000000f3dc2eb8 at /home/jmm/jdk6/openjdk-6-6b36-1.13.8/build/openjdk/hotspot/src/share/vm/classfile/systemDictionary.cpp:
Event: 501.378 Thread 0x00007f74204bd800 Threw 0x00000000f3dc3400 at /home/jmm/jdk6/openjdk-6-6b36-1.13.8/build/openjdk/hotspot/src/share/vm/prims/jvm.cpp:1272
Event: 513.688 Thread 0x00007f74204bd800 Threw 0x00000000f3fd6d78 at /home/jmm/jdk6/openjdk-6-6b36-1.13.8/build/openjdk/hotspot/src/share/vm/classfile/systemDictionary.cpp:
Event: 513.688 Thread 0x00007f74204bd800 Threw 0x00000000f3fd7320 at /home/jmm/jdk6/openjdk-6-6b36-1.13.8/build/openjdk/hotspot/src/share/vm/prims/jvm.cpp:1272
Event: 525.797 Thread 0x00007f74204bd800 Implicit null exception at 0x00007f74305989db to 0x0000000000000000

Events (10 events):
Event: 513.688 loading class 0x00007f742043e890
Event: 513.688 loading class 0x00007f742043e890 done
Event: 514.136 Thread 0x00007f74204bd800 DEOPT PACKING pc=0x00007f74302694b0 sp=0x00007f74259ffc00
Event: 514.136 Thread 0x00007f74204bd800 DEOPT UNPACKING pc=0x00007f7430194145 sp=0x00007f74259ffbc8 mode 2
Event: 514.576 Thread 0x00007f74204bd800 DEOPT PACKING pc=0x00007f74302694b0 sp=0x00007f74259ffa80
Event: 514.576 Thread 0x00007f74204bd800 DEOPT UNPACKING pc=0x00007f7430194145 sp=0x00007f74259ffa48 mode 2
Event: 514.736 Thread 0x00007f74204bd800 DEOPT PACKING pc=0x00007f74302694b0 sp=0x00007f74259ffa80
Event: 514.736 Thread 0x00007f74204bd800 DEOPT UNPACKING pc=0x00007f7430194145 sp=0x00007f74259ffa48 mode 2
Event: 514.912 Thread 0x00007f74204bd800 DEOPT PACKING pc=0x00007f74302694b0 sp=0x00007f74259ffa80
Event: 514.912 Thread 0x00007f74204bd800 DEOPT UNPACKING pc=0x00007f7430194145 sp=0x00007f74259ffa48 mode 2


Dynamic libraries:
00400000-00409000 r-xp 00000000 08:01 3540951                            /usr/lib/jvm/java-6-openjdk-amd64/jre/bin/java
00608000-00609000 rw-p 00008000 08:01 3540951                            /usr/lib/jvm/java-6-openjdk-amd64/jre/bin/java
019ab000-03927000 rw-p 00000000 00:00 0                                  [heap]
cc000000-d1460000 rw-p 00000000 00:00 0 
d1460000-d6600000 rw-p 00000000 00:00 0 
d6600000-da070000 rw-p 00000000 00:00 0 
da070000-f2200000 rw-p 00000000 00:00 0 
f2200000-fb190000 rw-p 00000000 00:00 0 
fb190000-100000000 rw-p 00000000 00:00 0 
7f7420000000-7f7421a24000 rw-p 00000000 00:00 0 
7f7421a24000-7f7424000000 ---p 00000000 00:00 0 
7f7424bce000-7f7425082000 rw-s 00000000 00:04 491523                     /SYSV00000000 (deleted)
7f7425152000-7f7425228000 r-xp 00000000 08:01 3540981                    /usr/lib/jvm/java-6-openjdk-amd64/jre/lib/amd64/libmlib_image.so
7f7425228000-7f7425427000 ---p 000d6000 08:01 3540981                    /usr/lib/jvm/java-6-openjdk-amd64/jre/lib/amd64/libmlib_image.so
7f7425427000-7f7425428000 rw-p 000d5000 08:01 3540981                    /usr/lib/jvm/java-6-openjdk-amd64/jre/lib/amd64/libmlib_image.so
7f7425428000-7f742542b000 ---p 00000000 00:00 0 
7f742542b000-7f7425529000 rw-p 00000000 00:00 0 
7f7425529000-7f742552c000 ---p 00000000 00:00 0 
7f742552c000-7f742562a000 rw-p 00000000 00:00 0 
7f742562a000-7f742562d000 ---p 00000000 00:00 0 
7f742562d000-7f742572b000 rw-p 00000000 00:00 0 
7f7425795000-7f7425798000 ---p 00000000 00:00 0 
7f7425798000-7f7425896000 rw-p 00000000 00:00 0 
7f7425902000-7f7425905000 ---p 00000000 00:00 0 
7f7425905000-7f7425a03000 rw-p 00000000 00:00 0 
7f7425a03000-7f7425a06000 ---p 00000000 00:00 0 
7f7425a06000-7f7425b04000 rw-p 00000000 00:00 0 
7f7425c0f000-7f7425c12000 ---p 00000000 00:00 0 
7f7425c12000-7f7425d10000 rw-p 00000000 00:00 0 
7f7425d10000-7f7425d13000 ---p 00000000 00:00 0 
7f7425d13000-7f7425e11000 rw-p 00000000 00:00 0 
7f7425e11000-7f7425e19000 r-xp 00000000 08:01 3540975                    /usr/lib/jvm/java-6-openjdk-amd64/jre/lib/amd64/libnio.so
7f7425e19000-7f7426018000 ---p 00008000 08:01 3540975                    /usr/lib/jvm/java-6-openjdk-amd64/jre/lib/amd64/libnio.so
7f7426018000-7f7426019000 rw-p 00007000 08:01 3540975                    /usr/lib/jvm/java-6-openjdk-amd64/jre/lib/amd64/libnio.so
7f7426019000-7f742601c000 ---p 00000000 00:00 0 
7f742601c000-7f742611a000 rw-p 00000000 00:00 0 
7f742611a000-7f742611d000 ---p 00000000 00:00 0 
7f742611d000-7f742621b000 rw-p 00000000 00:00 0 
7f742621b000-7f742621e000 ---p 00000000 00:00 0 
7f742621e000-7f742631c000 rw-p 00000000 00:00 0 
7f742631c000-7f7426321000 r-xp 00000000 08:01 2628082                    /usr/lib/x86_64-linux-gnu/libXfixes.so.3.1.0
7f7426321000-7f7426520000 ---p 00005000 08:01 2628082                    /usr/lib/x86_64-linux-gnu/libXfixes.so.3.1.0
7f7426520000-7f7426521000 r--p 00004000 08:01 2628082                    /usr/lib/x86_64-linux-gnu/libXfixes.so.3.1.0
7f7426521000-7f7426522000 rw-p 00005000 08:01 2628082                    /usr/lib/x86_64-linux-gnu/libXfixes.so.3.1.0
7f7426522000-7f742652c000 r-xp 00000000 08:01 2628418                    /usr/lib/x86_64-linux-gnu/libXcursor.so.1.0.2
7f742652c000-7f742672b000 ---p 0000a000 08:01 2628418                    /usr/lib/x86_64-linux-gnu/libXcursor.so.1.0.2
7f742672b000-7f742672c000 rw-p 00009000 08:01 2628418                    /usr/lib/x86_64-linux-gnu/libXcursor.so.1.0.2
7f742672c000-7f74267c5000 r-xp 00000000 08:01 2624995                    /usr/lib/x86_64-linux-gnu/libfreetype.so.6.8.1
7f74267c5000-7f74269c4000 ---p 00099000 08:01 2624995                    /usr/lib/x86_64-linux-gnu/libfreetype.so.6.8.1
7f74269c4000-7f74269ca000 r--p 00098000 08:01 2624995                    /usr/lib/x86_64-linux-gnu/libfreetype.so.6.8.1
7f74269ca000-7f74269cb000 rw-p 0009e000 08:01 2624995                    /usr/lib/x86_64-linux-gnu/libfreetype.so.6.8.1
7f74269cb000-7f7426a1a000 r-xp 00000000 08:01 3540987                    /usr/lib/jvm/java-6-openjdk-amd64/jre/lib/amd64/libfontmanager.so
7f7426a1a000-7f7426c1a000 ---p 0004f000 08:01 3540987                    /usr/lib/jvm/java-6-openjdk-amd64/jre/lib/amd64/libfontmanager.so
7f7426c1a000-7f7426c1d000 rw-p 0004f000 08:01 3540987                    /usr/lib/jvm/java-6-openjdk-amd64/jre/lib/amd64/libfontmanager.so
7f7426c1d000-7f7426c22000 r-xp 00000000 08:01 2625016                    /usr/lib/x86_64-linux-gnu/libXdmcp.so.6.0.0
7f7426c22000-7f7426e21000 ---p 00005000 08:01 2625016                    /usr/lib/x86_64-linux-gnu/libXdmcp.so.6.0.0
7f7426e21000-7f7426e22000 rw-p 00004000 08:01 2625016                    /usr/lib/x86_64-linux-gnu/libXdmcp.so.6.0.0
7f7426e22000-7f7426e24000 r-xp 00000000 08:01 2625014                    /usr/lib/x86_64-linux-gnu/libXau.so.6.0.0
7f7426e24000-7f7427024000 ---p 00002000 08:01 2625014                    /usr/lib/x86_64-linux-gnu/libXau.so.6.0.0
7f7427024000-7f7427025000 rw-p 00002000 08:01 2625014                    /usr/lib/x86_64-linux-gnu/libXau.so.6.0.0
7f7427025000-7f7427044000 r-xp 00000000 08:01 2627032                    /usr/lib/x86_64-linux-gnu/libxcb.so.1.1.0
7f7427044000-7f7427243000 ---p 0001f000 08:01 2627032                    /usr/lib/x86_64-linux-gnu/libxcb.so.1.1.0
7f7427243000-7f7427244000 r--p 0001e000 08:01 2627032                    /usr/lib/x86_64-linux-gnu/libxcb.so.1.1.0
7f7427244000-7f7427245000 rw-p 0001f000 08:01 2627032                    /usr/lib/x86_64-linux-gnu/libxcb.so.1.1.0
7f7427245000-7f7427253000 r-xp 00000000 08:01 2628422                    /usr/lib/x86_64-linux-gnu/libXi.so.6.1.0
7f7427253000-7f7427453000 ---p 0000e000 08:01 2628422                    /usr/lib/x86_64-linux-gnu/libXi.so.6.1.0
7f7427453000-7f7427454000 rw-p 0000e000 08:01 2628422                    /usr/lib/x86_64-linux-gnu/libXi.so.6.1.0
7f7427454000-7f7427459000 r-xp 00000000 08:01 2632507                    /usr/lib/x86_64-linux-gnu/libXtst.so.6.1.0
7f7427459000-7f7427658000 ---p 00005000 08:01 2632507                    /usr/lib/x86_64-linux-gnu/libXtst.so.6.1.0
7f7427658000-7f7427659000 rw-p 00004000 08:01 2632507                    /usr/lib/x86_64-linux-gnu/libXtst.so.6.1.0
7f7427659000-7f7427662000 r-xp 00000000 08:01 2627210                    /usr/lib/x86_64-linux-gnu/libXrender.so.1.3.0
7f7427662000-7f7427861000 ---p 00009000 08:01 2627210                    /usr/lib/x86_64-linux-gnu/libXrender.so.1.3.0
7f7427861000-7f7427862000 rw-p 00008000 08:01 2627210                    /usr/lib/x86_64-linux-gnu/libXrender.so.1.3.0
7f7427862000-7f7427997000 r-xp 00000000 08:01 2627036                    /usr/lib/x86_64-linux-gnu/libX11.so.6.3.0
7f7427997000-7f7427b97000 ---p 00135000 08:01 2627036                    /usr/lib/x86_64-linux-gnu/libX11.so.6.3.0
7f7427b97000-7f7427b9d000 rw-p 00135000 08:01 2627036                    /usr/lib/x86_64-linux-gnu/libX11.so.6.3.0
7f7427b9d000-7f7427bae000 r-xp 00000000 08:01 2628090                    /usr/lib/x86_64-linux-gnu/libXext.so.6.4.0
7f7427bae000-7f7427dae000 ---p 00011000 08:01 2628090                    /usr/lib/x86_64-linux-gnu/libXext.so.6.4.0
7f7427dae000-7f7427daf000 rw-p 00011000 08:01 2628090                    /usr/lib/x86_64-linux-gnu/libXext.so.6.4.0
7f7427daf000-7f7427dfc000 r-xp 00000000 08:01 3552144                    /usr/lib/jvm/java-6-openjdk-amd64/jre/lib/amd64/xawt/libmawt.so
7f7427dfc000-7f7427ffb000 ---p 0004d000 08:01 3552144                    /usr/lib/jvm/java-6-openjdk-amd64/jre/lib/amd64/xawt/libmawt.so
7f7427ffb000-7f7427fff000 rw-p 0004c000 08:01 3552144                    /usr/lib/jvm/java-6-openjdk-amd64/jre/lib/amd64/xawt/libmawt.so
7f7427fff000-7f7428000000 rw-p 00000000 00:00 0 
7f7428000000-7f7428ff8000 rw-p 00000000 00:00 0 
7f7428ff8000-7f742c000000 ---p 00000000 00:00 0 
7f742c02d000-7f742c02e000 r--s 00000000 08:01 4199025                    /var/cache/fontconfig/c05880de57d1f5e948fdfacc138775d9-le64.cache-3
7f742c02e000-7f742c037000 r--s 00000000 08:01 4199024                    /var/cache/fontconfig/945677eb7aeaf62f1d50efc3fb3ec7d8-le64.cache-3
7f742c037000-7f742c03c000 r--s 00000000 08:01 4199022                    /var/cache/fontconfig/6eb3985aa4124903f6ff08ba781cd364-le64.cache-3
7f742c03c000-7f742c045000 r--s 00000000 08:01 4199021                    /var/cache/fontconfig/6d41288fd70b0be22e8c3a91e032eec0-le64.cache-3
7f742c045000-7f742c048000 r--s 00000000 08:01 4199019                    /var/cache/fontconfig/c57959a16110560c8d0fcea73374aeeb-le64.cache-3
7f742c048000-7f742c04d000 r--s 00000000 08:01 4199018                    /var/cache/fontconfig/3047814df9a2f067bd2d96a2b9c36e5a-le64.cache-3
7f742c04d000-7f742c050000 r--s 00000000 08:01 4199017                    /var/cache/fontconfig/e49e89034d371f0f9de17aab02136486-le64.cache-3
7f742c050000-7f742c052000 r--s 00000000 08:01 4199016                    /var/cache/fontconfig/4b14b093aebc79c320de5e86ae1d3314-le64.cache-3
7f742c052000-7f742c059000 r--s 00000000 08:01 4199015                    /var/cache/fontconfig/3f7329c5293ffd510edef78f73874cfd-le64.cache-3
7f742c059000-7f742c063000 r--s 00000000 08:01 4199013                    /var/cache/fontconfig/83bf95040141907cd45bb53cf7c1c148-le64.cache-3
7f742c063000-7f742c066000 ---p 00000000 00:00 0 
7f742c066000-7f742c164000 rw-p 00000000 00:00 0 
7f742c164000-7f742c204000 r-xp 00000000 08:01 3540989                    /usr/lib/jvm/java-6-openjdk-amd64/jre/lib/amd64/libawt.so
7f742c204000-7f742c404000 ---p 000a0000 08:01 3540989                    /usr/lib/jvm/java-6-openjdk-amd64/jre/lib/amd64/libawt.so
7f742c404000-7f742c40f000 rw-p 000a0000 08:01 3540989                    /usr/lib/jvm/java-6-openjdk-amd64/jre/lib/amd64/libawt.so
7f742c40f000-7f742c434000 rw-p 00000000 00:00 0 
7f742c434000-7f742c449000 r-xp 00000000 08:01 3540985                    /usr/lib/jvm/java-6-openjdk-amd64/jre/lib/amd64/libnet.so
7f742c449000-7f742c649000 ---p 00015000 08:01 3540985                    /usr/lib/jvm/java-6-openjdk-amd64/jre/lib/amd64/libnet.so
7f742c649000-7f742c64a000 rw-p 00015000 08:01 3540985                    /usr/lib/jvm/java-6-openjdk-amd64/jre/lib/amd64/libnet.so
7f742c64a000-7f742c655000 r--s 0006c000 08:01 262982                     /home/gtsi/Téléchargements/argouml-0.34/ext/argouml-umlpropertypanels.jar
7f742c656000-7f742c659000 r--s 00000000 08:01 4199000                    /var/cache/fontconfig/e13b20fdb08344e0e664864cc2ede53d-le64.cache-3
7f742c659000-7f742c65a000 r--s 00000000 08:01 4199025                    /var/cache/fontconfig/c05880de57d1f5e948fdfacc138775d9-le64.cache-3
7f742c65a000-7f742c663000 r--s 00000000 08:01 4199024                    /var/cache/fontconfig/945677eb7aeaf62f1d50efc3fb3ec7d8-le64.cache-3
7f742c663000-7f742c668000 r--s 00000000 08:01 4199022                    /var/cache/fontconfig/6eb3985aa4124903f6ff08ba781cd364-le64.cache-3
7f742c668000-7f742c671000 r--s 00000000 08:01 4199021                    /var/cache/fontconfig/6d41288fd70b0be22e8c3a91e032eec0-le64.cache-3
7f742c671000-7f742c672000 r--s 00000000 08:01 4209328                    /var/cache/fontconfig/4794a0821666d79190d59a36cb4f44b5-le64.cache-3
7f742c672000-7f742c675000 r--s 00000000 08:01 4199019                    /var/cache/fontconfig/c57959a16110560c8d0fcea73374aeeb-le64.cache-3
7f742c675000-7f742c67a000 r--s 00000000 08:01 4199018                    /var/cache/fontconfig/3047814df9a2f067bd2d96a2b9c36e5a-le64.cache-3
7f742c67a000-7f742c67d000 r--s 00000000 08:01 4199017                    /var/cache/fontconfig/e49e89034d371f0f9de17aab02136486-le64.cache-3
7f742c67d000-7f742c67f000 r--s 00000000 08:01 4199016                    /var/cache/fontconfig/4b14b093aebc79c320de5e86ae1d3314-le64.cache-3
7f742c67f000-7f742c686000 r--s 00000000 08:01 4199015                    /var/cache/fontconfig/3f7329c5293ffd510edef78f73874cfd-le64.cache-3
7f742c686000-7f742c690000 r--s 00000000 08:01 4199013                    /var/cache/fontconfig/83bf95040141907cd45bb53cf7c1c148-le64.cache-3
7f742c690000-7f742c691000 r--s 00000000 08:01 4199012                    /var/cache/fontconfig/62f91419b9ebdb6975e7e41ab6412357-le64.cache-3
7f742c691000-7f742c694000 r--s 00000000 08:01 4199000                    /var/cache/fontconfig/e13b20fdb08344e0e664864cc2ede53d-le64.cache-3
7f742c694000-7f742c696000 r--s 0000b000 08:01 263021                     /home/gtsi/Téléchargements/argouml-0.34/toolbar-1.4.1-20071227.jar
7f742c696000-7f742c698000 r--s 0000b000 08:01 263020                     /home/gtsi/Téléchargements/argouml-0.34/swidgets-0.1.4.jar
7f742c698000-7f742c6a6000 r--s 0009c000 08:01 263001                     /home/gtsi/Téléchargements/argouml-0.34/ocl-argo-1.1.jar
7f742c6a6000-7f742c6ad000 r--s 00053000 08:01 262997                     /home/gtsi/Téléchargements/argouml-0.34/log4j-1.2.6.jar
7f742c6ad000-7f742c6b8000 r--s 000a4000 08:01 262988                     /home/gtsi/Téléchargements/argouml-0.34/gef-0.13.8.jar
7f742c6b8000-7f742c6b9000 r--s 00004000 08:01 262981                     /home/gtsi/Téléchargements/argouml-0.34/ext/argouml-transformer.jar
7f742c6b9000-7f742c6bb000 r--s 0000a000 08:01 262980                     /home/gtsi/Téléchargements/argouml-0.34/ext/argouml-sql.jar
7f742c6bb000-7f742c6bd000 r--s 00002000 08:01 262979                     /home/gtsi/Téléchargements/argouml-0.34/ext/argouml-notation.jar
7f742c6bd000-7f742c6c0000 r--s 0002a000 08:01 262999                     /home/gtsi/Téléchargements/argouml-0.34/mof.jar
7f742c6c0000-7f742c6c2000 r--s 00007000 08:01 262998                     /home/gtsi/Téléchargements/argouml-0.34/mdrapi.jar
7f742c6c2000-7f742c6c6000 r--s 00073000 08:01 262996                     /home/gtsi/Téléchargements/argouml-0.34/jmiutils.jar
7f742c6c6000-7f742c6c7000 r--s 00000000 08:01 4209328                    /var/cache/fontconfig/4794a0821666d79190d59a36cb4f44b5-le64.cache-3
7f742c6c7000-7f742c6c9000 r--s 00009000 08:01 262977                     /home/gtsi/Téléchargements/argouml-0.34/ext/argouml-i18n-ru.jar
7f742c6c9000-7f742c6ca000 r--s 00008000 08:01 262976                     /home/gtsi/Téléchargements/argouml-0.34/ext/argouml-i18n-pt_BR.jar
7f742c6ca000-7f742c6cb000 r--s 00014000 08:01 262975                     /home/gtsi/Téléchargements/argouml-0.34/ext/argouml-i18n-pt.jar
7f742c6cb000-7f742c6cc000 r--s 0000e000 08:01 262973                     /home/gtsi/Téléchargements/argouml-0.34/ext/argouml-i18n-it.jar
7f742c6cc000-7f742c6cd000 r--s 00009000 08:01 262972                     /home/gtsi/Téléchargements/argouml-0.34/ext/argouml-i18n-fr.jar
7f742c6cd000-7f742c6ce000 r--s 00013000 08:01 262971                     /home/gtsi/Téléchargements/argouml-0.34/ext/argouml-i18n-es.jar
7f742c6ce000-7f742c6cf000 r--s 00007000 08:01 262970                     /home/gtsi/Téléchargements/argouml-0.34/ext/argouml-i18n-en_GB.jar
7f742c6cf000-7f742c6d0000 r--s 00015000 08:01 262969                     /home/gtsi/Téléchargements/argouml-0.34/ext/argouml-i18n-de.jar
7f742c6d0000-7f742c6d1000 r--s 00005000 08:01 262968                     /home/gtsi/Téléchargements/argouml-0.34/ext/argouml-diagrams-state.jar
7f742c6d1000-7f742c6d3000 r--s 0000c000 08:01 262967                     /home/gtsi/Téléchargements/argouml-0.34/ext/argouml-diagrams-sequence.jar
7f742c6d3000-7f742c6d4000 r--s 00003000 08:01 262966                     /home/gtsi/Téléchargements/argouml-0.34/ext/argouml-diagrams-deployment.jar
7f742c6d4000-7f742c6d6000 r--s 00009000 08:01 262965                     /home/gtsi/Téléchargements/argouml-0.34/ext/argouml-diagrams-activity.jar
7f742c6d6000-7f742c6db000 r--s 00026000 08:01 262964                     /home/gtsi/Téléchargements/argouml-0.34/ext/argouml-csharp.jar
7f742c6db000-7f742c6dd000 r--s 00008000 08:01 262986                     /home/gtsi/Téléchargements/argouml-0.34/ext/argo_php.jar
7f742c6dd000-7f742c6e3000 r--s 0005f000 08:01 262985                     /home/gtsi/Téléchargements/argouml-0.34/ext/argo_java.jar
7f742c6e3000-7f742c6e4000 r--s 00012000 08:01 262984                     /home/gtsi/Téléchargements/argouml-0.34/ext/argo_idl.jar
7f742c6e4000-7f742c6e6000 r--s 00022000 08:01 262983                     /home/gtsi/Téléchargements/argouml-0.34/ext/argo_cpp.jar
7f742c6e6000-7f742c6ea000 r--s 0001b000 08:01 262963                     /home/gtsi/Téléchargements/argouml-0.34/ext/antlr-runtime-3.1.1.jar
7f742c6ea000-7f742c6f0000 r--s 0006b000 08:01 262962                     /home/gtsi/Téléchargements/argouml-0.34/ext/antlr-2.7.7.jar
7f742c6f0000-7f742c6f2000 r--s 0000b000 08:01 262960                     /home/gtsi/Téléchargements/argouml-0.34/ext/anarres-cpp-no-dependencies-1.2.3.jar
7f742c6f2000-7f742c6f4000 r--s 00007000 08:01 262959                     /home/gtsi/Téléchargements/argouml-0.34/commons-logging-1.0.2.jar
7f742c6f4000-7f742c6f6000 r--s 00007000 08:01 262958                     /home/gtsi/Téléchargements/argouml-0.34/batik-xml-1.7.jar
7f742c6f6000-7f742c6f9000 r--s 0001f000 08:01 262957                     /home/gtsi/Téléchargements/argouml-0.34/batik-util-1.7.jar
7f742c6f9000-7f742c6fe000 r--s 00034000 08:01 262956                     /home/gtsi/Téléchargements/argouml-0.34/batik-svggen-1.7.jar
7f742c6fe000-7f742c700000 r--s 00002000 08:01 262955                     /home/gtsi/Téléchargements/argouml-0.34/batik-ext-1.7.jar
7f742c700000-7f742c704000 r--s 0002a000 08:01 262954                     /home/gtsi/Téléchargements/argouml-0.34/batik-dom-1.7.jar
7f742c704000-7f742c70b000 r--s 00061000 08:01 262953                     /home/gtsi/Téléchargements/argouml-0.34/batik-awt-util-1.7.jar
7f742c70b000-7f742c710000 r--s 00074000 08:01 263002                     /home/gtsi/Téléchargements/argouml-0.34/openide-util.jar
7f742c710000-7f742c71a000 r--s 00145000 08:01 263000                     /home/gtsi/Téléchargements/argouml-0.34/nbmdr.jar
7f742c71a000-7f742c71b000 r--s 00005000 08:01 262995                     /home/gtsi/Téléchargements/argouml-0.34/jmi.jar
7f742c71b000-7f742c727000 r--s 00027000 08:01 262994                     /home/gtsi/Téléchargements/argouml-0.34/java-interfaces.jar
7f742c727000-7f742c72b000 r--s 0004f000 08:01 262946                     /home/gtsi/Téléchargements/argouml-0.34/argouml-mdr.jar
7f742c72b000-7f742c741000 r--s 002dc000 08:01 263018                     /home/gtsi/Téléchargements/argouml-0.34/org.eclipse.uml2.uml_3.1.1.v201008191505.jar
7f742c741000-7f742c742000 r--s 00036000 08:01 263017                     /home/gtsi/Téléchargements/argouml-0.34/org.eclipse.uml2.uml.resources_3.1.1.v201008191505.jar
7f742c742000-7f742c74f000 r--s 000ce000 08:01 263016                     /home/gtsi/Téléchargements/argouml-0.34/org.eclipse.uml2.uml.edit_3.1.0.v201005031530.jar
7f742c74f000-7f742c753000 r--s 0001b000 08:01 263015                     /home/gtsi/Téléchargements/argouml-0.34/org.eclipse.uml2.common_1.5.0.v201005031530.jar
7f742c753000-7f742c755000 r--s 00006000 08:01 263014                     /home/gtsi/Téléchargements/argouml-0.34/org.eclipse.uml2.common.edit_1.5.0.v201005031530.jar
7f742c755000-7f742c75a000 r--s 0002d000 08:01 263013                     /home/gtsi/Téléchargements/argouml-0.34/org.eclipse.emf.mapping_2.6.0.v20100914-1218.jar
7f742c75a000-7f742c75b000 r--s 00002000 08:01 263012                     /home/gtsi/Téléchargements/argouml-0.34/org.eclipse.emf.mapping.ecore_2.6.0.v20100914-1218.jar
7f742c75b000-7f742c75d000 r--s 0000d000 08:01 263010                     /home/gtsi/Téléchargements/argouml-0.34/org.eclipse.emf.mapping.ecore2xml_2.5.0.v20100521-1847.jar
7f742c75d000-7f742c76e000 r--s 00121000 08:01 263008                     /home/gtsi/Téléchargements/argouml-0.34/org.eclipse.emf.ecore_2.6.1.v20100914-1218.jar
7f742c76e000-7f742c772000 r--s 00041000 08:01 3027584                    /usr/lib/jvm/java-6-openjdk-common/jre/lib/jsse.jar
7f742c772000-7f742c7a5000 r--s 002c6000 08:01 262949                     /home/gtsi/Téléchargements/argouml-0.34/argouml.jar
7f742c7a5000-7f742c7a7000 r--s 0000f000 08:01 3285740                    /usr/lib/jvm/java-6-openjdk-common/jre/lib/ext/pulse-java.jar
7f742c7a7000-7f742c7ab000 r--s 00031000 08:01 3285742                    /usr/lib/jvm/java-6-openjdk-common/jre/lib/ext/sunjce_provider.jar
7f742c7ab000-7f742c7ae000 r--s 00078000 08:01 3285741                    /usr/lib/jvm/java-6-openjdk-common/jre/lib/ext/localedata.jar
7f742c7ae000-7f742c7b0000 r--s 00001000 08:01 3285743                    /usr/lib/jvm/java-6-openjdk-common/jre/lib/ext/dnsns.jar
7f742c7b0000-7f742c7b1000 r--s 00007000 08:01 3408709                    /usr/share/java/java-atk-wrapper.jar
7f742c7b1000-7f742c7b4000 r--s 0003a000 08:01 3285739                    /usr/lib/jvm/java-6-openjdk-common/jre/lib/ext/sunpkcs11.jar
7f742c7e7000-7f742c7e8000 ---p 00000000 00:00 0 
7f742c7e8000-7f742c8e8000 rw-p 00000000 00:00 0 
7f742c8e8000-7f742c8eb000 ---p 00000000 00:00 0 
7f742c8eb000-7f742c9e9000 rw-p 00000000 00:00 0 
7f742c9e9000-7f742c9ec000 ---p 00000000 00:00 0 
7f742c9ec000-7f742caea000 rw-p 00000000 00:00 0 
7f742caea000-7f742caed000 ---p 00000000 00:00 0 
7f742caed000-7f742cbeb000 rw-p 00000000 00:00 0 
7f742cbeb000-7f742cbee000 ---p 00000000 00:00 0 
7f742cbee000-7f742ccec000 rw-p 00000000 00:00 0 
7f742ccec000-7f742ce63000 r--p 00000000 08:01 2627943                    /usr/lib/locale/locale-archive
7f742ce63000-7f742ce66000 ---p 00000000 00:00 0 
7f742ce66000-7f742cf64000 rw-p 00000000 00:00 0 
7f742cf64000-7f742cf67000 ---p 00000000 00:00 0 
7f742cf67000-7f742d065000 rw-p 00000000 00:00 0 
7f742d065000-7f742d066000 ---p 00000000 00:00 0 
7f742d066000-7f742da6f000 rw-p 00000000 00:00 0 
7f742da6f000-7f742dc07000 r--s 01a26000 08:01 3540955                    /usr/lib/jvm/java-6-openjdk-amd64/jre/lib/rt.jar
7f742dc07000-7f742fc87000 rw-p 00000000 00:00 0 
7f742fc87000-7f742fc88000 ---p 00000000 00:00 0 
7f742fc88000-7f742fd88000 rw-p 00000000 00:00 0 
7f742fd88000-7f742fd89000 ---p 00000000 00:00 0 
7f742fd89000-7f742feb4000 rw-p 00000000 00:00 0 
7f742feb4000-7f742fedc000 rw-p 00000000 00:00 0 
7f742fedc000-7f742fefa000 rw-p 00000000 00:00 0 
7f742fefa000-7f742ffba000 rw-p 00000000 00:00 0 
7f742ffba000-7f742ffe5000 rw-p 00000000 00:00 0 
7f742ffe5000-7f743000d000 rw-p 00000000 00:00 0 
7f743000d000-7f743002b000 rw-p 00000000 00:00 0 
7f743002b000-7f74300eb000 rw-p 00000000 00:00 0 
7f74300eb000-7f7430133000 rw-p 00000000 00:00 0 
7f7430133000-7f743015a000 rw-p 00000000 00:00 0 
7f743015a000-7f743015b000 rw-p 00000000 00:00 0 
7f743015b000-7f74305bb000 rwxp 00000000 00:00 0 
7f74305bb000-7f743315b000 rw-p 00000000 00:00 0 
7f743315b000-7f7433162000 r-xp 00000000 08:01 3540990                    /usr/lib/jvm/java-6-openjdk-amd64/jre/lib/amd64/libzip.so
7f7433162000-7f7433361000 ---p 00007000 08:01 3540990                    /usr/lib/jvm/java-6-openjdk-amd64/jre/lib/amd64/libzip.so
7f7433361000-7f7433362000 rw-p 00006000 08:01 3540990                    /usr/lib/jvm/java-6-openjdk-amd64/jre/lib/amd64/libzip.so
7f7433362000-7f743336d000 r-xp 00000000 08:01 786438                     /lib/x86_64-linux-gnu/libnss_files-2.13.so
7f743336d000-7f743356c000 ---p 0000b000 08:01 786438                     /lib/x86_64-linux-gnu/libnss_files-2.13.so
7f743356c000-7f743356d000 r--p 0000a000 08:01 786438                     /lib/x86_64-linux-gnu/libnss_files-2.13.so
7f743356d000-7f743356e000 rw-p 0000b000 08:01 786438                     /lib/x86_64-linux-gnu/libnss_files-2.13.so
7f743356e000-7f7433578000 r-xp 00000000 08:01 786448                     /lib/x86_64-linux-gnu/libnss_nis-2.13.so
7f7433578000-7f7433777000 ---p 0000a000 08:01 786448                     /lib/x86_64-linux-gnu/libnss_nis-2.13.so
7f7433777000-7f7433778000 r--p 00009000 08:01 786448                     /lib/x86_64-linux-gnu/libnss_nis-2.13.so
7f7433778000-7f7433779000 rw-p 0000a000 08:01 786448                     /lib/x86_64-linux-gnu/libnss_nis-2.13.so
7f7433779000-7f7433780000 r-xp 00000000 08:01 786452                     /lib/x86_64-linux-gnu/libnss_compat-2.13.so
7f7433780000-7f743397f000 ---p 00007000 08:01 786452                     /lib/x86_64-linux-gnu/libnss_compat-2.13.so
7f743397f000-7f7433980000 r--p 00006000 08:01 786452                     /lib/x86_64-linux-gnu/libnss_compat-2.13.so
7f7433980000-7f7433981000 rw-p 00007000 08:01 786452                     /lib/x86_64-linux-gnu/libnss_compat-2.13.so
7f7433981000-7f7433996000 r-xp 00000000 08:01 786440                     /lib/x86_64-linux-gnu/libnsl-2.13.so
7f7433996000-7f7433b95000 ---p 00015000 08:01 786440                     /lib/x86_64-linux-gnu/libnsl-2.13.so
7f7433b95000-7f7433b96000 r--p 00014000 08:01 786440                     /lib/x86_64-linux-gnu/libnsl-2.13.so
7f7433b96000-7f7433b97000 rw-p 00015000 08:01 786440                     /lib/x86_64-linux-gnu/libnsl-2.13.so
7f7433b97000-7f7433b99000 rw-p 00000000 00:00 0 
7f7433b99000-7f7433bc7000 r-xp 00000000 08:01 3540986                    /usr/lib/jvm/java-6-openjdk-amd64/jre/lib/amd64/libjava.so
7f7433bc7000-7f7433dc6000 ---p 0002e000 08:01 3540986                    /usr/lib/jvm/java-6-openjdk-amd64/jre/lib/amd64/libjava.so
7f7433dc6000-7f7433dca000 rw-p 0002d000 08:01 3540986                    /usr/lib/jvm/java-6-openjdk-amd64/jre/lib/amd64/libjava.so
7f7433dca000-7f7433dd9000 r-xp 00000000 08:01 3540980                    /usr/lib/jvm/java-6-openjdk-amd64/jre/lib/amd64/libverify.so
7f7433dd9000-7f7433fd8000 ---p 0000f000 08:01 3540980                    /usr/lib/jvm/java-6-openjdk-amd64/jre/lib/amd64/libverify.so
7f7433fd8000-7f7433fda000 rw-p 0000e000 08:01 3540980                    /usr/lib/jvm/java-6-openjdk-amd64/jre/lib/amd64/libverify.so
7f7433fda000-7f7433fe1000 r-xp 00000000 08:01 786457                     /lib/x86_64-linux-gnu/librt-2.13.so
7f7433fe1000-7f74341e0000 ---p 00007000 08:01 786457                     /lib/x86_64-linux-gnu/librt-2.13.so
7f74341e0000-7f74341e1000 r--p 00006000 08:01 786457                     /lib/x86_64-linux-gnu/librt-2.13.so
7f74341e1000-7f74341e2000 rw-p 00007000 08:01 786457                     /lib/x86_64-linux-gnu/librt-2.13.so
7f74341e2000-7f74341f7000 r-xp 00000000 08:01 786436                     /lib/x86_64-linux-gnu/libgcc_s.so.1
7f74341f7000-7f74343f7000 ---p 00015000 08:01 786436                     /lib/x86_64-linux-gnu/libgcc_s.so.1
7f74343f7000-7f74343f8000 rw-p 00015000 08:01 786436                     /lib/x86_64-linux-gnu/libgcc_s.so.1
7f74343f8000-7f7434479000 r-xp 00000000 08:01 786437                     /lib/x86_64-linux-gnu/libm-2.13.so
7f7434479000-7f7434678000 ---p 00081000 08:01 786437                     /lib/x86_64-linux-gnu/libm-2.13.so
7f7434678000-7f7434679000 r--p 00080000 08:01 786437                     /lib/x86_64-linux-gnu/libm-2.13.so
7f7434679000-7f743467a000 rw-p 00081000 08:01 786437                     /lib/x86_64-linux-gnu/libm-2.13.so
7f743467a000-7f7434762000 r-xp 00000000 08:01 2625327                    /usr/lib/x86_64-linux-gnu/libstdc++.so.6.0.17
7f7434762000-7f7434962000 ---p 000e8000 08:01 2625327                    /usr/lib/x86_64-linux-gnu/libstdc++.so.6.0.17
7f7434962000-7f743496a000 r--p 000e8000 08:01 2625327                    /usr/lib/x86_64-linux-gnu/libstdc++.so.6.0.17
7f743496a000-7f743496c000 rw-p 000f0000 08:01 2625327                    /usr/lib/x86_64-linux-gnu/libstdc++.so.6.0.17
7f743496c000-7f7434981000 rw-p 00000000 00:00 0 
7f7434981000-7f7435374000 r-xp 00000000 08:01 3540973                    /usr/lib/jvm/java-6-openjdk-amd64/jre/lib/amd64/server/libjvm.so
7f7435374000-7f7435573000 ---p 009f3000 08:01 3540973                    /usr/lib/jvm/java-6-openjdk-amd64/jre/lib/amd64/server/libjvm.so
7f7435573000-7f7435615000 rw-p 009f2000 08:01 3540973                    /usr/lib/jvm/java-6-openjdk-amd64/jre/lib/amd64/server/libjvm.so
7f7435615000-7f743563f000 rw-p 00000000 00:00 0 
7f743563f000-7f74357c0000 r-xp 00000000 08:01 786443                     /lib/x86_64-linux-gnu/libc-2.13.so
7f74357c0000-7f74359c0000 ---p 00181000 08:01 786443                     /lib/x86_64-linux-gnu/libc-2.13.so
7f74359c0000-7f74359c4000 r--p 00181000 08:01 786443                     /lib/x86_64-linux-gnu/libc-2.13.so
7f74359c4000-7f74359c5000 rw-p 00185000 08:01 786443                     /lib/x86_64-linux-gnu/libc-2.13.so
7f74359c5000-7f74359ca000 rw-p 00000000 00:00 0 
7f74359ca000-7f74359cc000 r-xp 00000000 08:01 786449                     /lib/x86_64-linux-gnu/libdl-2.13.so
7f74359cc000-7f7435bcc000 ---p 00002000 08:01 786449                     /lib/x86_64-linux-gnu/libdl-2.13.so
7f7435bcc000-7f7435bcd000 r--p 00002000 08:01 786449                     /lib/x86_64-linux-gnu/libdl-2.13.so
7f7435bcd000-7f7435bce000 rw-p 00003000 08:01 786449                     /lib/x86_64-linux-gnu/libdl-2.13.so
7f7435bce000-7f7435bd2000 r-xp 00000000 08:01 3541001                    /usr/lib/jvm/java-6-openjdk-amd64/jre/lib/amd64/jli/libjli.so
7f7435bd2000-7f7435dd1000 ---p 00004000 08:01 3541001                    /usr/lib/jvm/java-6-openjdk-amd64/jre/lib/amd64/jli/libjli.so
7f7435dd1000-7f7435dd2000 rw-p 00003000 08:01 3541001                    /usr/lib/jvm/java-6-openjdk-amd64/jre/lib/amd64/jli/libjli.so
7f7435dd2000-7f7435de9000 r-xp 00000000 08:01 786458                     /lib/x86_64-linux-gnu/libpthread-2.13.so
7f7435de9000-7f7435fe8000 ---p 00017000 08:01 786458                     /lib/x86_64-linux-gnu/libpthread-2.13.so
7f7435fe8000-7f7435fe9000 r--p 00016000 08:01 786458                     /lib/x86_64-linux-gnu/libpthread-2.13.so
7f7435fe9000-7f7435fea000 rw-p 00017000 08:01 786458                     /lib/x86_64-linux-gnu/libpthread-2.13.so
7f7435fea000-7f7435fee000 rw-p 00000000 00:00 0 
7f7435fee000-7f7436004000 r-xp 00000000 08:01 786522                     /lib/x86_64-linux-gnu/libz.so.1.2.7
7f7436004000-7f7436203000 ---p 00016000 08:01 786522                     /lib/x86_64-linux-gnu/libz.so.1.2.7
7f7436203000-7f7436204000 r--p 00015000 08:01 786522                     /lib/x86_64-linux-gnu/libz.so.1.2.7
7f7436204000-7f7436205000 rw-p 00016000 08:01 786522                     /lib/x86_64-linux-gnu/libz.so.1.2.7
7f7436205000-7f7436225000 r-xp 00000000 08:01 786455                     /lib/x86_64-linux-gnu/ld-2.13.so
7f7436225000-7f7436226000 r--s 00000000 08:01 4199012                    /var/cache/fontconfig/62f91419b9ebdb6975e7e41ab6412357-le64.cache-3
7f7436226000-7f743622a000 r--s 00033000 08:01 263007                     /home/gtsi/Téléchargements/argouml-0.34/org.eclipse.emf.ecore.xmi_2.5.0.v20100521-1846.jar
7f743622a000-7f743622e000 r--s 0001c000 08:01 263006                     /home/gtsi/Téléchargements/argouml-0.34/org.eclipse.emf.ecore.edit_2.6.0.v20100914-1218.jar
7f743622e000-7f7436230000 r--s 00018000 08:01 263005                     /home/gtsi/Téléchargements/argouml-0.34/org.eclipse.emf.ecore.change_2.5.1.v20100907-1643.jar
7f7436230000-7f7436231000 r--s 00007000 08:01 263004                     /home/gtsi/Téléchargements/argouml-0.34/org.eclipse.emf.ecore.change.edit_2.5.0.v20100521-1846.jar
7f7436231000-7f7436236000 r--s 00031000 08:01 263003                     /home/gtsi/Téléchargements/argouml-0.34/org.eclipse.emf.common_2.6.0.v20100914-1218.jar
7f7436236000-7f7436238000 r--s 0001f000 08:01 262978                     /home/gtsi/Téléchargements/argouml-0.34/ext/argouml-i18n-zh.jar
7f7436238000-7f7436239000 r--s 0000d000 08:01 262974                     /home/gtsi/Téléchargements/argouml-0.34/ext/argouml-i18n-nb.jar
7f7436239000-7f743623c000 r--s 0000f000 08:01 262947                     /home/gtsi/Téléchargements/argouml-0.34/argouml-model.jar
7f743623c000-7f7436240000 r--s 00031000 08:01 262945                     /home/gtsi/Téléchargements/argouml-0.34/argouml-euml.jar
7f7436240000-7f7436246000 r--s 0006b000 08:01 262943                     /home/gtsi/Téléchargements/argouml-0.34/antlr-2.7.7.jar
7f7436246000-7f7436258000 rw-p 00000000 00:00 0 
7f7436258000-7f7436306000 rw-p 00000000 00:00 0 
7f7436306000-7f7436309000 ---p 00000000 00:00 0 
7f7436309000-7f743640c000 rw-p 00000000 00:00 0 
7f743640c000-7f7436411000 r--s 0003e000 08:01 263009                     /home/gtsi/Téléchargements/argouml-0.34/org.eclipse.emf.edit_2.6.0.v20100914-1218.jar
7f7436411000-7f7436418000 r--s 00054000 08:01 3027575                    /usr/lib/jvm/java-6-openjdk-common/jre/lib/resources.jar
7f7436418000-7f7436420000 rw-s 00000000 08:01 3938960                    /tmp/hsperfdata_root/17770
7f7436420000-7f7436421000 rw-p 00000000 00:00 0 
7f7436421000-7f7436422000 r--p 00000000 00:00 0 
7f7436422000-7f7436424000 rw-p 00000000 00:00 0 
7f7436424000-7f7436425000 r--p 0001f000 08:01 786455                     /lib/x86_64-linux-gnu/ld-2.13.so
7f7436425000-7f7436426000 rw-p 00020000 08:01 786455                     /lib/x86_64-linux-gnu/ld-2.13.so
7f7436426000-7f7436427000 rw-p 00000000 00:00 0 
7ffc2736a000-7ffc2739f000 rw-p 00000000 00:00 0                          [stack]
7ffc273a1000-7ffc273a2000 r-xp 00000000 00:00 0                          [vdso]
ffffffffff600000-ffffffffff601000 r-xp 00000000 00:00 0                  [vsyscall]

VM Arguments:
java_command: argouml.jar
Launcher Type: SUN_STANDARD

Environment Variables:
PATH=/usr/local/sbin:/usr/local/bin:/usr/sbin:/usr/bin:/sbin:/bin
USERNAME=gtsi
LD_LIBRARY_PATH=/usr/lib/jvm/java-6-openjdk-amd64/jre/lib/amd64/server:/usr/lib/jvm/java-6-openjdk-amd64/jre/lib/amd64:/usr/lib/jvm/java-6-openjdk-amd64/jre/../lib/amd64
SHELL=/bin/bash
DISPLAY=:0

Signal Handlers:
SIGSEGV: [libjvm.so+0x851210], sa_mask[0]=0x7ffbfeff, sa_flags=0x10000004
SIGBUS: [libjvm.so+0x851210], sa_mask[0]=0x7ffbfeff, sa_flags=0x10000004
SIGFPE: [libjvm.so+0x6f22d0], sa_mask[0]=0x7ffbfeff, sa_flags=0x10000004
SIGPIPE: [libjvm.so+0x6f22d0], sa_mask[0]=0x7ffbfeff, sa_flags=0x10000004
SIGXFSZ: [libjvm.so+0x6f22d0], sa_mask[0]=0x7ffbfeff, sa_flags=0x10000004
SIGILL: [libjvm.so+0x6f22d0], sa_mask[0]=0x7ffbfeff, sa_flags=0x10000004
SIGUSR1: SIG_DFL, sa_mask[0]=0x00000000, sa_flags=0x00000000
SIGUSR2: [libjvm.so+0x6f2680], sa_mask[0]=0x00000000, sa_flags=0x10000004
SIGHUP: [libjvm.so+0x6f27c0], sa_mask[0]=0x7ffbfeff, sa_flags=0x10000004
SIGINT: [libjvm.so+0x6f27c0], sa_mask[0]=0x7ffbfeff, sa_flags=0x10000004
SIGTERM: [libjvm.so+0x6f27c0], sa_mask[0]=0x7ffbfeff, sa_flags=0x10000004
SIGQUIT: [libjvm.so+0x6f27c0], sa_mask[0]=0x7ffbfeff, sa_flags=0x10000004


---------------  S Y S T E M  ---------------

OS:7.9

uname:Linux 3.2.0-4-amd64 #1 SMP Debian 3.2.68-1+deb7u6 x86_64
libc:glibc 2.13 NPTL 2.13 
rlimit: STACK 8192k, CORE 0k, NPROC 16006, NOFILE 4096, AS infinity
load average:0.17 0.20 0.14

/proc/meminfo:
MemTotal:        2060932 kB
MemFree:          399964 kB
Buffers:          116720 kB
Cached:           748212 kB
SwapCached:            0 kB
Active:          1075344 kB
Inactive:         437880 kB
Active(anon):     649032 kB
Inactive(anon):     5776 kB
Active(file):     426312 kB
Inactive(file):   432104 kB
Unevictable:           0 kB
Mlocked:               0 kB
SwapTotal:       2988028 kB
SwapFree:        2988028 kB
Dirty:                24 kB
Writeback:             0 kB
AnonPages:        648272 kB
Mapped:           193868 kB
Shmem:              6520 kB
Slab:              66960 kB
SReclaimable:      48648 kB
SUnreclaim:        18312 kB
KernelStack:        2680 kB
PageTables:        18108 kB
NFS_Unstable:          0 kB
Bounce:                0 kB
WritebackTmp:          0 kB
CommitLimit:     4018492 kB
Committed_AS:    2127404 kB
VmallocTotal:   34359738367 kB
VmallocUsed:      306340 kB
VmallocChunk:   34359423484 kB
HardwareCorrupted:     0 kB
AnonHugePages:         0 kB
HugePages_Total:       0
HugePages_Free:        0
HugePages_Rsvd:        0
HugePages_Surp:        0
Hugepagesize:       2048 kB
DirectMap4k:      100308 kB
DirectMap2M:     1996800 kB


CPU:total 2 (1 cores per cpu, 2 threads per core) family 15 model 4 stepping 1, cmov, cx8, fxsr, mmx, sse, sse2, sse3, ht, tsc

/proc/cpuinfo:
processor	: 0
vendor_id	: GenuineIntel
cpu family	: 15
model		: 4
model name	: Intel(R) Xeon(TM) CPU 3.60GHz
stepping	: 1
microcode	: 0xd
cpu MHz		: 3600.050
cache size	: 1024 KB
physical id	: 0
siblings	: 2
core id		: 0
cpu cores	: 1
apicid		: 0
initial apicid	: 0
fpu		: yes
fpu_exception	: yes
cpuid level	: 5
wp		: yes
flags		: fpu vme de pse tsc msr pae mce cx8 apic sep mtrr pge mca cmov pat pse36 clflush dts acpi mmx fxsr sse sse2 ss ht tm pbe syscall nx lm constant_tsc pebs bts nopl pni dtes64 monitor ds_cpl est tm2 cid cx16 xtpr
bogomips	: 7200.10
clflush size	: 64
cache_alignment	: 128
address sizes	: 36 bits physical, 48 bits virtual
power management:

processor	: 1
vendor_id	: GenuineIntel
cpu family	: 15
model		: 4
model name	: Intel(R) Xeon(TM) CPU 3.60GHz
stepping	: 1
microcode	: 0xd
cpu MHz		: 3600.050
cache size	: 1024 KB
physical id	: 0
siblings	: 2
core id		: 0
cpu cores	: 1
apicid		: 1
initial apicid	: 1
fpu		: yes
fpu_exception	: yes
cpuid level	: 5
wp		: yes
flags		: fpu vme de pse tsc msr pae mce cx8 apic sep mtrr pge mca cmov pat pse36 clflush dts acpi mmx fxsr sse sse2 ss ht tm pbe syscall nx lm constant_tsc pebs bts nopl pni dtes64 monitor ds_cpl est tm2 cid cx16 xtpr
bogomips	: 7200.66
clflush size	: 64
cache_alignment	: 128
address sizes	: 36 bits physical, 48 bits virtual
power management:



Memory: 4k page, physical 2060932k(399964k free), swap 2988028k(2988028k free)

vm_info: OpenJDK 64-Bit Server VM (23.25-b01) for linux-amd64 JRE (1.6.0_36-b36), built on Aug 19 2015 15:28:06 by "jmm" with gcc 4.7.2

time: Mon Dec  7 16:52:51 2015
elapsed time: 525 seconds

