#
# A fatal error has been detected by the Java Runtime Environment:
#
#  SIGSEGV (0xb) at pc=0x00007f557f5fd73f, pid=17414, tid=140005072602880
#
# JRE version: 6.0_36-b36
# Java VM: OpenJDK 64-Bit Server VM (23.25-b01 mixed mode linux-amd64 compressed oops)
# Derivative: IcedTea6 1.13.8
# Distribution: Debian GNU/Linux 7.8 (wheezy), package 6b36-1.13.8-1~deb7u1
# Problematic frame:
# J  java.awt.Container.dispatchEventImpl(Ljava/awt/AWTEvent;)V
#
# Failed to write core dump. Core dumps have been disabled. To enable core dumping, try "ulimit -c unlimited" before starting Java again
#
# If you would like to submit a bug report, please include
# instructions how to reproduce the bug and visit:
#   http://icedtea.classpath.org/bugzilla
#

---------------  T H R E A D  ---------------

Current thread (0x0000000002607000):  JavaThread "AWT-EventQueue-1" [_thread_in_Java, id=17431, stack(0x00007f55788e8000,0x00007f55789e9000)]

siginfo:si_signo=SIGSEGV: si_errno=0, si_code=1 (SEGV_MAPERR), si_addr=0x0000000000000008

Registers:
RAX=0x0000000000000000, RBX=0x0000000000000000, RCX=0x00000000d6a65148, RDX=0x0000000000000001
RSP=0x00007f55789e6940, RBP=0x0000000000000000, RSI=0x00000000d6a64e50, RDI=0x00007f557f5fd6f0
R8 =0x00000000d6a65148, R9 =0x00000000d6989740, R10=0x00000000f349de40, R11=0x0000000000000000
R12=0x0000000000000000, R13=0x00000000cc0bb510, R14=0x00007f55789e6938, R15=0x0000000002607000
RIP=0x00007f557f5fd73f, EFLAGS=0x0000000000010246, CSGSFS=0x0000000000000033, ERR=0x0000000000000004
  TRAPNO=0x000000000000000e

Top of Stack: (sp=0x00007f55789e6940)
0x00007f55789e6940:   cc99b82800000000 00000000d6989740
0x00007f55789e6950:   00000000d721e0b0 00000000f349df08
0x00007f55789e6960:   d6a64e5000000001 00000000d6870030
0x00007f55789e6970:   00000000d6a64e50 00007f556c3547c0
0x00007f55789e6980:   00007f556c354828 00000000d6a8bf48
0x00007f55789e6990:   00007f55789e6ac0 0000000002607000
0x00007f55789e69a0:   0000000000000001 00007f55789e6ac0
0x00007f55789e69b0:   00007f55789e6a18 00007f557f147e9a
0x00007f55789e69c0:   00007f557f147e9a 00000000f349df08
0x00007f55789e69d0:   00000000d721e0b0 00007f55789e69d8
0x00007f55789e69e0:   00000000cc4690d3 00007f55789e6a30
0x00007f55789e69f0:   00000000cc6d60f0 00000000ce89d748
0x00007f55789e6a00:   00000000cc469100 00007f55789e69c8
0x00007f55789e6a10:   00007f55789e6a40 00007f55789e6b00
0x00007f55789e6a20:   00007f557f4ce828 00000000f349df08
0x00007f55789e6a30:   00000000d721e0b0 00007f557f4ce828
0x00007f55789e6a40:   cc99b828f349df08 00000000cc715440
0x00007f55789e6a50:   00000000cc99b828 00000000f349df08
0x00007f55789e6a60:   00007f5574263af0 00007f5584622e80
0x00007f55789e6a70:   00000000026071d8 00007f5574263b00
0x00007f55789e6a80:   00007f55789e6b00 00007f557f1424f7
0x00007f55789e6a90:   00007f557f1424f7 00000000f30d2e18
0x00007f55789e6aa0:   00007f5500001fa0 00007f5574263af8
0x00007f55789e6ab0:   00007f55789e6c10 00007f55789e6c40
0x00007f55789e6ac0:   0000000002607000 00007f5574263b00
0x00007f55789e6ad0:   00007f55789e6b60 00007f55789e6c18
0x00007f55789e6ae0:   000000000000000c 00000000ccc5f1c8
0x00007f55789e6af0:   00007f557f17aa20 00007f55789e6c48
0x00007f55789e6b00:   00007f55789e6bd0 00007f5583e8ef8e
0x00007f55789e6b10:   00007f5500000001 0000000002607000
0x00007f55789e6b20:   00007f557f17aa20 010000000000000c
0x00007f55789e6b30:   0000000002607000 0000000002602670 

Instructions: (pc=0x00007f557f5fd73f)
0x00007f557f5fd71f:   16 44 8b 5d 14 45 85 db 74 0d 45 8b 43 0c 45 85
0x00007f557f5fd72f:   c0 0f 85 c3 11 00 00 90 e8 84 41 db ff 48 8b e8
0x00007f557f5fd73f:   44 8b 58 08 4d 8b 43 68 49 ba 10 30 b9 cc 00 00
0x00007f557f5fd74f:   00 00 4d 3b c2 0f 85 9a 02 00 00 41 81 fb 40 50 

Register to memory mapping:

RAX=0x0000000000000000 is an unknown value
RBX=0x0000000000000000 is an unknown value
RCX=0x00000000d6a65148 is an oop
java.awt.EventDispatchThread 
 - klass: 'java/awt/EventDispatchThread'
RDX=0x0000000000000001 is an unknown value
RSP=0x00007f55789e6940 is pointing into the stack for thread: 0x0000000002607000
RBP=0x0000000000000000 is an unknown value
RSI=0x00000000d6a64e50 is an oop
sun.misc.Unsafe 
 - klass: 'sun/misc/Unsafe'
RDI=0x00007f557f5fab50 [CodeBlob (0x00007f557f5fab50)]
Framesize: 16
R8 =0x00000000d6a65148 is an oop
java.awt.EventDispatchThread 
 - klass: 'java/awt/EventDispatchThread'
R9 =0x00000000d6989740 is an oop
java.util.concurrent.locks.ReentrantLock$NonfairSync 
 - klass: 'java/util/concurrent/locks/ReentrantLock$NonfairSync'
R10=0x00000000f349de40 is an oop
java.util.concurrent.locks.AbstractQueuedSynchronizer$Node 
 - klass: 'java/util/concurrent/locks/AbstractQueuedSynchronizer$Node'
R11=0x0000000000000000 is an unknown value
R12=0x0000000000000000 is an unknown value
R13=0x00000000cc0bb510 is an oop
{method} 
 - klass: {other class}
R14=0x00007f55789e6938 is pointing into the stack for thread: 0x0000000002607000
R15=0x0000000002607000 is a thread


Stack: [0x00007f55788e8000,0x00007f55789e9000],  sp=0x00007f55789e6940,  free space=1018k
Native frames: (J=compiled Java code, j=interpreted, Vv=VM code, C=native code)
J  java.awt.Container.dispatchEventImpl(Ljava/awt/AWTEvent;)V

[error occurred during error reporting (printing native stack), id 0xb]


---------------  P R O C E S S  ---------------

Java Threads: ( => current thread )
  0x000000000209f000 JavaThread "CritiquingThread" daemon [_thread_blocked, id=17439, stack(0x00007f5578478000,0x00007f5578579000)]
  0x0000000001b41000 JavaThread "DestroyJavaVM" [_thread_blocked, id=17415, stack(0x00007f55852ed000,0x00007f55853ee000)]
  0x00007f556c18d800 JavaThread "TimerQueue" daemon [_thread_blocked, id=17436, stack(0x00007f5578579000,0x00007f557867a000)]
  0x0000000002117800 JavaThread "Argo-ToDoValidityCheckingThread" daemon [_thread_blocked, id=17435, stack(0x00007f5578f0e000,0x00007f557900f000)]
  0x0000000002664800 JavaThread "MDR event dispatcher" daemon [_thread_blocked, id=17433, stack(0x00007f557867a000,0x00007f557877b000)]
  0x0000000002630800 JavaThread "Active Reference Queue Daemon" daemon [_thread_blocked, id=17432, stack(0x00007f557877b000,0x00007f557887c000)]
=>0x0000000002607000 JavaThread "AWT-EventQueue-1" [_thread_in_Java, id=17431, stack(0x00007f55788e8000,0x00007f55789e9000)]
  0x00000000025ff800 JavaThread "AWT-Shutdown" [_thread_blocked, id=17430, stack(0x00007f55789e9000,0x00007f5578aea000)]
  0x00000000024f6000 JavaThread "AWT-XAWT" daemon [_thread_in_native, id=17427, stack(0x00007f5579412000,0x00007f5579513000)]
  0x0000000002448000 JavaThread "Java2D Disposer" daemon [_thread_blocked, id=17426, stack(0x00007f5579780000,0x00007f5579881000)]
  0x00007f557405b800 JavaThread "Low Memory Detector" daemon [_thread_blocked, id=17424, stack(0x00007f557b8cf000,0x00007f557b9d0000)]
  0x00007f5574059000 JavaThread "C2 CompilerThread1" daemon [_thread_blocked, id=17423, stack(0x00007f557b9d0000,0x00007f557bad1000)]
  0x00007f5574056000 JavaThread "C2 CompilerThread0" daemon [_thread_blocked, id=17422, stack(0x00007f557bad1000,0x00007f557bbd2000)]
  0x00007f5574053800 JavaThread "Signal Dispatcher" daemon [_thread_blocked, id=17421, stack(0x00007f557bbd2000,0x00007f557bcd3000)]
  0x00007f5574001000 JavaThread "Finalizer" daemon [_thread_blocked, id=17420, stack(0x00007f557be4a000,0x00007f557bf4b000)]
  0x0000000001c91800 JavaThread "Reference Handler" daemon [_thread_blocked, id=17419, stack(0x00007f557bf4b000,0x00007f557c04c000)]

Other Threads:
  0x0000000001c82000 VMThread [stack: 0x00007f557c04c000,0x00007f557c14d000] [id=17418]
  0x00007f557405e800 WatcherThread [stack: 0x00007f557b7ce000,0x00007f557b8cf000] [id=17425]

VM state:not at safepoint (normal execution)

VM Mutex/Monitor currently owned by a thread: None

Heap
 PSYoungGen      total 94848K, used 23070K [0x00000000f2200000, 0x00000000f9820000, 0x0000000100000000)
  eden space 91264K, 21% used [0x00000000f2200000,0x00000000f3509868,0x00000000f7b20000)
  from space 3584K, 99% used [0x00000000f8440000,0x00000000f87be180,0x00000000f87c0000)
  to   space 11072K, 0% used [0x00000000f8d50000,0x00000000f8d50000,0x00000000f9820000)
 ParOldGen       total 55808K, used 25200K [0x00000000d6600000, 0x00000000d9c80000, 0x00000000f2200000)
  object space 55808K, 45% used [0x00000000d6600000,0x00000000d7e9c240,0x00000000d9c80000)
 PSPermGen       total 86464K, used 42280K [0x00000000cc000000, 0x00000000d1470000, 0x00000000d6600000)
  object space 86464K, 48% used [0x00000000cc000000,0x00000000ce94a3b8,0x00000000d1470000)

Card table byte_map: [0x00007f557efa1000,0x00007f557f142000] byte_map_base: 0x00007f557e941000

Polling page: 0x00007f5585408000

Code Cache  [0x00007f557f142000, 0x00007f557f622000, 0x00007f5582142000)
 total_blobs=2241 nmethods=1673 adapters=519 free_code_cache=44346Kb largest_free_block=45258560

Compilation events (10 events):
Event: 7494.593 Thread 0x00007f5574056000 1836             org.tigris.gef.base.SelectionManager::findSelectionAt (60 bytes)
Event: 7494.608 Thread 0x00007f5574056000 nmethod 1836 0x00007f557f4c85d0 code [0x00007f557f4c8780, 0x00007f557f4c8bf8]
Event: 7521.923 Thread 0x00007f5574059000 1837   !         org.argouml.uml.cognitive.critics.CrUML::expand (203 bytes)
Event: 7522.247 Thread 0x00007f5574059000 nmethod 1837 0x00007f557f5e6cd0 code [0x00007f557f5e7580, 0x00007f557f5ebaf8]
Event: 7530.135 Thread 0x00007f5574056000 1838             org.tigris.gef.presentation.FigText::paint (535 bytes)
Event: 7530.345 Thread 0x00007f5574056000 nmethod 1838 0x00007f557f5bf4d0 code [0x00007f557f5bfa20, 0x00007f557f5c2500]
Event: 7541.025 Thread 0x00007f5574059000 1839   !         org.omg.uml.behavioralelements.statemachines.Transition$Impl::getSource (49 bytes)
Event: 7541.031 Thread 0x00007f5574059000 nmethod 1839 0x00007f557f51a890 code [0x00007f557f51aa20, 0x00007f557f51abf0]
Event: 7559.622 Thread 0x00007f5574056000 1840   !         java.awt.Container::dispatchEventImpl (129 bytes)
Event: 7560.505 Thread 0x00007f5574056000 nmethod 1840 0x00007f557f5fab50 code [0x00007f557f5fbd40, 0x00007f557f603af0]

GC Heap History (10 events):
Event: 6987.229 GC heap before
{Heap before GC invocations=13 (full 1):
 PSYoungGen      total 88512K, used 88510K [0x00000000f2200000, 0x00000000fa3b0000, 0x0000000100000000)
  eden space 86976K, 100% used [0x00000000f2200000,0x00000000f76f0000,0x00000000f76f0000)
  from space 1536K, 99% used [0x00000000f9300000,0x00000000f947f968,0x00000000f9480000)
  to   space 9472K, 0% used [0x00000000f9a70000,0x00000000f9a70000,0x00000000fa3b0000)
 ParOldGen       total 39040K, used 25115K [0x00000000d6600000, 0x00000000d8c20000, 0x00000000f2200000)
  object space 39040K, 64% used [0x00000000d6600000,0x00000000d7e86e60,0x00000000d8c20000)
 PSPermGen       total 73664K, used 41545K [0x00000000cc000000, 0x00000000d07f0000, 0x00000000d6600000)
  object space 73664K, 56% used [0x00000000cc000000,0x00000000ce8926d0,0x00000000d07f0000)
Event: 6987.262 GC heap after
Heap after GC invocations=13 (full 1):
 PSYoungGen      total 91904K, used 8580K [0x00000000f2200000, 0x00000000fa2e0000, 0x0000000100000000)
  eden space 83264K, 0% used [0x00000000f2200000,0x00000000f2200000,0x00000000f7350000)
  from space 8640K, 99% used [0x00000000f9a70000,0x00000000fa2d1178,0x00000000fa2e0000)
  to   space 10432K, 0% used [0x00000000f8e80000,0x00000000f8e80000,0x00000000f98b0000)
 ParOldGen       total 39040K, used 29446K [0x00000000d6600000, 0x00000000d8c20000, 0x00000000f2200000)
  object space 39040K, 75% used [0x00000000d6600000,0x00000000d82c1b30,0x00000000d8c20000)
 PSPermGen       total 73664K, used 41545K [0x00000000cc000000, 0x00000000d07f0000, 0x00000000d6600000)
  object space 73664K, 56% used [0x00000000cc000000,0x00000000ce8926d0,0x00000000d07f0000)
}
Event: 7202.526 GC heap before
{Heap before GC invocations=14 (full 1):
 PSYoungGen      total 91904K, used 91677K [0x00000000f2200000, 0x00000000fa2e0000, 0x0000000100000000)
  eden space 83264K, 99% used [0x00000000f2200000,0x00000000f7326470,0x00000000f7350000)
  from space 8640K, 99% used [0x00000000f9a70000,0x00000000fa2d1178,0x00000000fa2e0000)
  to   space 10432K, 0% used [0x00000000f8e80000,0x00000000f8e80000,0x00000000f98b0000)
 ParOldGen       total 39040K, used 29446K [0x00000000d6600000, 0x00000000d8c20000, 0x00000000f2200000)
  object space 39040K, 75% used [0x00000000d6600000,0x00000000d82c1b30,0x00000000d8c20000)
 PSPermGen       total 73664K, used 41847K [0x00000000cc000000, 0x00000000d07f0000, 0x00000000d6600000)
  object space 73664K, 56% used [0x00000000cc000000,0x00000000ce8ddf40,0x00000000d07f0000)
Event: 7202.562 GC heap after
Heap after GC invocations=14 (full 1):
 PSYoungGen      total 89472K, used 9730K [0x00000000f2200000, 0x00000000f9a80000, 0x0000000100000000)
  eden space 79680K, 0% used [0x00000000f2200000,0x00000000f2200000,0x00000000f6fd0000)
  from space 9792K, 99% used [0x00000000f8e80000,0x00000000f9800900,0x00000000f9810000)
  to   space 2496K, 0% used [0x00000000f9810000,0x00000000f9810000,0x00000000f9a80000)
 ParOldGen       total 39040K, used 33788K [0x00000000d6600000, 0x00000000d8c20000, 0x00000000f2200000)
  object space 39040K, 86% used [0x00000000d6600000,0x00000000d86ff0d0,0x00000000d8c20000)
 PSPermGen       total 73664K, used 41847K [0x00000000cc000000, 0x00000000d07f0000, 0x00000000d6600000)
  object space 73664K, 56% used [0x00000000cc000000,0x00000000ce8ddf40,0x00000000d07f0000)
}
Event: 7202.562 GC heap before
{Heap before GC invocations=15 (full 2):
 PSYoungGen      total 89472K, used 9730K [0x00000000f2200000, 0x00000000f9a80000, 0x0000000100000000)
  eden space 79680K, 0% used [0x00000000f2200000,0x00000000f2200000,0x00000000f6fd0000)
  from space 9792K, 99% used [0x00000000f8e80000,0x00000000f9800900,0x00000000f9810000)
  to   space 2496K, 0% used [0x00000000f9810000,0x00000000f9810000,0x00000000f9a80000)
 ParOldGen       total 39040K, used 33788K [0x00000000d6600000, 0x00000000d8c20000, 0x00000000f2200000)
  object space 39040K, 86% used [0x00000000d6600000,0x00000000d86ff0d0,0x00000000d8c20000)
 PSPermGen       total 73664K, used 41847K [0x00000000cc000000, 0x00000000d07f0000, 0x00000000d6600000)
  object space 73664K, 56% used [0x00000000cc000000,0x00000000ce8ddf40,0x00000000d07f0000)
Event: 7202.924 GC heap after
Heap after GC invocations=15 (full 2):
 PSYoungGen      total 89472K, used 0K [0x00000000f2200000, 0x00000000f9a80000, 0x0000000100000000)
  eden space 79680K, 0% used [0x00000000f2200000,0x00000000f2200000,0x00000000f6fd0000)
  from space 9792K, 0% used [0x00000000f8e80000,0x00000000f8e80000,0x00000000f9810000)
  to   space 2496K, 0% used [0x00000000f9810000,0x00000000f9810000,0x00000000f9a80000)
 ParOldGen       total 55808K, used 24328K [0x00000000d6600000, 0x00000000d9c80000, 0x00000000f2200000)
  object space 55808K, 43% used [0x00000000d6600000,0x00000000d7dc2240,0x00000000d9c80000)
 PSPermGen       total 86464K, used 41779K [0x00000000cc000000, 0x00000000d1470000, 0x00000000d6600000)
  object space 86464K, 48% used [0x00000000cc000000,0x00000000ce8ccf28,0x00000000d1470000)
}
Event: 7345.159 GC heap before
{Heap before GC invocations=16 (full 2):
 PSYoungGen      total 89472K, used 79468K [0x00000000f2200000, 0x00000000f9a80000, 0x0000000100000000)
  eden space 79680K, 99% used [0x00000000f2200000,0x00000000f6f9b170,0x00000000f6fd0000)
  from space 9792K, 0% used [0x00000000f8e80000,0x00000000f8e80000,0x00000000f9810000)
  to   space 2496K, 0% used [0x00000000f9810000,0x00000000f9810000,0x00000000f9a80000)
 ParOldGen       total 55808K, used 24328K [0x00000000d6600000, 0x00000000d9c80000, 0x00000000f2200000)
  object space 55808K, 43% used [0x00000000d6600000,0x00000000d7dc2240,0x00000000d9c80000)
 PSPermGen       total 86464K, used 42183K [0x00000000cc000000, 0x00000000d1470000, 0x00000000d6600000)
  object space 86464K, 48% used [0x00000000cc000000,0x00000000ce931f38,0x00000000d1470000)
Event: 7345.175 GC heap after
Heap after GC invocations=16 (full 2):
 PSYoungGen      total 88448K, used 2476K [0x00000000f2200000, 0x00000000f9a80000, 0x0000000100000000)
  eden space 85952K, 0% used [0x00000000f2200000,0x00000000f2200000,0x00000000f75f0000)
  from space 2496K, 99% used [0x00000000f9810000,0x00000000f9a7b150,0x00000000f9a80000)
  to   space 11392K, 0% used [0x00000000f8440000,0x00000000f8440000,0x00000000f8f60000)
 ParOldGen       total 55808K, used 25200K [0x00000000d6600000, 0x00000000d9c80000, 0x00000000f2200000)
  object space 55808K, 45% used [0x00000000d6600000,0x00000000d7e9c240,0x00000000d9c80000)
 PSPermGen       total 86464K, used 42183K [0x00000000cc000000, 0x00000000d1470000, 0x00000000d6600000)
  object space 86464K, 48% used [0x00000000cc000000,0x00000000ce931f38,0x00000000d1470000)
}
Event: 7491.137 GC heap before
{Heap before GC invocations=17 (full 2):
 PSYoungGen      total 88448K, used 88428K [0x00000000f2200000, 0x00000000f9a80000, 0x0000000100000000)
  eden space 85952K, 100% used [0x00000000f2200000,0x00000000f75f0000,0x00000000f75f0000)
  from space 2496K, 99% used [0x00000000f9810000,0x00000000f9a7b150,0x00000000f9a80000)
  to   space 11392K, 0% used [0x00000000f8440000,0x00000000f8440000,0x00000000f8f60000)
 ParOldGen       total 55808K, used 25200K [0x00000000d6600000, 0x00000000d9c80000, 0x00000000f2200000)
  object space 55808K, 45% used [0x00000000d6600000,0x00000000d7e9c240,0x00000000d9c80000)
 PSPermGen       total 86464K, used 42267K [0x00000000cc000000, 0x00000000d1470000, 0x00000000d6600000)
  object space 86464K, 48% used [0x00000000cc000000,0x00000000ce946c88,0x00000000d1470000)
Event: 7491.152 GC heap after
Heap after GC invocations=17 (full 2):
 PSYoungGen      total 94848K, used 3576K [0x00000000f2200000, 0x00000000f9820000, 0x0000000100000000)
  eden space 91264K, 0% used [0x00000000f2200000,0x00000000f2200000,0x00000000f7b20000)
  from space 3584K, 99% used [0x00000000f8440000,0x00000000f87be180,0x00000000f87c0000)
  to   space 11072K, 0% used [0x00000000f8d50000,0x00000000f8d50000,0x00000000f9820000)
 ParOldGen       total 55808K, used 25200K [0x00000000d6600000, 0x00000000d9c80000, 0x00000000f2200000)
  object space 55808K, 45% used [0x00000000d6600000,0x00000000d7e9c240,0x00000000d9c80000)
 PSPermGen       total 86464K, used 42267K [0x00000000cc000000, 0x00000000d1470000, 0x00000000d6600000)
  object space 86464K, 48% used [0x00000000cc000000,0x00000000ce946c88,0x00000000d1470000)
}

Deoptimization events (10 events):
Event: 7230.663 Thread 0x0000000002664800 Uncommon trap -83 fr.pc 0x00007f557f3b12b0
Event: 7230.664 Thread 0x0000000002664800 Uncommon trap -83 fr.pc 0x00007f557f2920cc
Event: 7230.665 Thread 0x0000000002664800 Uncommon trap -83 fr.pc 0x00007f557f2c80e4
Event: 7230.700 Thread 0x0000000002607000 Uncommon trap -83 fr.pc 0x00007f557f29453c
Event: 7231.966 Thread 0x0000000002117800 Uncommon trap -83 fr.pc 0x00007f557f3b1f18
Event: 7241.445 Thread 0x0000000002607000 Uncommon trap -12 fr.pc 0x00007f557f564dc0
Event: 7319.225 Thread 0x0000000002607000 Uncommon trap -83 fr.pc 0x00007f557f56cb8c
Event: 7319.226 Thread 0x0000000002607000 Uncommon trap 24 fr.pc 0x00007f557f56d9dc
Event: 7369.187 Thread 0x0000000002607000 Uncommon trap -12 fr.pc 0x00007f557f5a91a4
Event: 7437.670 Thread 0x0000000002607000 Uncommon trap -12 fr.pc 0x00007f557f51f37c

Internal exceptions (10 events):
Event: 7230.665 Thread 0x0000000002664800 Implicit null exception at 0x00007f557f2c7cd4 to 0x00007f557f2c80c9
Event: 7230.700 Thread 0x0000000002607000 Implicit null exception at 0x00007f557f294480 to 0x00007f557f294529
Event: 7231.966 Thread 0x0000000002117800 Implicit null exception at 0x00007f557f3b1d08 to 0x00007f557f3b1efd
Event: 7241.445 Thread 0x0000000002607000 Implicit null exception at 0x00007f557f564d00 to 0x00007f557f564db1
Event: 7319.225 Thread 0x0000000002607000 Implicit null exception at 0x00007f557f56c674 to 0x00007f557f56cb71
Event: 7369.187 Thread 0x0000000002607000 Implicit null exception at 0x00007f557f5a8693 to 0x00007f557f5a9199
Event: 7433.784 Thread 0x0000000002607000 Threw 0x00000000f5b9d788 at /home/jmm/jdk6/openjdk-6-6b36-1.13.8/build/openjdk/hotspot/src/share/vm/classfile/systemDictionary.cpp:
Event: 7433.784 Thread 0x0000000002607000 Threw 0x00000000f5b9dce8 at /home/jmm/jdk6/openjdk-6-6b36-1.13.8/build/openjdk/hotspot/src/share/vm/prims/jvm.cpp:1272
Event: 7437.670 Thread 0x0000000002607000 Implicit null exception at 0x00007f557f51e817 to 0x00007f557f51f371
Event: 7560.726 Thread 0x0000000002607000 Implicit null exception at 0x00007f557f5fd73f to 0x0000000000000000

Events (10 events):
Event: 7494.122 Executing VM operation: RevokeBias done
Event: 7497.585 Executing VM operation: BulkRevokeBias
Event: 7497.585 Executing VM operation: BulkRevokeBias done
Event: 7499.122 Executing VM operation: RevokeBias
Event: 7499.122 Executing VM operation: RevokeBias done
Event: 7499.122 Thread 0x00007f556c835800 Thread exited: 0x00007f556c835800
Event: 7529.003 Executing VM operation: RevokeBias
Event: 7529.004 Executing VM operation: RevokeBias done
Event: 7529.108 Executing VM operation: RevokeBias
Event: 7529.108 Executing VM operation: RevokeBias done


Dynamic libraries:
00400000-00409000 r-xp 00000000 08:01 3540951                            /usr/lib/jvm/java-6-openjdk-amd64/jre/bin/java
00608000-00609000 rw-p 00008000 08:01 3540951                            /usr/lib/jvm/java-6-openjdk-amd64/jre/bin/java
01b35000-02cbd000 rw-p 00000000 00:00 0                                  [heap]
cc000000-d1470000 rw-p 00000000 00:00 0 
d1470000-d6600000 rw-p 00000000 00:00 0 
d6600000-d9c80000 rw-p 00000000 00:00 0 
d9c80000-f2200000 rw-p 00000000 00:00 0 
f2200000-f9820000 rw-p 00000000 00:00 0 
f9820000-fb140000 ---p 00000000 00:00 0 
fb140000-100000000 rw-p 00000000 00:00 0 
7f556c000000-7f556e90e000 rw-p 00000000 00:00 0 
7f556e90e000-7f5570000000 ---p 00000000 00:00 0 
7f5573b4c000-7f5574000000 rw-s 00000000 00:04 327683                     /SYSV00000000 (deleted)
7f5574000000-7f5575e28000 rw-p 00000000 00:00 0 
7f5575e28000-7f5578000000 ---p 00000000 00:00 0 
7f55781a2000-7f5578278000 r-xp 00000000 08:01 3540981                    /usr/lib/jvm/java-6-openjdk-amd64/jre/lib/amd64/libmlib_image.so
7f5578278000-7f5578477000 ---p 000d6000 08:01 3540981                    /usr/lib/jvm/java-6-openjdk-amd64/jre/lib/amd64/libmlib_image.so
7f5578477000-7f5578478000 rw-p 000d5000 08:01 3540981                    /usr/lib/jvm/java-6-openjdk-amd64/jre/lib/amd64/libmlib_image.so
7f5578478000-7f557847b000 ---p 00000000 00:00 0 
7f557847b000-7f5578579000 rw-p 00000000 00:00 0 
7f5578579000-7f557857c000 ---p 00000000 00:00 0 
7f557857c000-7f557867a000 rw-p 00000000 00:00 0 
7f557867a000-7f557867d000 ---p 00000000 00:00 0 
7f557867d000-7f557877b000 rw-p 00000000 00:00 0 
7f557877b000-7f557877e000 ---p 00000000 00:00 0 
7f557877e000-7f557887c000 rw-p 00000000 00:00 0 
7f55788e8000-7f55788eb000 ---p 00000000 00:00 0 
7f55788eb000-7f55789e9000 rw-p 00000000 00:00 0 
7f55789e9000-7f55789ec000 ---p 00000000 00:00 0 
7f55789ec000-7f5578aea000 rw-p 00000000 00:00 0 
7f5578b04000-7f5578b07000 ---p 00000000 00:00 0 
7f5578b07000-7f5578c05000 rw-p 00000000 00:00 0 
7f5578c05000-7f5578c08000 ---p 00000000 00:00 0 
7f5578c08000-7f5578d06000 rw-p 00000000 00:00 0 
7f5578d06000-7f5578d0e000 r-xp 00000000 08:01 3540975                    /usr/lib/jvm/java-6-openjdk-amd64/jre/lib/amd64/libnio.so
7f5578d0e000-7f5578f0d000 ---p 00008000 08:01 3540975                    /usr/lib/jvm/java-6-openjdk-amd64/jre/lib/amd64/libnio.so
7f5578f0d000-7f5578f0e000 rw-p 00007000 08:01 3540975                    /usr/lib/jvm/java-6-openjdk-amd64/jre/lib/amd64/libnio.so
7f5578f0e000-7f5578f11000 ---p 00000000 00:00 0 
7f5578f11000-7f557900f000 rw-p 00000000 00:00 0 
7f557900f000-7f5579012000 ---p 00000000 00:00 0 
7f5579012000-7f5579110000 rw-p 00000000 00:00 0 
7f5579110000-7f5579115000 r-xp 00000000 08:01 2628082                    /usr/lib/x86_64-linux-gnu/libXfixes.so.3.1.0
7f5579115000-7f5579314000 ---p 00005000 08:01 2628082                    /usr/lib/x86_64-linux-gnu/libXfixes.so.3.1.0
7f5579314000-7f5579315000 r--p 00004000 08:01 2628082                    /usr/lib/x86_64-linux-gnu/libXfixes.so.3.1.0
7f5579315000-7f5579316000 rw-p 00005000 08:01 2628082                    /usr/lib/x86_64-linux-gnu/libXfixes.so.3.1.0
7f5579316000-7f557931f000 r--s 00000000 08:01 4199024                    /var/cache/fontconfig/945677eb7aeaf62f1d50efc3fb3ec7d8-le64.cache-3
7f5579412000-7f5579415000 ---p 00000000 00:00 0 
7f5579415000-7f5579513000 rw-p 00000000 00:00 0 
7f5579513000-7f5579514000 r--s 00000000 08:01 4199025                    /var/cache/fontconfig/c05880de57d1f5e948fdfacc138775d9-le64.cache-3
7f5579514000-7f557951d000 r--s 00000000 08:01 4199024                    /var/cache/fontconfig/945677eb7aeaf62f1d50efc3fb3ec7d8-le64.cache-3
7f557951d000-7f5579522000 r--s 00000000 08:01 4199022                    /var/cache/fontconfig/6eb3985aa4124903f6ff08ba781cd364-le64.cache-3
7f5579522000-7f557952b000 r--s 00000000 08:01 4199021                    /var/cache/fontconfig/6d41288fd70b0be22e8c3a91e032eec0-le64.cache-3
7f557952b000-7f557952e000 r--s 00000000 08:01 4199019                    /var/cache/fontconfig/c57959a16110560c8d0fcea73374aeeb-le64.cache-3
7f557952e000-7f5579533000 r--s 00000000 08:01 4199018                    /var/cache/fontconfig/3047814df9a2f067bd2d96a2b9c36e5a-le64.cache-3
7f557954a000-7f5579554000 r-xp 00000000 08:01 2628418                    /usr/lib/x86_64-linux-gnu/libXcursor.so.1.0.2
7f5579554000-7f5579753000 ---p 0000a000 08:01 2628418                    /usr/lib/x86_64-linux-gnu/libXcursor.so.1.0.2
7f5579753000-7f5579754000 rw-p 00009000 08:01 2628418                    /usr/lib/x86_64-linux-gnu/libXcursor.so.1.0.2
7f557976a000-7f557976d000 r--s 00000000 08:01 4199017                    /var/cache/fontconfig/e49e89034d371f0f9de17aab02136486-le64.cache-3
7f557976d000-7f557976f000 r--s 00000000 08:01 4199016                    /var/cache/fontconfig/4b14b093aebc79c320de5e86ae1d3314-le64.cache-3
7f557976f000-7f5579776000 r--s 00000000 08:01 4199015                    /var/cache/fontconfig/3f7329c5293ffd510edef78f73874cfd-le64.cache-3
7f5579776000-7f5579780000 r--s 00000000 08:01 4199013                    /var/cache/fontconfig/83bf95040141907cd45bb53cf7c1c148-le64.cache-3
7f5579780000-7f5579783000 ---p 00000000 00:00 0 
7f5579783000-7f5579881000 rw-p 00000000 00:00 0 
7f5579881000-7f557991a000 r-xp 00000000 08:01 2624995                    /usr/lib/x86_64-linux-gnu/libfreetype.so.6.8.1
7f557991a000-7f5579b19000 ---p 00099000 08:01 2624995                    /usr/lib/x86_64-linux-gnu/libfreetype.so.6.8.1
7f5579b19000-7f5579b1f000 r--p 00098000 08:01 2624995                    /usr/lib/x86_64-linux-gnu/libfreetype.so.6.8.1
7f5579b1f000-7f5579b20000 rw-p 0009e000 08:01 2624995                    /usr/lib/x86_64-linux-gnu/libfreetype.so.6.8.1
7f5579b20000-7f5579b6f000 r-xp 00000000 08:01 3540987                    /usr/lib/jvm/java-6-openjdk-amd64/jre/lib/amd64/libfontmanager.so
7f5579b6f000-7f5579d6f000 ---p 0004f000 08:01 3540987                    /usr/lib/jvm/java-6-openjdk-amd64/jre/lib/amd64/libfontmanager.so
7f5579d6f000-7f5579d72000 rw-p 0004f000 08:01 3540987                    /usr/lib/jvm/java-6-openjdk-amd64/jre/lib/amd64/libfontmanager.so
7f5579d72000-7f5579d77000 r-xp 00000000 08:01 2625016                    /usr/lib/x86_64-linux-gnu/libXdmcp.so.6.0.0
7f5579d77000-7f5579f76000 ---p 00005000 08:01 2625016                    /usr/lib/x86_64-linux-gnu/libXdmcp.so.6.0.0
7f5579f76000-7f5579f77000 rw-p 00004000 08:01 2625016                    /usr/lib/x86_64-linux-gnu/libXdmcp.so.6.0.0
7f5579f77000-7f5579f79000 r-xp 00000000 08:01 2625014                    /usr/lib/x86_64-linux-gnu/libXau.so.6.0.0
7f5579f79000-7f557a179000 ---p 00002000 08:01 2625014                    /usr/lib/x86_64-linux-gnu/libXau.so.6.0.0
7f557a179000-7f557a17a000 rw-p 00002000 08:01 2625014                    /usr/lib/x86_64-linux-gnu/libXau.so.6.0.0
7f557a17a000-7f557a199000 r-xp 00000000 08:01 2627032                    /usr/lib/x86_64-linux-gnu/libxcb.so.1.1.0
7f557a199000-7f557a398000 ---p 0001f000 08:01 2627032                    /usr/lib/x86_64-linux-gnu/libxcb.so.1.1.0
7f557a398000-7f557a399000 r--p 0001e000 08:01 2627032                    /usr/lib/x86_64-linux-gnu/libxcb.so.1.1.0
7f557a399000-7f557a39a000 rw-p 0001f000 08:01 2627032                    /usr/lib/x86_64-linux-gnu/libxcb.so.1.1.0
7f557a39a000-7f557a3a8000 r-xp 00000000 08:01 2628422                    /usr/lib/x86_64-linux-gnu/libXi.so.6.1.0
7f557a3a8000-7f557a5a8000 ---p 0000e000 08:01 2628422                    /usr/lib/x86_64-linux-gnu/libXi.so.6.1.0
7f557a5a8000-7f557a5a9000 rw-p 0000e000 08:01 2628422                    /usr/lib/x86_64-linux-gnu/libXi.so.6.1.0
7f557a5a9000-7f557a5ae000 r-xp 00000000 08:01 2632507                    /usr/lib/x86_64-linux-gnu/libXtst.so.6.1.0
7f557a5ae000-7f557a7ad000 ---p 00005000 08:01 2632507                    /usr/lib/x86_64-linux-gnu/libXtst.so.6.1.0
7f557a7ad000-7f557a7ae000 rw-p 00004000 08:01 2632507                    /usr/lib/x86_64-linux-gnu/libXtst.so.6.1.0
7f557a7ae000-7f557a7b7000 r-xp 00000000 08:01 2627210                    /usr/lib/x86_64-linux-gnu/libXrender.so.1.3.0
7f557a7b7000-7f557a9b6000 ---p 00009000 08:01 2627210                    /usr/lib/x86_64-linux-gnu/libXrender.so.1.3.0
7f557a9b6000-7f557a9b7000 rw-p 00008000 08:01 2627210                    /usr/lib/x86_64-linux-gnu/libXrender.so.1.3.0
7f557a9b7000-7f557aaec000 r-xp 00000000 08:01 2627036                    /usr/lib/x86_64-linux-gnu/libX11.so.6.3.0
7f557aaec000-7f557acec000 ---p 00135000 08:01 2627036                    /usr/lib/x86_64-linux-gnu/libX11.so.6.3.0
7f557acec000-7f557acf2000 rw-p 00135000 08:01 2627036                    /usr/lib/x86_64-linux-gnu/libX11.so.6.3.0
7f557acf2000-7f557ad03000 r-xp 00000000 08:01 2628090                    /usr/lib/x86_64-linux-gnu/libXext.so.6.4.0
7f557ad03000-7f557af03000 ---p 00011000 08:01 2628090                    /usr/lib/x86_64-linux-gnu/libXext.so.6.4.0
7f557af03000-7f557af04000 rw-p 00011000 08:01 2628090                    /usr/lib/x86_64-linux-gnu/libXext.so.6.4.0
7f557af04000-7f557af51000 r-xp 00000000 08:01 3552144                    /usr/lib/jvm/java-6-openjdk-amd64/jre/lib/amd64/xawt/libmawt.so
7f557af51000-7f557b150000 ---p 0004d000 08:01 3552144                    /usr/lib/jvm/java-6-openjdk-amd64/jre/lib/amd64/xawt/libmawt.so
7f557b150000-7f557b154000 rw-p 0004c000 08:01 3552144                    /usr/lib/jvm/java-6-openjdk-amd64/jre/lib/amd64/xawt/libmawt.so
7f557b154000-7f557b155000 rw-p 00000000 00:00 0 
7f557b155000-7f557b1f5000 r-xp 00000000 08:01 3540989                    /usr/lib/jvm/java-6-openjdk-amd64/jre/lib/amd64/libawt.so
7f557b1f5000-7f557b3f5000 ---p 000a0000 08:01 3540989                    /usr/lib/jvm/java-6-openjdk-amd64/jre/lib/amd64/libawt.so
7f557b3f5000-7f557b400000 rw-p 000a0000 08:01 3540989                    /usr/lib/jvm/java-6-openjdk-amd64/jre/lib/amd64/libawt.so
7f557b400000-7f557b425000 rw-p 00000000 00:00 0 
7f557b425000-7f557b43a000 r-xp 00000000 08:01 3540985                    /usr/lib/jvm/java-6-openjdk-amd64/jre/lib/amd64/libnet.so
7f557b43a000-7f557b63a000 ---p 00015000 08:01 3540985                    /usr/lib/jvm/java-6-openjdk-amd64/jre/lib/amd64/libnet.so
7f557b63a000-7f557b63b000 rw-p 00015000 08:01 3540985                    /usr/lib/jvm/java-6-openjdk-amd64/jre/lib/amd64/libnet.so
7f557b63b000-7f557b63c000 r--s 00004000 08:01 262981                     /home/gtsi/Téléchargements/argouml-0.34/ext/argouml-transformer.jar
7f557b63c000-7f557b63e000 r--s 0000a000 08:01 262980                     /home/gtsi/Téléchargements/argouml-0.34/ext/argouml-sql.jar
7f557b63e000-7f557b640000 r--s 00002000 08:01 262979                     /home/gtsi/Téléchargements/argouml-0.34/ext/argouml-notation.jar
7f557b640000-7f557b641000 r--s 00000000 08:01 4209328                    /var/cache/fontconfig/4794a0821666d79190d59a36cb4f44b5-le64.cache-3
7f557b641000-7f557b642000 r--s 00000000 08:01 4199012                    /var/cache/fontconfig/62f91419b9ebdb6975e7e41ab6412357-le64.cache-3
7f557b642000-7f557b645000 r--s 00000000 08:01 4199000                    /var/cache/fontconfig/e13b20fdb08344e0e664864cc2ede53d-le64.cache-3
7f557b645000-7f557b64a000 r--s 00000000 08:01 4199022                    /var/cache/fontconfig/6eb3985aa4124903f6ff08ba781cd364-le64.cache-3
7f557b64a000-7f557b653000 r--s 00000000 08:01 4199021                    /var/cache/fontconfig/6d41288fd70b0be22e8c3a91e032eec0-le64.cache-3
7f557b653000-7f557b654000 r--s 00000000 08:01 4209328                    /var/cache/fontconfig/4794a0821666d79190d59a36cb4f44b5-le64.cache-3
7f557b654000-7f557b657000 r--s 00000000 08:01 4199019                    /var/cache/fontconfig/c57959a16110560c8d0fcea73374aeeb-le64.cache-3
7f557b657000-7f557b65c000 r--s 00000000 08:01 4199018                    /var/cache/fontconfig/3047814df9a2f067bd2d96a2b9c36e5a-le64.cache-3
7f557b65c000-7f557b65f000 r--s 00000000 08:01 4199017                    /var/cache/fontconfig/e49e89034d371f0f9de17aab02136486-le64.cache-3
7f557b65f000-7f557b661000 r--s 00000000 08:01 4199016                    /var/cache/fontconfig/4b14b093aebc79c320de5e86ae1d3314-le64.cache-3
7f557b661000-7f557b668000 r--s 00000000 08:01 4199015                    /var/cache/fontconfig/3f7329c5293ffd510edef78f73874cfd-le64.cache-3
7f557b668000-7f557b672000 r--s 00000000 08:01 4199013                    /var/cache/fontconfig/83bf95040141907cd45bb53cf7c1c148-le64.cache-3
7f557b672000-7f557b673000 r--s 00000000 08:01 4199012                    /var/cache/fontconfig/62f91419b9ebdb6975e7e41ab6412357-le64.cache-3
7f557b673000-7f557b676000 r--s 00000000 08:01 4199000                    /var/cache/fontconfig/e13b20fdb08344e0e664864cc2ede53d-le64.cache-3
7f557b676000-7f557b678000 r--s 0000b000 08:01 263021                     /home/gtsi/Téléchargements/argouml-0.34/toolbar-1.4.1-20071227.jar
7f557b678000-7f557b67a000 r--s 0000b000 08:01 263020                     /home/gtsi/Téléchargements/argouml-0.34/swidgets-0.1.4.jar
7f557b67a000-7f557b688000 r--s 0009c000 08:01 263001                     /home/gtsi/Téléchargements/argouml-0.34/ocl-argo-1.1.jar
7f557b688000-7f557b68f000 r--s 00053000 08:01 262997                     /home/gtsi/Téléchargements/argouml-0.34/log4j-1.2.6.jar
7f557b68f000-7f557b69a000 r--s 000a4000 08:01 262988                     /home/gtsi/Téléchargements/argouml-0.34/gef-0.13.8.jar
7f557b69a000-7f557b6a5000 r--s 0006c000 08:01 262982                     /home/gtsi/Téléchargements/argouml-0.34/ext/argouml-umlpropertypanels.jar
7f557b6a5000-7f557b6a7000 r--s 00009000 08:01 262977                     /home/gtsi/Téléchargements/argouml-0.34/ext/argouml-i18n-ru.jar
7f557b6a7000-7f557b6a8000 r--s 00008000 08:01 262976                     /home/gtsi/Téléchargements/argouml-0.34/ext/argouml-i18n-pt_BR.jar
7f557b6a8000-7f557b6a9000 r--s 00014000 08:01 262975                     /home/gtsi/Téléchargements/argouml-0.34/ext/argouml-i18n-pt.jar
7f557b6a9000-7f557b6aa000 r--s 0000e000 08:01 262973                     /home/gtsi/Téléchargements/argouml-0.34/ext/argouml-i18n-it.jar
7f557b6aa000-7f557b6ab000 r--s 00009000 08:01 262972                     /home/gtsi/Téléchargements/argouml-0.34/ext/argouml-i18n-fr.jar
7f557b6ab000-7f557b6ac000 r--s 00013000 08:01 262971                     /home/gtsi/Téléchargements/argouml-0.34/ext/argouml-i18n-es.jar
7f557b6ac000-7f557b6ad000 r--s 00007000 08:01 262970                     /home/gtsi/Téléchargements/argouml-0.34/ext/argouml-i18n-en_GB.jar
7f557b6ad000-7f557b6ae000 r--s 00015000 08:01 262969                     /home/gtsi/Téléchargements/argouml-0.34/ext/argouml-i18n-de.jar
7f557b6ae000-7f557b6af000 r--s 00005000 08:01 262968                     /home/gtsi/Téléchargements/argouml-0.34/ext/argouml-diagrams-state.jar
7f557b6af000-7f557b6b1000 r--s 0000c000 08:01 262967                     /home/gtsi/Téléchargements/argouml-0.34/ext/argouml-diagrams-sequence.jar
7f557b6b1000-7f557b6b6000 r--s 00026000 08:01 262964                     /home/gtsi/Téléchargements/argouml-0.34/ext/argouml-csharp.jar
7f557b6b6000-7f557b6cc000 r--s 002dc000 08:01 263018                     /home/gtsi/Téléchargements/argouml-0.34/org.eclipse.uml2.uml_3.1.1.v201008191505.jar
7f557b6cc000-7f557b6cd000 r--s 00003000 08:01 262966                     /home/gtsi/Téléchargements/argouml-0.34/ext/argouml-diagrams-deployment.jar
7f557b6cd000-7f557b6cf000 r--s 00009000 08:01 262965                     /home/gtsi/Téléchargements/argouml-0.34/ext/argouml-diagrams-activity.jar
7f557b6cf000-7f557b6d1000 r--s 00008000 08:01 262986                     /home/gtsi/Téléchargements/argouml-0.34/ext/argo_php.jar
7f557b6d1000-7f557b6d7000 r--s 0005f000 08:01 262985                     /home/gtsi/Téléchargements/argouml-0.34/ext/argo_java.jar
7f557b6d7000-7f557b6d8000 r--s 00012000 08:01 262984                     /home/gtsi/Téléchargements/argouml-0.34/ext/argo_idl.jar
7f557b6d8000-7f557b6da000 r--s 00022000 08:01 262983                     /home/gtsi/Téléchargements/argouml-0.34/ext/argo_cpp.jar
7f557b6da000-7f557b6de000 r--s 0001b000 08:01 262963                     /home/gtsi/Téléchargements/argouml-0.34/ext/antlr-runtime-3.1.1.jar
7f557b6de000-7f557b6e4000 r--s 0006b000 08:01 262962                     /home/gtsi/Téléchargements/argouml-0.34/ext/antlr-2.7.7.jar
7f557b6e4000-7f557b6e6000 r--s 0000b000 08:01 262960                     /home/gtsi/Téléchargements/argouml-0.34/ext/anarres-cpp-no-dependencies-1.2.3.jar
7f557b6e6000-7f557b6e8000 r--s 00007000 08:01 262959                     /home/gtsi/Téléchargements/argouml-0.34/commons-logging-1.0.2.jar
7f557b6e8000-7f557b6ea000 r--s 00007000 08:01 262958                     /home/gtsi/Téléchargements/argouml-0.34/batik-xml-1.7.jar
7f557b6ea000-7f557b6ed000 r--s 0001f000 08:01 262957                     /home/gtsi/Téléchargements/argouml-0.34/batik-util-1.7.jar
7f557b6ed000-7f557b6f2000 r--s 00034000 08:01 262956                     /home/gtsi/Téléchargements/argouml-0.34/batik-svggen-1.7.jar
7f557b6f2000-7f557b6f4000 r--s 00002000 08:01 262955                     /home/gtsi/Téléchargements/argouml-0.34/batik-ext-1.7.jar
7f557b6f4000-7f557b6f8000 r--s 0002a000 08:01 262954                     /home/gtsi/Téléchargements/argouml-0.34/batik-dom-1.7.jar
7f557b6f8000-7f557b6ff000 r--s 00061000 08:01 262953                     /home/gtsi/Téléchargements/argouml-0.34/batik-awt-util-1.7.jar
7f557b6ff000-7f557b704000 r--s 00074000 08:01 263002                     /home/gtsi/Téléchargements/argouml-0.34/openide-util.jar
7f557b704000-7f557b70e000 r--s 00145000 08:01 263000                     /home/gtsi/Téléchargements/argouml-0.34/nbmdr.jar
7f557b70e000-7f557b711000 r--s 0002a000 08:01 262999                     /home/gtsi/Téléchargements/argouml-0.34/mof.jar
7f557b711000-7f557b713000 r--s 00007000 08:01 262998                     /home/gtsi/Téléchargements/argouml-0.34/mdrapi.jar
7f557b713000-7f557b717000 r--s 00073000 08:01 262996                     /home/gtsi/Téléchargements/argouml-0.34/jmiutils.jar
7f557b717000-7f557b718000 r--s 00005000 08:01 262995                     /home/gtsi/Téléchargements/argouml-0.34/jmi.jar
7f557b718000-7f557b724000 r--s 00027000 08:01 262994                     /home/gtsi/Téléchargements/argouml-0.34/java-interfaces.jar
7f557b724000-7f557b728000 r--s 0004f000 08:01 262946                     /home/gtsi/Téléchargements/argouml-0.34/argouml-mdr.jar
7f557b728000-7f557b729000 r--s 00036000 08:01 263017                     /home/gtsi/Téléchargements/argouml-0.34/org.eclipse.uml2.uml.resources_3.1.1.v201008191505.jar
7f557b729000-7f557b736000 r--s 000ce000 08:01 263016                     /home/gtsi/Téléchargements/argouml-0.34/org.eclipse.uml2.uml.edit_3.1.0.v201005031530.jar
7f557b736000-7f557b73a000 r--s 0001b000 08:01 263015                     /home/gtsi/Téléchargements/argouml-0.34/org.eclipse.uml2.common_1.5.0.v201005031530.jar
7f557b73a000-7f557b73c000 r--s 00006000 08:01 263014                     /home/gtsi/Téléchargements/argouml-0.34/org.eclipse.uml2.common.edit_1.5.0.v201005031530.jar
7f557b73c000-7f557b741000 r--s 0002d000 08:01 263013                     /home/gtsi/Téléchargements/argouml-0.34/org.eclipse.emf.mapping_2.6.0.v20100914-1218.jar
7f557b741000-7f557b742000 r--s 00002000 08:01 263012                     /home/gtsi/Téléchargements/argouml-0.34/org.eclipse.emf.mapping.ecore_2.6.0.v20100914-1218.jar
7f557b742000-7f557b744000 r--s 0000d000 08:01 263010                     /home/gtsi/Téléchargements/argouml-0.34/org.eclipse.emf.mapping.ecore2xml_2.5.0.v20100521-1847.jar
7f557b744000-7f557b755000 r--s 00121000 08:01 263008                     /home/gtsi/Téléchargements/argouml-0.34/org.eclipse.emf.ecore_2.6.1.v20100914-1218.jar
7f557b755000-7f557b759000 r--s 00041000 08:01 3027584                    /usr/lib/jvm/java-6-openjdk-common/jre/lib/jsse.jar
7f557b759000-7f557b78c000 r--s 002c6000 08:01 262949                     /home/gtsi/Téléchargements/argouml-0.34/argouml.jar
7f557b78c000-7f557b78e000 r--s 0000f000 08:01 3285740                    /usr/lib/jvm/java-6-openjdk-common/jre/lib/ext/pulse-java.jar
7f557b78e000-7f557b792000 r--s 00031000 08:01 3285742                    /usr/lib/jvm/java-6-openjdk-common/jre/lib/ext/sunjce_provider.jar
7f557b792000-7f557b795000 r--s 00078000 08:01 3285741                    /usr/lib/jvm/java-6-openjdk-common/jre/lib/ext/localedata.jar
7f557b795000-7f557b797000 r--s 00001000 08:01 3285743                    /usr/lib/jvm/java-6-openjdk-common/jre/lib/ext/dnsns.jar
7f557b797000-7f557b798000 r--s 00007000 08:01 3408709                    /usr/share/java/java-atk-wrapper.jar
7f557b798000-7f557b79b000 r--s 0003a000 08:01 3285739                    /usr/lib/jvm/java-6-openjdk-common/jre/lib/ext/sunpkcs11.jar
7f557b7ce000-7f557b7cf000 ---p 00000000 00:00 0 
7f557b7cf000-7f557b8cf000 rw-p 00000000 00:00 0 
7f557b8cf000-7f557b8d2000 ---p 00000000 00:00 0 
7f557b8d2000-7f557b9d0000 rw-p 00000000 00:00 0 
7f557b9d0000-7f557b9d3000 ---p 00000000 00:00 0 
7f557b9d3000-7f557bad1000 rw-p 00000000 00:00 0 
7f557bad1000-7f557bad4000 ---p 00000000 00:00 0 
7f557bad4000-7f557bbd2000 rw-p 00000000 00:00 0 
7f557bbd2000-7f557bbd5000 ---p 00000000 00:00 0 
7f557bbd5000-7f557bcd3000 rw-p 00000000 00:00 0 
7f557bcd3000-7f557be4a000 r--p 00000000 08:01 2627943                    /usr/lib/locale/locale-archive
7f557be4a000-7f557be4d000 ---p 00000000 00:00 0 
7f557be4d000-7f557bf4b000 rw-p 00000000 00:00 0 
7f557bf4b000-7f557bf4e000 ---p 00000000 00:00 0 
7f557bf4e000-7f557c04c000 rw-p 00000000 00:00 0 
7f557c04c000-7f557c04d000 ---p 00000000 00:00 0 
7f557c04d000-7f557ca56000 rw-p 00000000 00:00 0 
7f557ca56000-7f557cbee000 r--s 01a26000 08:01 3540955                    /usr/lib/jvm/java-6-openjdk-amd64/jre/lib/rt.jar
7f557cbee000-7f557ec6e000 rw-p 00000000 00:00 0 
7f557ec6e000-7f557ec6f000 ---p 00000000 00:00 0 
7f557ec6f000-7f557ed6f000 rw-p 00000000 00:00 0 
7f557ed6f000-7f557ed70000 ---p 00000000 00:00 0 
7f557ed70000-7f557ee9b000 rw-p 00000000 00:00 0 
7f557ee9b000-7f557eec3000 rw-p 00000000 00:00 0 
7f557eec3000-7f557eedf000 rw-p 00000000 00:00 0 
7f557eedf000-7f557efa1000 rw-p 00000000 00:00 0 
7f557efa1000-7f557efcc000 rw-p 00000000 00:00 0 
7f557efcc000-7f557eff4000 rw-p 00000000 00:00 0 
7f557eff4000-7f557f010000 rw-p 00000000 00:00 0 
7f557f010000-7f557f0d2000 rw-p 00000000 00:00 0 
7f557f0d2000-7f557f10e000 rw-p 00000000 00:00 0 
7f557f10e000-7f557f11a000 ---p 00000000 00:00 0 
7f557f11a000-7f557f141000 rw-p 00000000 00:00 0 
7f557f141000-7f557f142000 rw-p 00000000 00:00 0 
7f557f142000-7f557f622000 rwxp 00000000 00:00 0 
7f557f622000-7f5582142000 rw-p 00000000 00:00 0 
7f5582142000-7f5582149000 r-xp 00000000 08:01 3540990                    /usr/lib/jvm/java-6-openjdk-amd64/jre/lib/amd64/libzip.so
7f5582149000-7f5582348000 ---p 00007000 08:01 3540990                    /usr/lib/jvm/java-6-openjdk-amd64/jre/lib/amd64/libzip.so
7f5582348000-7f5582349000 rw-p 00006000 08:01 3540990                    /usr/lib/jvm/java-6-openjdk-amd64/jre/lib/amd64/libzip.so
7f5582349000-7f5582354000 r-xp 00000000 08:01 786438                     /lib/x86_64-linux-gnu/libnss_files-2.13.so
7f5582354000-7f5582553000 ---p 0000b000 08:01 786438                     /lib/x86_64-linux-gnu/libnss_files-2.13.so
7f5582553000-7f5582554000 r--p 0000a000 08:01 786438                     /lib/x86_64-linux-gnu/libnss_files-2.13.so
7f5582554000-7f5582555000 rw-p 0000b000 08:01 786438                     /lib/x86_64-linux-gnu/libnss_files-2.13.so
7f5582555000-7f558255f000 r-xp 00000000 08:01 786448                     /lib/x86_64-linux-gnu/libnss_nis-2.13.so
7f558255f000-7f558275e000 ---p 0000a000 08:01 786448                     /lib/x86_64-linux-gnu/libnss_nis-2.13.so
7f558275e000-7f558275f000 r--p 00009000 08:01 786448                     /lib/x86_64-linux-gnu/libnss_nis-2.13.so
7f558275f000-7f5582760000 rw-p 0000a000 08:01 786448                     /lib/x86_64-linux-gnu/libnss_nis-2.13.so
7f5582760000-7f5582767000 r-xp 00000000 08:01 786452                     /lib/x86_64-linux-gnu/libnss_compat-2.13.so
7f5582767000-7f5582966000 ---p 00007000 08:01 786452                     /lib/x86_64-linux-gnu/libnss_compat-2.13.so
7f5582966000-7f5582967000 r--p 00006000 08:01 786452                     /lib/x86_64-linux-gnu/libnss_compat-2.13.so
7f5582967000-7f5582968000 rw-p 00007000 08:01 786452                     /lib/x86_64-linux-gnu/libnss_compat-2.13.so
7f5582968000-7f558297d000 r-xp 00000000 08:01 786440                     /lib/x86_64-linux-gnu/libnsl-2.13.so
7f558297d000-7f5582b7c000 ---p 00015000 08:01 786440                     /lib/x86_64-linux-gnu/libnsl-2.13.so
7f5582b7c000-7f5582b7d000 r--p 00014000 08:01 786440                     /lib/x86_64-linux-gnu/libnsl-2.13.so
7f5582b7d000-7f5582b7e000 rw-p 00015000 08:01 786440                     /lib/x86_64-linux-gnu/libnsl-2.13.so
7f5582b7e000-7f5582b80000 rw-p 00000000 00:00 0 
7f5582b80000-7f5582bae000 r-xp 00000000 08:01 3540986                    /usr/lib/jvm/java-6-openjdk-amd64/jre/lib/amd64/libjava.so
7f5582bae000-7f5582dad000 ---p 0002e000 08:01 3540986                    /usr/lib/jvm/java-6-openjdk-amd64/jre/lib/amd64/libjava.so
7f5582dad000-7f5582db1000 rw-p 0002d000 08:01 3540986                    /usr/lib/jvm/java-6-openjdk-amd64/jre/lib/amd64/libjava.so
7f5582db1000-7f5582dc0000 r-xp 00000000 08:01 3540980                    /usr/lib/jvm/java-6-openjdk-amd64/jre/lib/amd64/libverify.so
7f5582dc0000-7f5582fbf000 ---p 0000f000 08:01 3540980                    /usr/lib/jvm/java-6-openjdk-amd64/jre/lib/amd64/libverify.so
7f5582fbf000-7f5582fc1000 rw-p 0000e000 08:01 3540980                    /usr/lib/jvm/java-6-openjdk-amd64/jre/lib/amd64/libverify.so
7f5582fc1000-7f5582fc8000 r-xp 00000000 08:01 786457                     /lib/x86_64-linux-gnu/librt-2.13.so
7f5582fc8000-7f55831c7000 ---p 00007000 08:01 786457                     /lib/x86_64-linux-gnu/librt-2.13.so
7f55831c7000-7f55831c8000 r--p 00006000 08:01 786457                     /lib/x86_64-linux-gnu/librt-2.13.so
7f55831c8000-7f55831c9000 rw-p 00007000 08:01 786457                     /lib/x86_64-linux-gnu/librt-2.13.so
7f55831c9000-7f55831de000 r-xp 00000000 08:01 786436                     /lib/x86_64-linux-gnu/libgcc_s.so.1
7f55831de000-7f55833de000 ---p 00015000 08:01 786436                     /lib/x86_64-linux-gnu/libgcc_s.so.1
7f55833de000-7f55833df000 rw-p 00015000 08:01 786436                     /lib/x86_64-linux-gnu/libgcc_s.so.1
7f55833df000-7f5583460000 r-xp 00000000 08:01 786437                     /lib/x86_64-linux-gnu/libm-2.13.so
7f5583460000-7f558365f000 ---p 00081000 08:01 786437                     /lib/x86_64-linux-gnu/libm-2.13.so
7f558365f000-7f5583660000 r--p 00080000 08:01 786437                     /lib/x86_64-linux-gnu/libm-2.13.so
7f5583660000-7f5583661000 rw-p 00081000 08:01 786437                     /lib/x86_64-linux-gnu/libm-2.13.so
7f5583661000-7f5583749000 r-xp 00000000 08:01 2625327                    /usr/lib/x86_64-linux-gnu/libstdc++.so.6.0.17
7f5583749000-7f5583949000 ---p 000e8000 08:01 2625327                    /usr/lib/x86_64-linux-gnu/libstdc++.so.6.0.17
7f5583949000-7f5583951000 r--p 000e8000 08:01 2625327                    /usr/lib/x86_64-linux-gnu/libstdc++.so.6.0.17
7f5583951000-7f5583953000 rw-p 000f0000 08:01 2625327                    /usr/lib/x86_64-linux-gnu/libstdc++.so.6.0.17
7f5583953000-7f5583968000 rw-p 00000000 00:00 0 
7f5583968000-7f558435b000 r-xp 00000000 08:01 3540973                    /usr/lib/jvm/java-6-openjdk-amd64/jre/lib/amd64/server/libjvm.so
7f558435b000-7f558455a000 ---p 009f3000 08:01 3540973                    /usr/lib/jvm/java-6-openjdk-amd64/jre/lib/amd64/server/libjvm.so
7f558455a000-7f55845fc000 rw-p 009f2000 08:01 3540973                    /usr/lib/jvm/java-6-openjdk-amd64/jre/lib/amd64/server/libjvm.so
7f55845fc000-7f5584626000 rw-p 00000000 00:00 0 
7f5584626000-7f55847a7000 r-xp 00000000 08:01 786443                     /lib/x86_64-linux-gnu/libc-2.13.so
7f55847a7000-7f55849a7000 ---p 00181000 08:01 786443                     /lib/x86_64-linux-gnu/libc-2.13.so
7f55849a7000-7f55849ab000 r--p 00181000 08:01 786443                     /lib/x86_64-linux-gnu/libc-2.13.so
7f55849ab000-7f55849ac000 rw-p 00185000 08:01 786443                     /lib/x86_64-linux-gnu/libc-2.13.so
7f55849ac000-7f55849b1000 rw-p 00000000 00:00 0 
7f55849b1000-7f55849b3000 r-xp 00000000 08:01 786449                     /lib/x86_64-linux-gnu/libdl-2.13.so
7f55849b3000-7f5584bb3000 ---p 00002000 08:01 786449                     /lib/x86_64-linux-gnu/libdl-2.13.so
7f5584bb3000-7f5584bb4000 r--p 00002000 08:01 786449                     /lib/x86_64-linux-gnu/libdl-2.13.so
7f5584bb4000-7f5584bb5000 rw-p 00003000 08:01 786449                     /lib/x86_64-linux-gnu/libdl-2.13.so
7f5584bb5000-7f5584bb9000 r-xp 00000000 08:01 3541001                    /usr/lib/jvm/java-6-openjdk-amd64/jre/lib/amd64/jli/libjli.so
7f5584bb9000-7f5584db8000 ---p 00004000 08:01 3541001                    /usr/lib/jvm/java-6-openjdk-amd64/jre/lib/amd64/jli/libjli.so
7f5584db8000-7f5584db9000 rw-p 00003000 08:01 3541001                    /usr/lib/jvm/java-6-openjdk-amd64/jre/lib/amd64/jli/libjli.so
7f5584db9000-7f5584dd0000 r-xp 00000000 08:01 786458                     /lib/x86_64-linux-gnu/libpthread-2.13.so
7f5584dd0000-7f5584fcf000 ---p 00017000 08:01 786458                     /lib/x86_64-linux-gnu/libpthread-2.13.so
7f5584fcf000-7f5584fd0000 r--p 00016000 08:01 786458                     /lib/x86_64-linux-gnu/libpthread-2.13.so
7f5584fd0000-7f5584fd1000 rw-p 00017000 08:01 786458                     /lib/x86_64-linux-gnu/libpthread-2.13.so
7f5584fd1000-7f5584fd5000 rw-p 00000000 00:00 0 
7f5584fd5000-7f5584feb000 r-xp 00000000 08:01 786522                     /lib/x86_64-linux-gnu/libz.so.1.2.7
7f5584feb000-7f55851ea000 ---p 00016000 08:01 786522                     /lib/x86_64-linux-gnu/libz.so.1.2.7
7f55851ea000-7f55851eb000 r--p 00015000 08:01 786522                     /lib/x86_64-linux-gnu/libz.so.1.2.7
7f55851eb000-7f55851ec000 rw-p 00016000 08:01 786522                     /lib/x86_64-linux-gnu/libz.so.1.2.7
7f55851ec000-7f558520c000 r-xp 00000000 08:01 786455                     /lib/x86_64-linux-gnu/ld-2.13.so
7f558520c000-7f558520d000 r--s 00000000 08:01 4199025                    /var/cache/fontconfig/c05880de57d1f5e948fdfacc138775d9-le64.cache-3
7f558520d000-7f5585211000 r--s 00033000 08:01 263007                     /home/gtsi/Téléchargements/argouml-0.34/org.eclipse.emf.ecore.xmi_2.5.0.v20100521-1846.jar
7f5585211000-7f5585215000 r--s 0001c000 08:01 263006                     /home/gtsi/Téléchargements/argouml-0.34/org.eclipse.emf.ecore.edit_2.6.0.v20100914-1218.jar
7f5585215000-7f5585217000 r--s 00018000 08:01 263005                     /home/gtsi/Téléchargements/argouml-0.34/org.eclipse.emf.ecore.change_2.5.1.v20100907-1643.jar
7f5585217000-7f5585218000 r--s 00007000 08:01 263004                     /home/gtsi/Téléchargements/argouml-0.34/org.eclipse.emf.ecore.change.edit_2.5.0.v20100521-1846.jar
7f5585218000-7f558521d000 r--s 00031000 08:01 263003                     /home/gtsi/Téléchargements/argouml-0.34/org.eclipse.emf.common_2.6.0.v20100914-1218.jar
7f558521d000-7f558521f000 r--s 0001f000 08:01 262978                     /home/gtsi/Téléchargements/argouml-0.34/ext/argouml-i18n-zh.jar
7f558521f000-7f5585220000 r--s 0000d000 08:01 262974                     /home/gtsi/Téléchargements/argouml-0.34/ext/argouml-i18n-nb.jar
7f5585220000-7f5585223000 r--s 0000f000 08:01 262947                     /home/gtsi/Téléchargements/argouml-0.34/argouml-model.jar
7f5585223000-7f5585227000 r--s 00031000 08:01 262945                     /home/gtsi/Téléchargements/argouml-0.34/argouml-euml.jar
7f5585227000-7f558522d000 r--s 0006b000 08:01 262943                     /home/gtsi/Téléchargements/argouml-0.34/antlr-2.7.7.jar
7f558522d000-7f5585241000 rw-p 00000000 00:00 0 
7f5585241000-7f55852ed000 rw-p 00000000 00:00 0 
7f55852ed000-7f55852f0000 ---p 00000000 00:00 0 
7f55852f0000-7f55853f3000 rw-p 00000000 00:00 0 
7f55853f3000-7f55853f8000 r--s 0003e000 08:01 263009                     /home/gtsi/Téléchargements/argouml-0.34/org.eclipse.emf.edit_2.6.0.v20100914-1218.jar
7f55853f8000-7f55853ff000 r--s 00054000 08:01 3027575                    /usr/lib/jvm/java-6-openjdk-common/jre/lib/resources.jar
7f55853ff000-7f5585407000 rw-s 00000000 08:01 3938960                    /tmp/hsperfdata_root/17414
7f5585407000-7f5585408000 rw-p 00000000 00:00 0 
7f5585408000-7f5585409000 r--p 00000000 00:00 0 
7f5585409000-7f558540b000 rw-p 00000000 00:00 0 
7f558540b000-7f558540c000 r--p 0001f000 08:01 786455                     /lib/x86_64-linux-gnu/ld-2.13.so
7f558540c000-7f558540d000 rw-p 00020000 08:01 786455                     /lib/x86_64-linux-gnu/ld-2.13.so
7f558540d000-7f558540e000 rw-p 00000000 00:00 0 
7ffedafb5000-7ffedafeb000 rw-p 00000000 00:00 0                          [stack]
7ffedaff8000-7ffedaff9000 r-xp 00000000 00:00 0                          [vdso]
ffffffffff600000-ffffffffff601000 r-xp 00000000 00:00 0                  [vsyscall]

VM Arguments:
java_command: argouml.jar
Launcher Type: SUN_STANDARD

Environment Variables:
PATH=/usr/local/sbin:/usr/local/bin:/usr/sbin:/usr/bin:/sbin:/bin
USERNAME=gtsi
LD_LIBRARY_PATH=/usr/lib/jvm/java-6-openjdk-amd64/jre/lib/amd64/server:/usr/lib/jvm/java-6-openjdk-amd64/jre/lib/amd64:/usr/lib/jvm/java-6-openjdk-amd64/jre/../lib/amd64
SHELL=/bin/bash
DISPLAY=:0

Signal Handlers:
SIGSEGV: [libjvm.so+0x851210], sa_mask[0]=0x7ffbfeff, sa_flags=0x10000004
SIGBUS: [libjvm.so+0x851210], sa_mask[0]=0x7ffbfeff, sa_flags=0x10000004
SIGFPE: [libjvm.so+0x6f22d0], sa_mask[0]=0x7ffbfeff, sa_flags=0x10000004
SIGPIPE: [libjvm.so+0x6f22d0], sa_mask[0]=0x7ffbfeff, sa_flags=0x10000004
SIGXFSZ: [libjvm.so+0x6f22d0], sa_mask[0]=0x7ffbfeff, sa_flags=0x10000004
SIGILL: [libjvm.so+0x6f22d0], sa_mask[0]=0x7ffbfeff, sa_flags=0x10000004
SIGUSR1: SIG_DFL, sa_mask[0]=0x00000000, sa_flags=0x00000000
SIGUSR2: [libjvm.so+0x6f2680], sa_mask[0]=0x00000000, sa_flags=0x10000004
SIGHUP: [libjvm.so+0x6f27c0], sa_mask[0]=0x7ffbfeff, sa_flags=0x10000004
SIGINT: [libjvm.so+0x6f27c0], sa_mask[0]=0x7ffbfeff, sa_flags=0x10000004
SIGTERM: [libjvm.so+0x6f27c0], sa_mask[0]=0x7ffbfeff, sa_flags=0x10000004
SIGQUIT: [libjvm.so+0x6f27c0], sa_mask[0]=0x7ffbfeff, sa_flags=0x10000004


---------------  S Y S T E M  ---------------

OS:7.9

uname:Linux 3.2.0-4-amd64 #1 SMP Debian 3.2.68-1+deb7u6 x86_64
libc:glibc 2.13 NPTL 2.13 
rlimit: STACK 8192k, CORE 0k, NPROC 16006, NOFILE 4096, AS infinity
load average:0.05 0.09 0.06

/proc/meminfo:
MemTotal:        2060932 kB
MemFree:          420424 kB
Buffers:          116476 kB
Cached:           747924 kB
SwapCached:            0 kB
Active:          1049948 kB
Inactive:         443612 kB
Active(anon):     629900 kB
Inactive(anon):     5776 kB
Active(file):     420048 kB
Inactive(file):   437836 kB
Unevictable:           0 kB
Mlocked:               0 kB
SwapTotal:       2988028 kB
SwapFree:        2988028 kB
Dirty:                20 kB
Writeback:             0 kB
AnonPages:        629160 kB
Mapped:           193868 kB
Shmem:              6520 kB
Slab:              66836 kB
SReclaimable:      48564 kB
SUnreclaim:        18272 kB
KernelStack:        2680 kB
PageTables:        18128 kB
NFS_Unstable:          0 kB
Bounce:                0 kB
WritebackTmp:          0 kB
CommitLimit:     4018492 kB
Committed_AS:    2083632 kB
VmallocTotal:   34359738367 kB
VmallocUsed:      306340 kB
VmallocChunk:   34359423484 kB
HardwareCorrupted:     0 kB
AnonHugePages:         0 kB
HugePages_Total:       0
HugePages_Free:        0
HugePages_Rsvd:        0
HugePages_Surp:        0
Hugepagesize:       2048 kB
DirectMap4k:      100308 kB
DirectMap2M:     1996800 kB


CPU:total 2 (1 cores per cpu, 2 threads per core) family 15 model 4 stepping 1, cmov, cx8, fxsr, mmx, sse, sse2, sse3, ht, tsc

/proc/cpuinfo:
processor	: 0
vendor_id	: GenuineIntel
cpu family	: 15
model		: 4
model name	: Intel(R) Xeon(TM) CPU 3.60GHz
stepping	: 1
microcode	: 0xd
cpu MHz		: 3600.050
cache size	: 1024 KB
physical id	: 0
siblings	: 2
core id		: 0
cpu cores	: 1
apicid		: 0
initial apicid	: 0
fpu		: yes
fpu_exception	: yes
cpuid level	: 5
wp		: yes
flags		: fpu vme de pse tsc msr pae mce cx8 apic sep mtrr pge mca cmov pat pse36 clflush dts acpi mmx fxsr sse sse2 ss ht tm pbe syscall nx lm constant_tsc pebs bts nopl pni dtes64 monitor ds_cpl est tm2 cid cx16 xtpr
bogomips	: 7200.10
clflush size	: 64
cache_alignment	: 128
address sizes	: 36 bits physical, 48 bits virtual
power management:

processor	: 1
vendor_id	: GenuineIntel
cpu family	: 15
model		: 4
model name	: Intel(R) Xeon(TM) CPU 3.60GHz
stepping	: 1
microcode	: 0xd
cpu MHz		: 3600.050
cache size	: 1024 KB
physical id	: 0
siblings	: 2
core id		: 0
cpu cores	: 1
apicid		: 1
initial apicid	: 1
fpu		: yes
fpu_exception	: yes
cpuid level	: 5
wp		: yes
flags		: fpu vme de pse tsc msr pae mce cx8 apic sep mtrr pge mca cmov pat pse36 clflush dts acpi mmx fxsr sse sse2 ss ht tm pbe syscall nx lm constant_tsc pebs bts nopl pni dtes64 monitor ds_cpl est tm2 cid cx16 xtpr
bogomips	: 7200.66
clflush size	: 64
cache_alignment	: 128
address sizes	: 36 bits physical, 48 bits virtual
power management:



Memory: 4k page, physical 2060932k(420424k free), swap 2988028k(2988028k free)

vm_info: OpenJDK 64-Bit Server VM (23.25-b01) for linux-amd64 JRE (1.6.0_36-b36), built on Aug 19 2015 15:28:06 by "jmm" with gcc 4.7.2

time: Mon Dec  7 16:43:50 2015
elapsed time: 7560 seconds

