#
# A fatal error has been detected by the Java Runtime Environment:
#
#  SIGSEGV (0xb) at pc=0x00007fc67854bc30, pid=3546, tid=140490218919680
#
# JRE version: 6.0_36-b36
# Java VM: OpenJDK 64-Bit Server VM (23.25-b01 mixed mode linux-amd64 compressed oops)
# Derivative: IcedTea6 1.13.8
# Distribution: Debian GNU/Linux 7.8 (wheezy), package 6b36-1.13.8-1~deb7u1
# Problematic frame:
# J  java.awt.Container.dispatchEventImpl(Ljava/awt/AWTEvent;)V
#
# Failed to write core dump. Core dumps have been disabled. To enable core dumping, try "ulimit -c unlimited" before starting Java again
#
# If you would like to submit a bug report, please include
# instructions how to reproduce the bug and visit:
#   http://icedtea.classpath.org/bugzilla
#

---------------  T H R E A D  ---------------

Current thread (0x00007fc670652000):  JavaThread "AWT-EventQueue-1" [_thread_in_Java, id=3563, stack(0x00007fc66d87d000,0x00007fc66d97e000)]

siginfo:si_signo=SIGSEGV: si_errno=0, si_code=1 (SEGV_MAPERR), si_addr=0x0000000000000008

Registers:
RAX=0x0000000000000000, RBX=0x00000000d6ae19a0, RCX=0x00000000d6c34568, RDX=0x0000000000000001
RSP=0x00007fc66d97b950, RBP=0x00000000d6ae19a0, RSI=0x00000000d6615400, RDI=0x00000000d6ae19a0
R8 =0x0000000000000000, R9 =0x00000000d6ae19a0, R10=0x00000000d6c34568, R11=0x00000000f8d76000
R12=0x0000000000000000, R13=0x00000000cc0bb510, R14=0x00007fc66d97b948, R15=0x00007fc670652000
RIP=0x00007fc67854bc30, EFLAGS=0x0000000000010246, CSGSFS=0x0000000000000033, ERR=0x0000000000000004
  TRAPNO=0x000000000000000e

Top of Stack: (sp=0x00007fc66d97b950)
0x00007fc66d97b950:   cc99cd2800000000 00000000d6ae19a0
0x00007fc66d97b960:   00000000d74b85d0 00000000f8d760a8
0x00007fc66d97b970:   d661540000000001 00000000d6a648d0
0x00007fc66d97b980:   00000000d6615400 00007fc668627e30
0x00007fc66d97b990:   00007fc668627e98 00000000d7411bd8
0x00007fc66d97b9a0:   00007fc66d97bad0 00007fc670652000
0x00007fc66d97b9b0:   0000000000000001 00007fc66d97bad0
0x00007fc66d97b9c0:   00007fc66d97ba28 00007fc6780e1e9a
0x00007fc66d97b9d0:   00007fc6780e1e9a 00000000f8d760a8
0x00007fc66d97b9e0:   00000000d74b85d0 00007fc66d97b9e8
0x00007fc66d97b9f0:   00000000cc46937b 00007fc66d97ba40
0x00007fc66d97ba00:   00000000cc6d6d00 00000000ce829f20
0x00007fc66d97ba10:   00000000cc4693a8 00007fc66d97b9d8
0x00007fc66d97ba20:   00007fc66d97ba50 00000000cc716050
0x00007fc66d97ba30:   00007fc6784998a0 00000000f8d760a8
0x00007fc66d97ba40:   00000000d74b85d0 00007fc6784998a0
0x00007fc66d97ba50:   cc99cd28f8d760a8 00000000cc99cd28
0x00007fc66d97ba60:   00000000f8d760a8 00007fc670652000
0x00007fc66d97ba70:   0000000002632e90 00007fc67d5bce80
0x00007fc66d97ba80:   00007fc6706521d8 0000000002632ea0
0x00007fc66d97ba90:   00007fc66d97bb10 00007fc6780dc4f7
0x00007fc66d97baa0:   00007fc6780dc4f7 00000000f8ec8970
0x00007fc66d97bab0:   00007fc600001fa0 0000000002632e98
0x00007fc66d97bac0:   00007fc66d97bc20 00007fc66d97bc50
0x00007fc66d97bad0:   00007fc670652000 0000000002632ea0
0x00007fc66d97bae0:   00007fc66d97bb70 00007fc66d97bc28
0x00007fc66d97baf0:   00007fc60000000c 00000000ccc5fd20
0x00007fc66d97bb00:   00007fc678114a20 00007fc66d97bc58
0x00007fc66d97bb10:   00007fc66d97bbe0 00007fc67ce28f8e
0x00007fc66d97bb20:   00007fc600000001 00007fc670652000
0x00007fc66d97bb30:   00007fc678114a20 010000000000000c
0x00007fc66d97bb40:   00007fc670652000 00007fc6706506f0 

Instructions: (pc=0x00007fc67854bc30)
0x00007fc67854bc10:   85 c0 74 16 44 8b 55 14 45 85 d2 74 0d 45 8b 5a
0x00007fc67854bc20:   0c 45 85 db 0f 85 ff 11 00 00 90 e8 d0 d8 e3 ff
0x00007fc67854bc30:   44 8b 58 08 4d 8b 5b 68 49 ba 68 3b b9 cc 00 00
0x00007fc67854bc40:   00 00 4d 3b da 0f 85 e1 01 00 00 4c 8b d0 4c 89 

Register to memory mapping:

RAX=0x0000000000000000 is an unknown value
RBX=0x00000000d6ae19a0 is an oop
java.util.concurrent.locks.ReentrantLock$NonfairSync 
 - klass: 'java/util/concurrent/locks/ReentrantLock$NonfairSync'
RCX=0x00000000d6c34568 is an oop
java.awt.EventDispatchThread 
 - klass: 'java/awt/EventDispatchThread'
RDX=0x0000000000000001 is an unknown value
RSP=0x00007fc66d97b950 is pointing into the stack for thread: 0x00007fc670652000
RBP=0x00000000d6ae19a0 is an oop
java.util.concurrent.locks.ReentrantLock$NonfairSync 
 - klass: 'java/util/concurrent/locks/ReentrantLock$NonfairSync'
RSI=0x00000000d6615400 is an oop
sun.misc.Unsafe 
 - klass: 'sun/misc/Unsafe'
RDI=0x00000000d6ae19a0 is an oop
java.util.concurrent.locks.ReentrantLock$NonfairSync 
 - klass: 'java/util/concurrent/locks/ReentrantLock$NonfairSync'
R8 =0x0000000000000000 is an unknown value
R9 =0x00000000d6ae19a0 is an oop
java.util.concurrent.locks.ReentrantLock$NonfairSync 
 - klass: 'java/util/concurrent/locks/ReentrantLock$NonfairSync'
R10=0x00000000d6c34568 is an oop
java.awt.EventDispatchThread 
 - klass: 'java/awt/EventDispatchThread'
R11=0x00000000f8d76000 is an oop
java.util.concurrent.locks.AbstractQueuedSynchronizer$Node 
 - klass: 'java/util/concurrent/locks/AbstractQueuedSynchronizer$Node'
R12=0x0000000000000000 is an unknown value
R13=0x00000000cc0bb510 is an oop
{method} 
 - klass: {other class}
R14=0x00007fc66d97b948 is pointing into the stack for thread: 0x00007fc670652000
R15=0x00007fc670652000 is a thread


Stack: [0x00007fc66d87d000,0x00007fc66d97e000],  sp=0x00007fc66d97b950,  free space=1018k
Native frames: (J=compiled Java code, j=interpreted, Vv=VM code, C=native code)
J  java.awt.Container.dispatchEventImpl(Ljava/awt/AWTEvent;)V


---------------  P R O C E S S  ---------------

Java Threads: ( => current thread )
  0x0000000003171000 JavaThread "CritiquingThread" daemon [_thread_blocked, id=3572, stack(0x00007fc66d30c000,0x00007fc66d40d000)]
  0x00007fc66857a000 JavaThread "DestroyJavaVM" [_thread_blocked, id=3547, stack(0x00007fc67e287000,0x00007fc67e388000)]
  0x00007fc668310800 JavaThread "TimerQueue" daemon [_thread_blocked, id=3569, stack(0x00007fc66d40d000,0x00007fc66d50e000)]
  0x00007fc6680dd800 JavaThread "Argo-ToDoValidityCheckingThread" daemon [_thread_blocked, id=3567, stack(0x00007fc66dfac000,0x00007fc66e0ad000)]
  0x00007fc670687000 JavaThread "MDR event dispatcher" daemon [_thread_blocked, id=3565, stack(0x00007fc66d60f000,0x00007fc66d710000)]
  0x00007fc670679800 JavaThread "Active Reference Queue Daemon" daemon [_thread_blocked, id=3564, stack(0x00007fc66d710000,0x00007fc66d811000)]
=>0x00007fc670652000 JavaThread "AWT-EventQueue-1" [_thread_in_Java, id=3563, stack(0x00007fc66d87d000,0x00007fc66d97e000)]
  0x00007fc67064a000 JavaThread "AWT-Shutdown" [_thread_blocked, id=3562, stack(0x00007fc66d97e000,0x00007fc66da7f000)]
  0x00007fc67056c000 JavaThread "AWT-XAWT" daemon [_thread_in_native, id=3559, stack(0x00007fc66e3a6000,0x00007fc66e4a7000)]
  0x00007fc6704be000 JavaThread "Java2D Disposer" daemon [_thread_blocked, id=3558, stack(0x00007fc674024000,0x00007fc674125000)]
  0x00000000023a0800 JavaThread "Low Memory Detector" daemon [_thread_blocked, id=3556, stack(0x00007fc674869000,0x00007fc67496a000)]
  0x000000000239e000 JavaThread "C2 CompilerThread1" daemon [_thread_blocked, id=3555, stack(0x00007fc67496a000,0x00007fc674a6b000)]
  0x000000000239b000 JavaThread "C2 CompilerThread0" daemon [_thread_blocked, id=3554, stack(0x00007fc674a6b000,0x00007fc674b6c000)]
  0x0000000002398800 JavaThread "Signal Dispatcher" daemon [_thread_blocked, id=3553, stack(0x00007fc674b6c000,0x00007fc674c6d000)]
  0x0000000002346000 JavaThread "Finalizer" daemon [_thread_blocked, id=3552, stack(0x00007fc674de4000,0x00007fc674ee5000)]
  0x000000000233e800 JavaThread "Reference Handler" daemon [_thread_blocked, id=3551, stack(0x00007fc674ee5000,0x00007fc674fe6000)]

Other Threads:
  0x000000000232f000 VMThread [stack: 0x00007fc674fe6000,0x00007fc6750e7000] [id=3550]
  0x00000000023a3800 WatcherThread [stack: 0x00007fc674768000,0x00007fc674869000] [id=3557]

VM state:not at safepoint (normal execution)

VM Mutex/Monitor currently owned by a thread: None

Heap
 PSYoungGen      total 122688K, used 122229K [0x00000000f2200000, 0x00000000faf20000, 0x0000000100000000)
  eden space 112448K, 99% used [0x00000000f2200000,0x00000000f8f5e548,0x00000000f8fd0000)
  from space 10240K, 99% used [0x00000000fa520000,0x00000000faf1ef30,0x00000000faf20000)
  to   space 12160K, 0% used [0x00000000f9760000,0x00000000f9760000,0x00000000fa340000)
 ParOldGen       total 38784K, used 22059K [0x00000000d6600000, 0x00000000d8be0000, 0x00000000f2200000)
  object space 38784K, 56% used [0x00000000d6600000,0x00000000d7b8ae00,0x00000000d8be0000)
 PSPermGen       total 73280K, used 44469K [0x00000000cc000000, 0x00000000d0790000, 0x00000000d6600000)
  object space 73280K, 60% used [0x00000000cc000000,0x00000000ceb6d6a8,0x00000000d0790000)

Card table byte_map: [0x00007fc677f3b000,0x00007fc6780dc000] byte_map_base: 0x00007fc6778db000

Polling page: 0x00007fc67e3a2000

Code Cache  [0x00007fc6780dc000, 0x00007fc67856c000, 0x00007fc67b0dc000)
 total_blobs=2063 nmethods=1486 adapters=527 free_code_cache=44613Kb largest_free_block=45564864

Compilation events (10 events):
Event: 1054.317 Thread 0x000000000239b000 1578             javax.swing.JComponent::reshape (10 bytes)
Event: 1054.318 Thread 0x000000000239b000 nmethod 1578 0x00007fc6784bcdd0 code [0x00007fc6784bcf20, 0x00007fc6784bcf88]
Event: 1054.421 Thread 0x000000000239e000 1579             org.tigris.gef.presentation.Fig::getDashed (13 bytes)
Event: 1054.422 Thread 0x000000000239e000 nmethod 1579 0x00007fc6784aa750 code [0x00007fc6784aa880, 0x00007fc6784aa8f8]
Event: 1057.124 Thread 0x000000000239e000 1580             java.util.BitSet::get (69 bytes)
Event: 1057.126 Thread 0x000000000239e000 nmethod 1580 0x00007fc6784aa450 code [0x00007fc6784aa5a0, 0x00007fc6784aa678]
Event: 1058.039 Thread 0x000000000239e000 1581   !         java.awt.Container::dispatchEventImpl (129 bytes)
Event: 1058.424 Thread 0x000000000239b000 1582             java.awt.Point::<init> (7 bytes)
Event: 1058.425 Thread 0x000000000239b000 nmethod 1582 0x00007fc6784aa250 code [0x00007fc6784aa380, 0x00007fc6784aa3d8]
Event: 1058.951 Thread 0x000000000239e000 nmethod 1581 0x00007fc678548f10 code [0x00007fc67854a140, 0x00007fc678551f28]

GC Heap History (10 events):
Event: 81.567 GC heap before
{Heap before GC invocations=9 (full 1):
 PSYoungGen      total 69888K, used 63504K [0x00000000f2200000, 0x00000000fb160000, 0x0000000100000000)
  eden space 64512K, 98% used [0x00000000f2200000,0x00000000f6004250,0x00000000f6100000)
  from space 5376K, 0% used [0x00000000f6100000,0x00000000f6100000,0x00000000f6640000)
  to   space 8896K, 0% used [0x00000000fa8b0000,0x00000000fa8b0000,0x00000000fb160000)
 ParOldGen       total 38784K, used 20314K [0x00000000d6600000, 0x00000000d8be0000, 0x00000000f2200000)
  object space 38784K, 52% used [0x00000000d6600000,0x00000000d79d6820,0x00000000d8be0000)
 PSPermGen       total 73280K, used 40797K [0x00000000cc000000, 0x00000000d0790000, 0x00000000d6600000)
  object space 73280K, 55% used [0x00000000cc000000,0x00000000ce7d7700,0x00000000d0790000)
Event: 81.593 GC heap after
Heap after GC invocations=9 (full 1):
 PSYoungGen      total 88896K, used 3242K [0x00000000f2200000, 0x00000000fabe0000, 0x0000000100000000)
  eden space 85632K, 0% used [0x00000000f2200000,0x00000000f2200000,0x00000000f75a0000)
  from space 3264K, 99% used [0x00000000fa8b0000,0x00000000fabdaa08,0x00000000fabe0000)
  to   space 8768K, 0% used [0x00000000f9ac0000,0x00000000f9ac0000,0x00000000fa350000)
 ParOldGen       total 38784K, used 20322K [0x00000000d6600000, 0x00000000d8be0000, 0x00000000f2200000)
  object space 38784K, 52% used [0x00000000d6600000,0x00000000d79d8820,0x00000000d8be0000)
 PSPermGen       total 73280K, used 40797K [0x00000000cc000000, 0x00000000d0790000, 0x00000000d6600000)
  object space 73280K, 55% used [0x00000000cc000000,0x00000000ce7d7700,0x00000000d0790000)
}
Event: 190.233 GC heap before
{Heap before GC invocations=10 (full 1):
 PSYoungGen      total 88896K, used 88874K [0x00000000f2200000, 0x00000000fabe0000, 0x0000000100000000)
  eden space 85632K, 100% used [0x00000000f2200000,0x00000000f75a0000,0x00000000f75a0000)
  from space 3264K, 99% used [0x00000000fa8b0000,0x00000000fabdaa08,0x00000000fabe0000)
  to   space 8768K, 0% used [0x00000000f9ac0000,0x00000000f9ac0000,0x00000000fa350000)
 ParOldGen       total 38784K, used 20322K [0x00000000d6600000, 0x00000000d8be0000, 0x00000000f2200000)
  object space 38784K, 52% used [0x00000000d6600000,0x00000000d79d8820,0x00000000d8be0000)
 PSPermGen       total 73280K, used 41286K [0x00000000cc000000, 0x00000000d0790000, 0x00000000d6600000)
  object space 73280K, 56% used [0x00000000cc000000,0x00000000ce8518c8,0x00000000d0790000)
Event: 190.259 GC heap after
Heap after GC invocations=10 (full 1):
 PSYoungGen      total 107776K, used 8256K [0x00000000f2200000, 0x00000000fa8c0000, 0x0000000100000000)
  eden space 99456K, 0% used [0x00000000f2200000,0x00000000f2200000,0x00000000f8320000)
  from space 8320K, 99% used [0x00000000f9ac0000,0x00000000fa2d0388,0x00000000fa2e0000)
  to   space 6016K, 0% used [0x00000000fa2e0000,0x00000000fa2e0000,0x00000000fa8c0000)
 ParOldGen       total 38784K, used 20330K [0x00000000d6600000, 0x00000000d8be0000, 0x00000000f2200000)
  object space 38784K, 52% used [0x00000000d6600000,0x00000000d79da820,0x00000000d8be0000)
 PSPermGen       total 73280K, used 41286K [0x00000000cc000000, 0x00000000d0790000, 0x00000000d6600000)
  object space 73280K, 56% used [0x00000000cc000000,0x00000000ce8518c8,0x00000000d0790000)
}
Event: 478.022 GC heap before
{Heap before GC invocations=11 (full 1):
 PSYoungGen      total 107776K, used 107634K [0x00000000f2200000, 0x00000000fa8c0000, 0x0000000100000000)
  eden space 99456K, 99% used [0x00000000f2200000,0x00000000f830c788,0x00000000f8320000)
  from space 8320K, 99% used [0x00000000f9ac0000,0x00000000fa2d0388,0x00000000fa2e0000)
  to   space 6016K, 0% used [0x00000000fa2e0000,0x00000000fa2e0000,0x00000000fa8c0000)
 ParOldGen       total 38784K, used 20330K [0x00000000d6600000, 0x00000000d8be0000, 0x00000000f2200000)
  object space 38784K, 52% used [0x00000000d6600000,0x00000000d79da820,0x00000000d8be0000)
 PSPermGen       total 73280K, used 41383K [0x00000000cc000000, 0x00000000d0790000, 0x00000000d6600000)
  object space 73280K, 56% used [0x00000000cc000000,0x00000000ce869e08,0x00000000d0790000)
Event: 478.044 GC heap after
Heap after GC invocations=11 (full 1):
 PSYoungGen      total 116928K, used 4528K [0x00000000f2200000, 0x00000000fa750000, 0x0000000100000000)
  eden space 112384K, 0% used [0x00000000f2200000,0x00000000f2200000,0x00000000f8fc0000)
  from space 4544K, 99% used [0x00000000fa2e0000,0x00000000fa74c0b0,0x00000000fa750000)
  to   space 9408K, 0% used [0x00000000f94f0000,0x00000000f94f0000,0x00000000f9e20000)
 ParOldGen       total 38784K, used 20338K [0x00000000d6600000, 0x00000000d8be0000, 0x00000000f2200000)
  object space 38784K, 52% used [0x00000000d6600000,0x00000000d79dc820,0x00000000d8be0000)
 PSPermGen       total 73280K, used 41383K [0x00000000cc000000, 0x00000000d0790000, 0x00000000d6600000)
  object space 73280K, 56% used [0x00000000cc000000,0x00000000ce869e08,0x00000000d0790000)
}
Event: 727.036 GC heap before
{Heap before GC invocations=12 (full 1):
 PSYoungGen      total 116928K, used 116912K [0x00000000f2200000, 0x00000000fa750000, 0x0000000100000000)
  eden space 112384K, 100% used [0x00000000f2200000,0x00000000f8fc0000,0x00000000f8fc0000)
  from space 4544K, 99% used [0x00000000fa2e0000,0x00000000fa74c0b0,0x00000000fa750000)
  to   space 9408K, 0% used [0x00000000f94f0000,0x00000000f94f0000,0x00000000f9e20000)
 ParOldGen       total 38784K, used 20338K [0x00000000d6600000, 0x00000000d8be0000, 0x00000000f2200000)
  object space 38784K, 52% used [0x00000000d6600000,0x00000000d79dc820,0x00000000d8be0000)
 PSPermGen       total 73280K, used 41551K [0x00000000cc000000, 0x00000000d0790000, 0x00000000d6600000)
  object space 73280K, 56% used [0x00000000cc000000,0x00000000ce893f60,0x00000000d0790000)
Event: 727.061 GC heap after
Heap after GC invocations=12 (full 1):
 PSYoungGen      total 127104K, used 8591K [0x00000000f2200000, 0x00000000faf20000, 0x0000000100000000)
  eden space 117696K, 0% used [0x00000000f2200000,0x00000000f2200000,0x00000000f94f0000)
  from space 9408K, 91% used [0x00000000f94f0000,0x00000000f9d53c90,0x00000000f9e20000)
  to   space 10240K, 0% used [0x00000000fa520000,0x00000000fa520000,0x00000000faf20000)
 ParOldGen       total 38784K, used 20346K [0x00000000d6600000, 0x00000000d8be0000, 0x00000000f2200000)
  object space 38784K, 52% used [0x00000000d6600000,0x00000000d79de820,0x00000000d8be0000)
 PSPermGen       total 73280K, used 41551K [0x00000000cc000000, 0x00000000d0790000, 0x00000000d6600000)
  object space 73280K, 56% used [0x00000000cc000000,0x00000000ce893f60,0x00000000d0790000)
}
Event: 953.991 GC heap before
{Heap before GC invocations=13 (full 1):
 PSYoungGen      total 127104K, used 126287K [0x00000000f2200000, 0x00000000faf20000, 0x0000000100000000)
  eden space 117696K, 100% used [0x00000000f2200000,0x00000000f94f0000,0x00000000f94f0000)
  from space 9408K, 91% used [0x00000000f94f0000,0x00000000f9d53c90,0x00000000f9e20000)
  to   space 10240K, 0% used [0x00000000fa520000,0x00000000fa520000,0x00000000faf20000)
 ParOldGen       total 38784K, used 20346K [0x00000000d6600000, 0x00000000d8be0000, 0x00000000f2200000)
  object space 38784K, 52% used [0x00000000d6600000,0x00000000d79de820,0x00000000d8be0000)
 PSPermGen       total 73280K, used 42986K [0x00000000cc000000, 0x00000000d0790000, 0x00000000d6600000)
  object space 73280K, 58% used [0x00000000cc000000,0x00000000ce9fabc0,0x00000000d0790000)
Event: 954.029 GC heap after
Heap after GC invocations=13 (full 1):
 PSYoungGen      total 122688K, used 10235K [0x00000000f2200000, 0x00000000faf20000, 0x0000000100000000)
  eden space 112448K, 0% used [0x00000000f2200000,0x00000000f2200000,0x00000000f8fd0000)
  from space 10240K, 99% used [0x00000000fa520000,0x00000000faf1ef30,0x00000000faf20000)
  to   space 12160K, 0% used [0x00000000f9760000,0x00000000f9760000,0x00000000fa340000)
 ParOldGen       total 38784K, used 22059K [0x00000000d6600000, 0x00000000d8be0000, 0x00000000f2200000)
  object space 38784K, 56% used [0x00000000d6600000,0x00000000d7b8ae00,0x00000000d8be0000)
 PSPermGen       total 73280K, used 42986K [0x00000000cc000000, 0x00000000d0790000, 0x00000000d6600000)
  object space 73280K, 58% used [0x00000000cc000000,0x00000000ce9fabc0,0x00000000d0790000)
}

Deoptimization events (10 events):
Event: 953.878 Thread 0x00007fc6686bf800 Uncommon trap -34 fr.pc 0x00007fc67827df8c
Event: 953.878 Thread 0x00007fc6686bf800 Uncommon trap -34 fr.pc 0x00007fc67827df8c
Event: 953.878 Thread 0x00007fc6686bf800 Uncommon trap -34 fr.pc 0x00007fc67827df8c
Event: 953.915 Thread 0x00007fc6686bf800 Uncommon trap -34 fr.pc 0x00007fc6783cad30
Event: 953.915 Thread 0x00007fc6686bf800 Uncommon trap -34 fr.pc 0x00007fc6783cad30
Event: 953.915 Thread 0x00007fc6686bf800 Uncommon trap -34 fr.pc 0x00007fc6783cad30
Event: 953.915 Thread 0x00007fc6686bf800 Uncommon trap -34 fr.pc 0x00007fc6783cad30
Event: 954.695 Thread 0x00007fc670652000 Uncommon trap -34 fr.pc 0x00007fc6782e9c84
Event: 1031.914 Thread 0x00007fc670652000 Uncommon trap 453 fr.pc 0x00007fc678299fa8
Event: 1049.422 Thread 0x00007fc670652000 Uncommon trap -12 fr.pc 0x00007fc6784ac324

Internal exceptions (10 events):
Event: 954.663 Thread 0x00007fc6686bf800 Threw 0x00000000f341a480 at /home/jmm/jdk6/openjdk-6-6b36-1.13.8/build/openjdk/hotspot/src/share/vm/prims/jvm.cpp:1272
Event: 954.664 Thread 0x00007fc6686bf800 Threw 0x00000000f341d9e8 at /home/jmm/jdk6/openjdk-6-6b36-1.13.8/build/openjdk/hotspot/src/share/vm/classfile/systemDictionary.cpp:
Event: 954.664 Thread 0x00007fc6686bf800 Threw 0x00000000f341e008 at /home/jmm/jdk6/openjdk-6-6b36-1.13.8/build/openjdk/hotspot/src/share/vm/prims/jvm.cpp:1272
Event: 954.664 Thread 0x00007fc6686bf800 Threw 0x00000000f341e6d8 at /home/jmm/jdk6/openjdk-6-6b36-1.13.8/build/openjdk/hotspot/src/share/vm/prims/jvm.cpp:1272
Event: 954.677 Thread 0x00007fc6686bf800 Threw 0x00000000f34377f8 at /home/jmm/jdk6/openjdk-6-6b36-1.13.8/build/openjdk/hotspot/src/share/vm/classfile/systemDictionary.cpp:
Event: 954.677 Thread 0x00007fc6686bf800 Threw 0x00000000f3437b58 at /home/jmm/jdk6/openjdk-6-6b36-1.13.8/build/openjdk/hotspot/src/share/vm/prims/jvm.cpp:1272
Event: 954.688 Thread 0x00007fc6686bf800 Threw 0x00000000f343d478 at /home/jmm/jdk6/openjdk-6-6b36-1.13.8/build/openjdk/hotspot/src/share/vm/classfile/systemDictionary.cpp:
Event: 954.688 Thread 0x00007fc6686bf800 Threw 0x00000000f343d7d8 at /home/jmm/jdk6/openjdk-6-6b36-1.13.8/build/openjdk/hotspot/src/share/vm/prims/jvm.cpp:1272
Event: 1049.422 Thread 0x00007fc670652000 Implicit null exception at 0x00007fc6784ab947 to 0x00007fc6784ac319
Event: 1059.495 Thread 0x00007fc670652000 Implicit null exception at 0x00007fc67854bc30 to 0x0000000000000000

Events (10 events):
Event: 1049.423 Thread 0x00007fc670652000 DEOPT UNPACKING pc=0x00007fc678115145 sp=0x00007fc66d979150 mode 2
Event: 1054.416 Executing VM operation: RevokeBias
Event: 1054.418 Executing VM operation: RevokeBias done
Event: 1054.419 Thread 0x00007fc6687df000 Thread exited: 0x00007fc6687df000
Event: 1057.084 Executing VM operation: BulkRevokeBias
Event: 1057.085 Executing VM operation: BulkRevokeBias done
Event: 1057.115 Executing VM operation: BulkRevokeBias
Event: 1057.115 Executing VM operation: BulkRevokeBias done
Event: 1057.117 Executing VM operation: BulkRevokeBias
Event: 1057.117 Executing VM operation: BulkRevokeBias done


Dynamic libraries:
00400000-00409000 r-xp 00000000 08:01 3540951                            /usr/lib/jvm/java-6-openjdk-amd64/jre/bin/java
00608000-00609000 rw-p 00008000 08:01 3540951                            /usr/lib/jvm/java-6-openjdk-amd64/jre/bin/java
021e2000-032db000 rw-p 00000000 00:00 0                                  [heap]
cc000000-d0790000 rw-p 00000000 00:00 0 
d0790000-d6600000 rw-p 00000000 00:00 0 
d6600000-d8be0000 rw-p 00000000 00:00 0 
d8be0000-f2200000 rw-p 00000000 00:00 0 
f2200000-faf20000 rw-p 00000000 00:00 0 
faf20000-fb160000 ---p 00000000 00:00 0 
fb160000-100000000 rw-p 00000000 00:00 0 
7fc668000000-7fc669bfe000 rw-p 00000000 00:00 0 
7fc669bfe000-7fc66c000000 ---p 00000000 00:00 0 
7fc66c9b1000-7fc66c9b4000 ---p 00000000 00:00 0 
7fc66c9b4000-7fc66cab2000 rw-p 00000000 00:00 0 
7fc66cab2000-7fc66cf66000 rw-s 00000000 00:04 131073                     /SYSV00000000 (deleted)
7fc66d036000-7fc66d10c000 r-xp 00000000 08:01 3540981                    /usr/lib/jvm/java-6-openjdk-amd64/jre/lib/amd64/libmlib_image.so
7fc66d10c000-7fc66d30b000 ---p 000d6000 08:01 3540981                    /usr/lib/jvm/java-6-openjdk-amd64/jre/lib/amd64/libmlib_image.so
7fc66d30b000-7fc66d30c000 rw-p 000d5000 08:01 3540981                    /usr/lib/jvm/java-6-openjdk-amd64/jre/lib/amd64/libmlib_image.so
7fc66d30c000-7fc66d30f000 ---p 00000000 00:00 0 
7fc66d30f000-7fc66d40d000 rw-p 00000000 00:00 0 
7fc66d40d000-7fc66d410000 ---p 00000000 00:00 0 
7fc66d410000-7fc66d50e000 rw-p 00000000 00:00 0 
7fc66d50e000-7fc66d511000 ---p 00000000 00:00 0 
7fc66d511000-7fc66d60f000 rw-p 00000000 00:00 0 
7fc66d60f000-7fc66d612000 ---p 00000000 00:00 0 
7fc66d612000-7fc66d710000 rw-p 00000000 00:00 0 
7fc66d710000-7fc66d713000 ---p 00000000 00:00 0 
7fc66d713000-7fc66d811000 rw-p 00000000 00:00 0 
7fc66d87d000-7fc66d880000 ---p 00000000 00:00 0 
7fc66d880000-7fc66d97e000 rw-p 00000000 00:00 0 
7fc66d97e000-7fc66d981000 ---p 00000000 00:00 0 
7fc66d981000-7fc66da7f000 rw-p 00000000 00:00 0 
7fc66daa1000-7fc66daa4000 ---p 00000000 00:00 0 
7fc66daa4000-7fc66dba2000 rw-p 00000000 00:00 0 
7fc66dba2000-7fc66dba5000 ---p 00000000 00:00 0 
7fc66dba5000-7fc66dca3000 rw-p 00000000 00:00 0 
7fc66dca3000-7fc66dcab000 r-xp 00000000 08:01 3540975                    /usr/lib/jvm/java-6-openjdk-amd64/jre/lib/amd64/libnio.so
7fc66dcab000-7fc66deaa000 ---p 00008000 08:01 3540975                    /usr/lib/jvm/java-6-openjdk-amd64/jre/lib/amd64/libnio.so
7fc66deaa000-7fc66deab000 rw-p 00007000 08:01 3540975                    /usr/lib/jvm/java-6-openjdk-amd64/jre/lib/amd64/libnio.so
7fc66deab000-7fc66deae000 ---p 00000000 00:00 0 
7fc66deae000-7fc66dfac000 rw-p 00000000 00:00 0 
7fc66dfac000-7fc66dfaf000 ---p 00000000 00:00 0 
7fc66dfaf000-7fc66e0ad000 rw-p 00000000 00:00 0 
7fc66e0ad000-7fc66e0b2000 r-xp 00000000 08:01 2628082                    /usr/lib/x86_64-linux-gnu/libXfixes.so.3.1.0
7fc66e0b2000-7fc66e2b1000 ---p 00005000 08:01 2628082                    /usr/lib/x86_64-linux-gnu/libXfixes.so.3.1.0
7fc66e2b1000-7fc66e2b2000 r--p 00004000 08:01 2628082                    /usr/lib/x86_64-linux-gnu/libXfixes.so.3.1.0
7fc66e2b2000-7fc66e2b3000 rw-p 00005000 08:01 2628082                    /usr/lib/x86_64-linux-gnu/libXfixes.so.3.1.0
7fc66e2b3000-7fc66e2b4000 r--s 00000000 08:01 4199025                    /var/cache/fontconfig/c05880de57d1f5e948fdfacc138775d9-le64.cache-3
7fc66e2b4000-7fc66e2bd000 r--s 00000000 08:01 4199024                    /var/cache/fontconfig/945677eb7aeaf62f1d50efc3fb3ec7d8-le64.cache-3
7fc66e2bd000-7fc66e2c2000 r--s 00000000 08:01 4199022                    /var/cache/fontconfig/6eb3985aa4124903f6ff08ba781cd364-le64.cache-3
7fc66e2c2000-7fc66e2cb000 r--s 00000000 08:01 4199021                    /var/cache/fontconfig/6d41288fd70b0be22e8c3a91e032eec0-le64.cache-3
7fc66e3a6000-7fc66e3a9000 ---p 00000000 00:00 0 
7fc66e3a9000-7fc66e4a7000 rw-p 00000000 00:00 0 
7fc66e4a7000-7fc66e4a8000 r--s 00000000 08:01 4199025                    /var/cache/fontconfig/c05880de57d1f5e948fdfacc138775d9-le64.cache-3
7fc66e4a8000-7fc66e4b1000 r--s 00000000 08:01 4199024                    /var/cache/fontconfig/945677eb7aeaf62f1d50efc3fb3ec7d8-le64.cache-3
7fc66e4b1000-7fc66e4b6000 r--s 00000000 08:01 4199022                    /var/cache/fontconfig/6eb3985aa4124903f6ff08ba781cd364-le64.cache-3
7fc66e4b6000-7fc66e4bf000 r--s 00000000 08:01 4199021                    /var/cache/fontconfig/6d41288fd70b0be22e8c3a91e032eec0-le64.cache-3
7fc66e4bf000-7fc66e4c0000 r--s 00000000 08:01 4209328                    /var/cache/fontconfig/4794a0821666d79190d59a36cb4f44b5-le64.cache-3
7fc66e4c0000-7fc66e4c3000 r--s 00000000 08:01 4199019                    /var/cache/fontconfig/c57959a16110560c8d0fcea73374aeeb-le64.cache-3
7fc66e4c3000-7fc66e4c8000 r--s 00000000 08:01 4199018                    /var/cache/fontconfig/3047814df9a2f067bd2d96a2b9c36e5a-le64.cache-3
7fc66e4c8000-7fc66e4cb000 r--s 00000000 08:01 4199017                    /var/cache/fontconfig/e49e89034d371f0f9de17aab02136486-le64.cache-3
7fc66e4cb000-7fc66e4cd000 r--s 00000000 08:01 4199016                    /var/cache/fontconfig/4b14b093aebc79c320de5e86ae1d3314-le64.cache-3
7fc66e4cd000-7fc66e4d4000 r--s 00000000 08:01 4199015                    /var/cache/fontconfig/3f7329c5293ffd510edef78f73874cfd-le64.cache-3
7fc66e4d4000-7fc66e4de000 r--s 00000000 08:01 4199013                    /var/cache/fontconfig/83bf95040141907cd45bb53cf7c1c148-le64.cache-3
7fc66e4de000-7fc66e4df000 r--s 00000000 08:01 4199012                    /var/cache/fontconfig/62f91419b9ebdb6975e7e41ab6412357-le64.cache-3
7fc66e509000-7fc66e513000 r-xp 00000000 08:01 2628418                    /usr/lib/x86_64-linux-gnu/libXcursor.so.1.0.2
7fc66e513000-7fc66e712000 ---p 0000a000 08:01 2628418                    /usr/lib/x86_64-linux-gnu/libXcursor.so.1.0.2
7fc66e712000-7fc66e713000 rw-p 00009000 08:01 2628418                    /usr/lib/x86_64-linux-gnu/libXcursor.so.1.0.2
7fc66e729000-7fc66e72c000 r--s 00000000 08:01 4199000                    /var/cache/fontconfig/e13b20fdb08344e0e664864cc2ede53d-le64.cache-3
7fc66e72c000-7fc66e7c5000 r-xp 00000000 08:01 2624995                    /usr/lib/x86_64-linux-gnu/libfreetype.so.6.8.1
7fc66e7c5000-7fc66e9c4000 ---p 00099000 08:01 2624995                    /usr/lib/x86_64-linux-gnu/libfreetype.so.6.8.1
7fc66e9c4000-7fc66e9ca000 r--p 00098000 08:01 2624995                    /usr/lib/x86_64-linux-gnu/libfreetype.so.6.8.1
7fc66e9ca000-7fc66e9cb000 rw-p 0009e000 08:01 2624995                    /usr/lib/x86_64-linux-gnu/libfreetype.so.6.8.1
7fc66e9cb000-7fc66ea1a000 r-xp 00000000 08:01 3540987                    /usr/lib/jvm/java-6-openjdk-amd64/jre/lib/amd64/libfontmanager.so
7fc66ea1a000-7fc66ec1a000 ---p 0004f000 08:01 3540987                    /usr/lib/jvm/java-6-openjdk-amd64/jre/lib/amd64/libfontmanager.so
7fc66ec1a000-7fc66ec1d000 rw-p 0004f000 08:01 3540987                    /usr/lib/jvm/java-6-openjdk-amd64/jre/lib/amd64/libfontmanager.so
7fc66ec1d000-7fc66ec22000 r-xp 00000000 08:01 2625016                    /usr/lib/x86_64-linux-gnu/libXdmcp.so.6.0.0
7fc66ec22000-7fc66ee21000 ---p 00005000 08:01 2625016                    /usr/lib/x86_64-linux-gnu/libXdmcp.so.6.0.0
7fc66ee21000-7fc66ee22000 rw-p 00004000 08:01 2625016                    /usr/lib/x86_64-linux-gnu/libXdmcp.so.6.0.0
7fc66ee22000-7fc66ee24000 r-xp 00000000 08:01 2625014                    /usr/lib/x86_64-linux-gnu/libXau.so.6.0.0
7fc66ee24000-7fc66f024000 ---p 00002000 08:01 2625014                    /usr/lib/x86_64-linux-gnu/libXau.so.6.0.0
7fc66f024000-7fc66f025000 rw-p 00002000 08:01 2625014                    /usr/lib/x86_64-linux-gnu/libXau.so.6.0.0
7fc66f025000-7fc66f044000 r-xp 00000000 08:01 2627032                    /usr/lib/x86_64-linux-gnu/libxcb.so.1.1.0
7fc66f044000-7fc66f243000 ---p 0001f000 08:01 2627032                    /usr/lib/x86_64-linux-gnu/libxcb.so.1.1.0
7fc66f243000-7fc66f244000 r--p 0001e000 08:01 2627032                    /usr/lib/x86_64-linux-gnu/libxcb.so.1.1.0
7fc66f244000-7fc66f245000 rw-p 0001f000 08:01 2627032                    /usr/lib/x86_64-linux-gnu/libxcb.so.1.1.0
7fc66f245000-7fc66f253000 r-xp 00000000 08:01 2628422                    /usr/lib/x86_64-linux-gnu/libXi.so.6.1.0
7fc66f253000-7fc66f453000 ---p 0000e000 08:01 2628422                    /usr/lib/x86_64-linux-gnu/libXi.so.6.1.0
7fc66f453000-7fc66f454000 rw-p 0000e000 08:01 2628422                    /usr/lib/x86_64-linux-gnu/libXi.so.6.1.0
7fc66f454000-7fc66f459000 r-xp 00000000 08:01 2632507                    /usr/lib/x86_64-linux-gnu/libXtst.so.6.1.0
7fc66f459000-7fc66f658000 ---p 00005000 08:01 2632507                    /usr/lib/x86_64-linux-gnu/libXtst.so.6.1.0
7fc66f658000-7fc66f659000 rw-p 00004000 08:01 2632507                    /usr/lib/x86_64-linux-gnu/libXtst.so.6.1.0
7fc66f659000-7fc66f662000 r-xp 00000000 08:01 2627210                    /usr/lib/x86_64-linux-gnu/libXrender.so.1.3.0
7fc66f662000-7fc66f861000 ---p 00009000 08:01 2627210                    /usr/lib/x86_64-linux-gnu/libXrender.so.1.3.0
7fc66f861000-7fc66f862000 rw-p 00008000 08:01 2627210                    /usr/lib/x86_64-linux-gnu/libXrender.so.1.3.0
7fc66f862000-7fc66f997000 r-xp 00000000 08:01 2627036                    /usr/lib/x86_64-linux-gnu/libX11.so.6.3.0
7fc66f997000-7fc66fb97000 ---p 00135000 08:01 2627036                    /usr/lib/x86_64-linux-gnu/libX11.so.6.3.0
7fc66fb97000-7fc66fb9d000 rw-p 00135000 08:01 2627036                    /usr/lib/x86_64-linux-gnu/libX11.so.6.3.0
7fc66fb9d000-7fc66fbae000 r-xp 00000000 08:01 2628090                    /usr/lib/x86_64-linux-gnu/libXext.so.6.4.0
7fc66fbae000-7fc66fdae000 ---p 00011000 08:01 2628090                    /usr/lib/x86_64-linux-gnu/libXext.so.6.4.0
7fc66fdae000-7fc66fdaf000 rw-p 00011000 08:01 2628090                    /usr/lib/x86_64-linux-gnu/libXext.so.6.4.0
7fc66fdaf000-7fc66fdfc000 r-xp 00000000 08:01 3552144                    /usr/lib/jvm/java-6-openjdk-amd64/jre/lib/amd64/xawt/libmawt.so
7fc66fdfc000-7fc66fffb000 ---p 0004d000 08:01 3552144                    /usr/lib/jvm/java-6-openjdk-amd64/jre/lib/amd64/xawt/libmawt.so
7fc66fffb000-7fc66ffff000 rw-p 0004c000 08:01 3552144                    /usr/lib/jvm/java-6-openjdk-amd64/jre/lib/amd64/xawt/libmawt.so
7fc66ffff000-7fc670000000 rw-p 00000000 00:00 0 
7fc670000000-7fc673112000 rw-p 00000000 00:00 0 
7fc673112000-7fc674000000 ---p 00000000 00:00 0 
7fc674001000-7fc674002000 r--s 00000000 08:01 4209328                    /var/cache/fontconfig/4794a0821666d79190d59a36cb4f44b5-le64.cache-3
7fc674002000-7fc674005000 r--s 00000000 08:01 4199019                    /var/cache/fontconfig/c57959a16110560c8d0fcea73374aeeb-le64.cache-3
7fc674005000-7fc67400a000 r--s 00000000 08:01 4199018                    /var/cache/fontconfig/3047814df9a2f067bd2d96a2b9c36e5a-le64.cache-3
7fc67400a000-7fc67400d000 r--s 00000000 08:01 4199017                    /var/cache/fontconfig/e49e89034d371f0f9de17aab02136486-le64.cache-3
7fc67400d000-7fc67400f000 r--s 00000000 08:01 4199016                    /var/cache/fontconfig/4b14b093aebc79c320de5e86ae1d3314-le64.cache-3
7fc67400f000-7fc674016000 r--s 00000000 08:01 4199015                    /var/cache/fontconfig/3f7329c5293ffd510edef78f73874cfd-le64.cache-3
7fc674016000-7fc674020000 r--s 00000000 08:01 4199013                    /var/cache/fontconfig/83bf95040141907cd45bb53cf7c1c148-le64.cache-3
7fc674020000-7fc674021000 r--s 00000000 08:01 4199012                    /var/cache/fontconfig/62f91419b9ebdb6975e7e41ab6412357-le64.cache-3
7fc674021000-7fc674024000 r--s 00000000 08:01 4199000                    /var/cache/fontconfig/e13b20fdb08344e0e664864cc2ede53d-le64.cache-3
7fc674024000-7fc674027000 ---p 00000000 00:00 0 
7fc674027000-7fc674125000 rw-p 00000000 00:00 0 
7fc674125000-7fc6741c5000 r-xp 00000000 08:01 3540989                    /usr/lib/jvm/java-6-openjdk-amd64/jre/lib/amd64/libawt.so
7fc6741c5000-7fc6743c5000 ---p 000a0000 08:01 3540989                    /usr/lib/jvm/java-6-openjdk-amd64/jre/lib/amd64/libawt.so
7fc6743c5000-7fc6743d0000 rw-p 000a0000 08:01 3540989                    /usr/lib/jvm/java-6-openjdk-amd64/jre/lib/amd64/libawt.so
7fc6743d0000-7fc6743f5000 rw-p 00000000 00:00 0 
7fc6743f5000-7fc67440a000 r-xp 00000000 08:01 3540985                    /usr/lib/jvm/java-6-openjdk-amd64/jre/lib/amd64/libnet.so
7fc67440a000-7fc67460a000 ---p 00015000 08:01 3540985                    /usr/lib/jvm/java-6-openjdk-amd64/jre/lib/amd64/libnet.so
7fc67460a000-7fc67460b000 rw-p 00015000 08:01 3540985                    /usr/lib/jvm/java-6-openjdk-amd64/jre/lib/amd64/libnet.so
7fc67460b000-7fc67460d000 r--s 0000b000 08:01 263021                     /home/gtsi/Téléchargements/argouml-0.34/toolbar-1.4.1-20071227.jar
7fc67460d000-7fc67460f000 r--s 0000b000 08:01 263020                     /home/gtsi/Téléchargements/argouml-0.34/swidgets-0.1.4.jar
7fc67460f000-7fc67461d000 r--s 0009c000 08:01 263001                     /home/gtsi/Téléchargements/argouml-0.34/ocl-argo-1.1.jar
7fc67461d000-7fc674624000 r--s 00053000 08:01 262997                     /home/gtsi/Téléchargements/argouml-0.34/log4j-1.2.6.jar
7fc674624000-7fc67462f000 r--s 000a4000 08:01 262988                     /home/gtsi/Téléchargements/argouml-0.34/gef-0.13.8.jar
7fc67462f000-7fc67463a000 r--s 0006c000 08:01 262982                     /home/gtsi/Téléchargements/argouml-0.34/ext/argouml-umlpropertypanels.jar
7fc67463a000-7fc67463b000 r--s 00004000 08:01 262981                     /home/gtsi/Téléchargements/argouml-0.34/ext/argouml-transformer.jar
7fc67463b000-7fc67463d000 r--s 0000a000 08:01 262980                     /home/gtsi/Téléchargements/argouml-0.34/ext/argouml-sql.jar
7fc67463d000-7fc67463f000 r--s 00002000 08:01 262979                     /home/gtsi/Téléchargements/argouml-0.34/ext/argouml-notation.jar
7fc67463f000-7fc674641000 r--s 00009000 08:01 262977                     /home/gtsi/Téléchargements/argouml-0.34/ext/argouml-i18n-ru.jar
7fc674641000-7fc674642000 r--s 00008000 08:01 262976                     /home/gtsi/Téléchargements/argouml-0.34/ext/argouml-i18n-pt_BR.jar
7fc674642000-7fc674643000 r--s 00014000 08:01 262975                     /home/gtsi/Téléchargements/argouml-0.34/ext/argouml-i18n-pt.jar
7fc674643000-7fc674644000 r--s 0000e000 08:01 262973                     /home/gtsi/Téléchargements/argouml-0.34/ext/argouml-i18n-it.jar
7fc674644000-7fc674645000 r--s 00009000 08:01 262972                     /home/gtsi/Téléchargements/argouml-0.34/ext/argouml-i18n-fr.jar
7fc674645000-7fc674646000 r--s 00013000 08:01 262971                     /home/gtsi/Téléchargements/argouml-0.34/ext/argouml-i18n-es.jar
7fc674646000-7fc674647000 r--s 00007000 08:01 262970                     /home/gtsi/Téléchargements/argouml-0.34/ext/argouml-i18n-en_GB.jar
7fc674647000-7fc674648000 r--s 00015000 08:01 262969                     /home/gtsi/Téléchargements/argouml-0.34/ext/argouml-i18n-de.jar
7fc674648000-7fc674649000 r--s 00005000 08:01 262968                     /home/gtsi/Téléchargements/argouml-0.34/ext/argouml-diagrams-state.jar
7fc674649000-7fc67464b000 r--s 0000c000 08:01 262967                     /home/gtsi/Téléchargements/argouml-0.34/ext/argouml-diagrams-sequence.jar
7fc67464b000-7fc67464c000 r--s 00003000 08:01 262966                     /home/gtsi/Téléchargements/argouml-0.34/ext/argouml-diagrams-deployment.jar
7fc67464c000-7fc67464e000 r--s 00009000 08:01 262965                     /home/gtsi/Téléchargements/argouml-0.34/ext/argouml-diagrams-activity.jar
7fc67464e000-7fc674653000 r--s 00026000 08:01 262964                     /home/gtsi/Téléchargements/argouml-0.34/ext/argouml-csharp.jar
7fc674653000-7fc674655000 r--s 00008000 08:01 262986                     /home/gtsi/Téléchargements/argouml-0.34/ext/argo_php.jar
7fc674655000-7fc67465b000 r--s 0005f000 08:01 262985                     /home/gtsi/Téléchargements/argouml-0.34/ext/argo_java.jar
7fc67465b000-7fc67465c000 r--s 00012000 08:01 262984                     /home/gtsi/Téléchargements/argouml-0.34/ext/argo_idl.jar
7fc67465c000-7fc67465e000 r--s 00022000 08:01 262983                     /home/gtsi/Téléchargements/argouml-0.34/ext/argo_cpp.jar
7fc67465e000-7fc674662000 r--s 0001b000 08:01 262963                     /home/gtsi/Téléchargements/argouml-0.34/ext/antlr-runtime-3.1.1.jar
7fc674662000-7fc674668000 r--s 0006b000 08:01 262962                     /home/gtsi/Téléchargements/argouml-0.34/ext/antlr-2.7.7.jar
7fc674668000-7fc67466a000 r--s 0000b000 08:01 262960                     /home/gtsi/Téléchargements/argouml-0.34/ext/anarres-cpp-no-dependencies-1.2.3.jar
7fc67466a000-7fc67466c000 r--s 00007000 08:01 262959                     /home/gtsi/Téléchargements/argouml-0.34/commons-logging-1.0.2.jar
7fc67466c000-7fc67466e000 r--s 00007000 08:01 262958                     /home/gtsi/Téléchargements/argouml-0.34/batik-xml-1.7.jar
7fc67466e000-7fc674671000 r--s 0001f000 08:01 262957                     /home/gtsi/Téléchargements/argouml-0.34/batik-util-1.7.jar
7fc674671000-7fc674676000 r--s 00034000 08:01 262956                     /home/gtsi/Téléchargements/argouml-0.34/batik-svggen-1.7.jar
7fc674676000-7fc674678000 r--s 00002000 08:01 262955                     /home/gtsi/Téléchargements/argouml-0.34/batik-ext-1.7.jar
7fc674678000-7fc67467c000 r--s 0002a000 08:01 262954                     /home/gtsi/Téléchargements/argouml-0.34/batik-dom-1.7.jar
7fc67467c000-7fc674683000 r--s 00061000 08:01 262953                     /home/gtsi/Téléchargements/argouml-0.34/batik-awt-util-1.7.jar
7fc674683000-7fc674688000 r--s 00074000 08:01 263002                     /home/gtsi/Téléchargements/argouml-0.34/openide-util.jar
7fc674688000-7fc674692000 r--s 00145000 08:01 263000                     /home/gtsi/Téléchargements/argouml-0.34/nbmdr.jar
7fc674692000-7fc674695000 r--s 0002a000 08:01 262999                     /home/gtsi/Téléchargements/argouml-0.34/mof.jar
7fc674695000-7fc674697000 r--s 00007000 08:01 262998                     /home/gtsi/Téléchargements/argouml-0.34/mdrapi.jar
7fc674697000-7fc67469b000 r--s 00073000 08:01 262996                     /home/gtsi/Téléchargements/argouml-0.34/jmiutils.jar
7fc67469b000-7fc67469c000 r--s 00005000 08:01 262995                     /home/gtsi/Téléchargements/argouml-0.34/jmi.jar
7fc67469c000-7fc6746a8000 r--s 00027000 08:01 262994                     /home/gtsi/Téléchargements/argouml-0.34/java-interfaces.jar
7fc6746a8000-7fc6746ac000 r--s 0004f000 08:01 262946                     /home/gtsi/Téléchargements/argouml-0.34/argouml-mdr.jar
7fc6746ac000-7fc6746c2000 r--s 002dc000 08:01 263018                     /home/gtsi/Téléchargements/argouml-0.34/org.eclipse.uml2.uml_3.1.1.v201008191505.jar
7fc6746c2000-7fc6746c3000 r--s 00036000 08:01 263017                     /home/gtsi/Téléchargements/argouml-0.34/org.eclipse.uml2.uml.resources_3.1.1.v201008191505.jar
7fc6746c3000-7fc6746d0000 r--s 000ce000 08:01 263016                     /home/gtsi/Téléchargements/argouml-0.34/org.eclipse.uml2.uml.edit_3.1.0.v201005031530.jar
7fc6746d0000-7fc6746d4000 r--s 0001b000 08:01 263015                     /home/gtsi/Téléchargements/argouml-0.34/org.eclipse.uml2.common_1.5.0.v201005031530.jar
7fc6746d4000-7fc6746d6000 r--s 00006000 08:01 263014                     /home/gtsi/Téléchargements/argouml-0.34/org.eclipse.uml2.common.edit_1.5.0.v201005031530.jar
7fc6746d6000-7fc6746db000 r--s 0002d000 08:01 263013                     /home/gtsi/Téléchargements/argouml-0.34/org.eclipse.emf.mapping_2.6.0.v20100914-1218.jar
7fc6746db000-7fc6746dc000 r--s 00002000 08:01 263012                     /home/gtsi/Téléchargements/argouml-0.34/org.eclipse.emf.mapping.ecore_2.6.0.v20100914-1218.jar
7fc6746dc000-7fc6746de000 r--s 0000d000 08:01 263010                     /home/gtsi/Téléchargements/argouml-0.34/org.eclipse.emf.mapping.ecore2xml_2.5.0.v20100521-1847.jar
7fc6746de000-7fc6746ef000 r--s 00121000 08:01 263008                     /home/gtsi/Téléchargements/argouml-0.34/org.eclipse.emf.ecore_2.6.1.v20100914-1218.jar
7fc6746ef000-7fc6746f3000 r--s 00041000 08:01 3027584                    /usr/lib/jvm/java-6-openjdk-common/jre/lib/jsse.jar
7fc6746f3000-7fc674726000 r--s 002c6000 08:01 262949                     /home/gtsi/Téléchargements/argouml-0.34/argouml.jar
7fc674726000-7fc674728000 r--s 0000f000 08:01 3285740                    /usr/lib/jvm/java-6-openjdk-common/jre/lib/ext/pulse-java.jar
7fc674728000-7fc67472c000 r--s 00031000 08:01 3285742                    /usr/lib/jvm/java-6-openjdk-common/jre/lib/ext/sunjce_provider.jar
7fc67472c000-7fc67472f000 r--s 00078000 08:01 3285741                    /usr/lib/jvm/java-6-openjdk-common/jre/lib/ext/localedata.jar
7fc67472f000-7fc674731000 r--s 00001000 08:01 3285743                    /usr/lib/jvm/java-6-openjdk-common/jre/lib/ext/dnsns.jar
7fc674731000-7fc674732000 r--s 00007000 08:01 3408709                    /usr/share/java/java-atk-wrapper.jar
7fc674732000-7fc674735000 r--s 0003a000 08:01 3285739                    /usr/lib/jvm/java-6-openjdk-common/jre/lib/ext/sunpkcs11.jar
7fc674735000-7fc674768000 r--s 002c6000 08:01 262949                     /home/gtsi/Téléchargements/argouml-0.34/argouml.jar
7fc674768000-7fc674769000 ---p 00000000 00:00 0 
7fc674769000-7fc674869000 rw-p 00000000 00:00 0 
7fc674869000-7fc67486c000 ---p 00000000 00:00 0 
7fc67486c000-7fc67496a000 rw-p 00000000 00:00 0 
7fc67496a000-7fc67496d000 ---p 00000000 00:00 0 
7fc67496d000-7fc674a6b000 rw-p 00000000 00:00 0 
7fc674a6b000-7fc674a6e000 ---p 00000000 00:00 0 
7fc674a6e000-7fc674b6c000 rw-p 00000000 00:00 0 
7fc674b6c000-7fc674b6f000 ---p 00000000 00:00 0 
7fc674b6f000-7fc674c6d000 rw-p 00000000 00:00 0 
7fc674c6d000-7fc674de4000 r--p 00000000 08:01 2627943                    /usr/lib/locale/locale-archive
7fc674de4000-7fc674de7000 ---p 00000000 00:00 0 
7fc674de7000-7fc674ee5000 rw-p 00000000 00:00 0 
7fc674ee5000-7fc674ee8000 ---p 00000000 00:00 0 
7fc674ee8000-7fc674fe6000 rw-p 00000000 00:00 0 
7fc674fe6000-7fc674fe7000 ---p 00000000 00:00 0 
7fc674fe7000-7fc6759f0000 rw-p 00000000 00:00 0 
7fc6759f0000-7fc675b88000 r--s 01a26000 08:01 3540955                    /usr/lib/jvm/java-6-openjdk-amd64/jre/lib/rt.jar
7fc675b88000-7fc677c08000 rw-p 00000000 00:00 0 
7fc677c08000-7fc677c09000 ---p 00000000 00:00 0 
7fc677c09000-7fc677d09000 rw-p 00000000 00:00 0 
7fc677d09000-7fc677d0a000 ---p 00000000 00:00 0 
7fc677d0a000-7fc677e2e000 rw-p 00000000 00:00 0 
7fc677e2e000-7fc677e5d000 rw-p 00000000 00:00 0 
7fc677e5d000-7fc677e70000 rw-p 00000000 00:00 0 
7fc677e70000-7fc677f3b000 rw-p 00000000 00:00 0 
7fc677f3b000-7fc677f5f000 rw-p 00000000 00:00 0 
7fc677f5f000-7fc677f8e000 rw-p 00000000 00:00 0 
7fc677f8e000-7fc677fa1000 rw-p 00000000 00:00 0 
7fc677fa1000-7fc67806c000 rw-p 00000000 00:00 0 
7fc67806c000-7fc6780b3000 rw-p 00000000 00:00 0 
7fc6780b3000-7fc6780b4000 ---p 00000000 00:00 0 
7fc6780b4000-7fc6780db000 rw-p 00000000 00:00 0 
7fc6780db000-7fc6780dc000 rw-p 00000000 00:00 0 
7fc6780dc000-7fc67856c000 rwxp 00000000 00:00 0 
7fc67856c000-7fc67b0dc000 rw-p 00000000 00:00 0 
7fc67b0dc000-7fc67b0e3000 r-xp 00000000 08:01 3540990                    /usr/lib/jvm/java-6-openjdk-amd64/jre/lib/amd64/libzip.so
7fc67b0e3000-7fc67b2e2000 ---p 00007000 08:01 3540990                    /usr/lib/jvm/java-6-openjdk-amd64/jre/lib/amd64/libzip.so
7fc67b2e2000-7fc67b2e3000 rw-p 00006000 08:01 3540990                    /usr/lib/jvm/java-6-openjdk-amd64/jre/lib/amd64/libzip.so
7fc67b2e3000-7fc67b2ee000 r-xp 00000000 08:01 786438                     /lib/x86_64-linux-gnu/libnss_files-2.13.so
7fc67b2ee000-7fc67b4ed000 ---p 0000b000 08:01 786438                     /lib/x86_64-linux-gnu/libnss_files-2.13.so
7fc67b4ed000-7fc67b4ee000 r--p 0000a000 08:01 786438                     /lib/x86_64-linux-gnu/libnss_files-2.13.so
7fc67b4ee000-7fc67b4ef000 rw-p 0000b000 08:01 786438                     /lib/x86_64-linux-gnu/libnss_files-2.13.so
7fc67b4ef000-7fc67b4f9000 r-xp 00000000 08:01 786448                     /lib/x86_64-linux-gnu/libnss_nis-2.13.so
7fc67b4f9000-7fc67b6f8000 ---p 0000a000 08:01 786448                     /lib/x86_64-linux-gnu/libnss_nis-2.13.so
7fc67b6f8000-7fc67b6f9000 r--p 00009000 08:01 786448                     /lib/x86_64-linux-gnu/libnss_nis-2.13.so
7fc67b6f9000-7fc67b6fa000 rw-p 0000a000 08:01 786448                     /lib/x86_64-linux-gnu/libnss_nis-2.13.so
7fc67b6fa000-7fc67b701000 r-xp 00000000 08:01 786452                     /lib/x86_64-linux-gnu/libnss_compat-2.13.so
7fc67b701000-7fc67b900000 ---p 00007000 08:01 786452                     /lib/x86_64-linux-gnu/libnss_compat-2.13.so
7fc67b900000-7fc67b901000 r--p 00006000 08:01 786452                     /lib/x86_64-linux-gnu/libnss_compat-2.13.so
7fc67b901000-7fc67b902000 rw-p 00007000 08:01 786452                     /lib/x86_64-linux-gnu/libnss_compat-2.13.so
7fc67b902000-7fc67b917000 r-xp 00000000 08:01 786440                     /lib/x86_64-linux-gnu/libnsl-2.13.so
7fc67b917000-7fc67bb16000 ---p 00015000 08:01 786440                     /lib/x86_64-linux-gnu/libnsl-2.13.so
7fc67bb16000-7fc67bb17000 r--p 00014000 08:01 786440                     /lib/x86_64-linux-gnu/libnsl-2.13.so
7fc67bb17000-7fc67bb18000 rw-p 00015000 08:01 786440                     /lib/x86_64-linux-gnu/libnsl-2.13.so
7fc67bb18000-7fc67bb1a000 rw-p 00000000 00:00 0 
7fc67bb1a000-7fc67bb48000 r-xp 00000000 08:01 3540986                    /usr/lib/jvm/java-6-openjdk-amd64/jre/lib/amd64/libjava.so
7fc67bb48000-7fc67bd47000 ---p 0002e000 08:01 3540986                    /usr/lib/jvm/java-6-openjdk-amd64/jre/lib/amd64/libjava.so
7fc67bd47000-7fc67bd4b000 rw-p 0002d000 08:01 3540986                    /usr/lib/jvm/java-6-openjdk-amd64/jre/lib/amd64/libjava.so
7fc67bd4b000-7fc67bd5a000 r-xp 00000000 08:01 3540980                    /usr/lib/jvm/java-6-openjdk-amd64/jre/lib/amd64/libverify.so
7fc67bd5a000-7fc67bf59000 ---p 0000f000 08:01 3540980                    /usr/lib/jvm/java-6-openjdk-amd64/jre/lib/amd64/libverify.so
7fc67bf59000-7fc67bf5b000 rw-p 0000e000 08:01 3540980                    /usr/lib/jvm/java-6-openjdk-amd64/jre/lib/amd64/libverify.so
7fc67bf5b000-7fc67bf62000 r-xp 00000000 08:01 786457                     /lib/x86_64-linux-gnu/librt-2.13.so
7fc67bf62000-7fc67c161000 ---p 00007000 08:01 786457                     /lib/x86_64-linux-gnu/librt-2.13.so
7fc67c161000-7fc67c162000 r--p 00006000 08:01 786457                     /lib/x86_64-linux-gnu/librt-2.13.so
7fc67c162000-7fc67c163000 rw-p 00007000 08:01 786457                     /lib/x86_64-linux-gnu/librt-2.13.so
7fc67c163000-7fc67c178000 r-xp 00000000 08:01 786436                     /lib/x86_64-linux-gnu/libgcc_s.so.1
7fc67c178000-7fc67c378000 ---p 00015000 08:01 786436                     /lib/x86_64-linux-gnu/libgcc_s.so.1
7fc67c378000-7fc67c379000 rw-p 00015000 08:01 786436                     /lib/x86_64-linux-gnu/libgcc_s.so.1
7fc67c379000-7fc67c3fa000 r-xp 00000000 08:01 786437                     /lib/x86_64-linux-gnu/libm-2.13.so
7fc67c3fa000-7fc67c5f9000 ---p 00081000 08:01 786437                     /lib/x86_64-linux-gnu/libm-2.13.so
7fc67c5f9000-7fc67c5fa000 r--p 00080000 08:01 786437                     /lib/x86_64-linux-gnu/libm-2.13.so
7fc67c5fa000-7fc67c5fb000 rw-p 00081000 08:01 786437                     /lib/x86_64-linux-gnu/libm-2.13.so
7fc67c5fb000-7fc67c6e3000 r-xp 00000000 08:01 2625327                    /usr/lib/x86_64-linux-gnu/libstdc++.so.6.0.17
7fc67c6e3000-7fc67c8e3000 ---p 000e8000 08:01 2625327                    /usr/lib/x86_64-linux-gnu/libstdc++.so.6.0.17
7fc67c8e3000-7fc67c8eb000 r--p 000e8000 08:01 2625327                    /usr/lib/x86_64-linux-gnu/libstdc++.so.6.0.17
7fc67c8eb000-7fc67c8ed000 rw-p 000f0000 08:01 2625327                    /usr/lib/x86_64-linux-gnu/libstdc++.so.6.0.17
7fc67c8ed000-7fc67c902000 rw-p 00000000 00:00 0 
7fc67c902000-7fc67d2f5000 r-xp 00000000 08:01 3540973                    /usr/lib/jvm/java-6-openjdk-amd64/jre/lib/amd64/server/libjvm.so
7fc67d2f5000-7fc67d4f4000 ---p 009f3000 08:01 3540973                    /usr/lib/jvm/java-6-openjdk-amd64/jre/lib/amd64/server/libjvm.so
7fc67d4f4000-7fc67d596000 rw-p 009f2000 08:01 3540973                    /usr/lib/jvm/java-6-openjdk-amd64/jre/lib/amd64/server/libjvm.so
7fc67d596000-7fc67d5c0000 rw-p 00000000 00:00 0 
7fc67d5c0000-7fc67d741000 r-xp 00000000 08:01 786443                     /lib/x86_64-linux-gnu/libc-2.13.so
7fc67d741000-7fc67d941000 ---p 00181000 08:01 786443                     /lib/x86_64-linux-gnu/libc-2.13.so
7fc67d941000-7fc67d945000 r--p 00181000 08:01 786443                     /lib/x86_64-linux-gnu/libc-2.13.so
7fc67d945000-7fc67d946000 rw-p 00185000 08:01 786443                     /lib/x86_64-linux-gnu/libc-2.13.so
7fc67d946000-7fc67d94b000 rw-p 00000000 00:00 0 
7fc67d94b000-7fc67d94d000 r-xp 00000000 08:01 786449                     /lib/x86_64-linux-gnu/libdl-2.13.so
7fc67d94d000-7fc67db4d000 ---p 00002000 08:01 786449                     /lib/x86_64-linux-gnu/libdl-2.13.so
7fc67db4d000-7fc67db4e000 r--p 00002000 08:01 786449                     /lib/x86_64-linux-gnu/libdl-2.13.so
7fc67db4e000-7fc67db4f000 rw-p 00003000 08:01 786449                     /lib/x86_64-linux-gnu/libdl-2.13.so
7fc67db4f000-7fc67db53000 r-xp 00000000 08:01 3541001                    /usr/lib/jvm/java-6-openjdk-amd64/jre/lib/amd64/jli/libjli.so
7fc67db53000-7fc67dd52000 ---p 00004000 08:01 3541001                    /usr/lib/jvm/java-6-openjdk-amd64/jre/lib/amd64/jli/libjli.so
7fc67dd52000-7fc67dd53000 rw-p 00003000 08:01 3541001                    /usr/lib/jvm/java-6-openjdk-amd64/jre/lib/amd64/jli/libjli.so
7fc67dd53000-7fc67dd6a000 r-xp 00000000 08:01 786458                     /lib/x86_64-linux-gnu/libpthread-2.13.so
7fc67dd6a000-7fc67df69000 ---p 00017000 08:01 786458                     /lib/x86_64-linux-gnu/libpthread-2.13.so
7fc67df69000-7fc67df6a000 r--p 00016000 08:01 786458                     /lib/x86_64-linux-gnu/libpthread-2.13.so
7fc67df6a000-7fc67df6b000 rw-p 00017000 08:01 786458                     /lib/x86_64-linux-gnu/libpthread-2.13.so
7fc67df6b000-7fc67df6f000 rw-p 00000000 00:00 0 
7fc67df6f000-7fc67df85000 r-xp 00000000 08:01 786522                     /lib/x86_64-linux-gnu/libz.so.1.2.7
7fc67df85000-7fc67e184000 ---p 00016000 08:01 786522                     /lib/x86_64-linux-gnu/libz.so.1.2.7
7fc67e184000-7fc67e185000 r--p 00015000 08:01 786522                     /lib/x86_64-linux-gnu/libz.so.1.2.7
7fc67e185000-7fc67e186000 rw-p 00016000 08:01 786522                     /lib/x86_64-linux-gnu/libz.so.1.2.7
7fc67e186000-7fc67e1a6000 r-xp 00000000 08:01 786455                     /lib/x86_64-linux-gnu/ld-2.13.so
7fc67e1a7000-7fc67e1ab000 r--s 00033000 08:01 263007                     /home/gtsi/Téléchargements/argouml-0.34/org.eclipse.emf.ecore.xmi_2.5.0.v20100521-1846.jar
7fc67e1ab000-7fc67e1af000 r--s 0001c000 08:01 263006                     /home/gtsi/Téléchargements/argouml-0.34/org.eclipse.emf.ecore.edit_2.6.0.v20100914-1218.jar
7fc67e1af000-7fc67e1b1000 r--s 00018000 08:01 263005                     /home/gtsi/Téléchargements/argouml-0.34/org.eclipse.emf.ecore.change_2.5.1.v20100907-1643.jar
7fc67e1b1000-7fc67e1b2000 r--s 00007000 08:01 263004                     /home/gtsi/Téléchargements/argouml-0.34/org.eclipse.emf.ecore.change.edit_2.5.0.v20100521-1846.jar
7fc67e1b2000-7fc67e1b7000 r--s 00031000 08:01 263003                     /home/gtsi/Téléchargements/argouml-0.34/org.eclipse.emf.common_2.6.0.v20100914-1218.jar
7fc67e1b7000-7fc67e1b9000 r--s 0001f000 08:01 262978                     /home/gtsi/Téléchargements/argouml-0.34/ext/argouml-i18n-zh.jar
7fc67e1b9000-7fc67e1ba000 r--s 0000d000 08:01 262974                     /home/gtsi/Téléchargements/argouml-0.34/ext/argouml-i18n-nb.jar
7fc67e1ba000-7fc67e1bd000 r--s 0000f000 08:01 262947                     /home/gtsi/Téléchargements/argouml-0.34/argouml-model.jar
7fc67e1bd000-7fc67e1c1000 r--s 00031000 08:01 262945                     /home/gtsi/Téléchargements/argouml-0.34/argouml-euml.jar
7fc67e1c1000-7fc67e1c7000 r--s 0006b000 08:01 262943                     /home/gtsi/Téléchargements/argouml-0.34/antlr-2.7.7.jar
7fc67e1c7000-7fc67e1da000 rw-p 00000000 00:00 0 
7fc67e1da000-7fc67e287000 rw-p 00000000 00:00 0 
7fc67e287000-7fc67e28a000 ---p 00000000 00:00 0 
7fc67e28a000-7fc67e38d000 rw-p 00000000 00:00 0 
7fc67e38d000-7fc67e392000 r--s 0003e000 08:01 263009                     /home/gtsi/Téléchargements/argouml-0.34/org.eclipse.emf.edit_2.6.0.v20100914-1218.jar
7fc67e392000-7fc67e399000 r--s 00054000 08:01 3027575                    /usr/lib/jvm/java-6-openjdk-common/jre/lib/resources.jar
7fc67e399000-7fc67e3a1000 rw-s 00000000 08:01 3938873                    /tmp/hsperfdata_gtsi/3546
7fc67e3a1000-7fc67e3a2000 rw-p 00000000 00:00 0 
7fc67e3a2000-7fc67e3a3000 r--p 00000000 00:00 0 
7fc67e3a3000-7fc67e3a5000 rw-p 00000000 00:00 0 
7fc67e3a5000-7fc67e3a6000 r--p 0001f000 08:01 786455                     /lib/x86_64-linux-gnu/ld-2.13.so
7fc67e3a6000-7fc67e3a7000 rw-p 00020000 08:01 786455                     /lib/x86_64-linux-gnu/ld-2.13.so
7fc67e3a7000-7fc67e3a8000 rw-p 00000000 00:00 0 
7ffdc834a000-7ffdc837e000 rw-p 00000000 00:00 0                          [stack]
7ffdc83a9000-7ffdc83aa000 r-xp 00000000 00:00 0                          [vdso]
ffffffffff600000-ffffffffff601000 r-xp 00000000 00:00 0                  [vsyscall]

VM Arguments:
java_command: argouml.jar
Launcher Type: SUN_STANDARD

Environment Variables:
PATH=/usr/local/bin:/usr/bin:/bin:/usr/local/games:/usr/games
USERNAME=gtsi
LD_LIBRARY_PATH=/usr/lib/jvm/java-6-openjdk-amd64/jre/lib/amd64/server:/usr/lib/jvm/java-6-openjdk-amd64/jre/lib/amd64:/usr/lib/jvm/java-6-openjdk-amd64/jre/../lib/amd64
SHELL=/bin/bash
DISPLAY=:0

Signal Handlers:
SIGSEGV: [libjvm.so+0x851210], sa_mask[0]=0x7ffbfeff, sa_flags=0x10000004
SIGBUS: [libjvm.so+0x851210], sa_mask[0]=0x7ffbfeff, sa_flags=0x10000004
SIGFPE: [libjvm.so+0x6f22d0], sa_mask[0]=0x7ffbfeff, sa_flags=0x10000004
SIGPIPE: [libjvm.so+0x6f22d0], sa_mask[0]=0x7ffbfeff, sa_flags=0x10000004
SIGXFSZ: [libjvm.so+0x6f22d0], sa_mask[0]=0x7ffbfeff, sa_flags=0x10000004
SIGILL: [libjvm.so+0x6f22d0], sa_mask[0]=0x7ffbfeff, sa_flags=0x10000004
SIGUSR1: SIG_DFL, sa_mask[0]=0x00000000, sa_flags=0x00000000
SIGUSR2: [libjvm.so+0x6f2680], sa_mask[0]=0x00000000, sa_flags=0x10000004
SIGHUP: [libjvm.so+0x6f27c0], sa_mask[0]=0x7ffbfeff, sa_flags=0x10000004
SIGINT: [libjvm.so+0x6f27c0], sa_mask[0]=0x7ffbfeff, sa_flags=0x10000004
SIGTERM: [libjvm.so+0x6f27c0], sa_mask[0]=0x7ffbfeff, sa_flags=0x10000004
SIGQUIT: [libjvm.so+0x6f27c0], sa_mask[0]=0x7ffbfeff, sa_flags=0x10000004


---------------  S Y S T E M  ---------------

OS:7.9

uname:Linux 3.2.0-4-amd64 #1 SMP Debian 3.2.68-1+deb7u6 x86_64
libc:glibc 2.13 NPTL 2.13 
rlimit: STACK 8192k, CORE 0k, NPROC 16006, NOFILE 4096, AS infinity
load average:0.18 0.19 0.23

/proc/meminfo:
MemTotal:        2060932 kB
MemFree:          661628 kB
Buffers:           68264 kB
Cached:           539260 kB
SwapCached:            0 kB
Active:           755120 kB
Inactive:         440240 kB
Active(anon):     588428 kB
Inactive(anon):     5644 kB
Active(file):     166692 kB
Inactive(file):   434596 kB
Unevictable:           0 kB
Mlocked:               0 kB
SwapTotal:       2988028 kB
SwapFree:        2988028 kB
Dirty:               116 kB
Writeback:             0 kB
AnonPages:        587832 kB
Mapped:           120932 kB
Shmem:              6240 kB
Slab:              84200 kB
SReclaimable:      66644 kB
SUnreclaim:        17556 kB
KernelStack:        2608 kB
PageTables:        16252 kB
NFS_Unstable:          0 kB
Bounce:                0 kB
WritebackTmp:          0 kB
CommitLimit:     4018492 kB
Committed_AS:    1922628 kB
VmallocTotal:   34359738367 kB
VmallocUsed:      306292 kB
VmallocChunk:   34359420924 kB
HardwareCorrupted:     0 kB
AnonHugePages:         0 kB
HugePages_Total:       0
HugePages_Free:        0
HugePages_Rsvd:        0
HugePages_Surp:        0
Hugepagesize:       2048 kB
DirectMap4k:      139220 kB
DirectMap2M:     1957888 kB


CPU:total 2 (1 cores per cpu, 2 threads per core) family 15 model 4 stepping 1, cmov, cx8, fxsr, mmx, sse, sse2, sse3, ht, tsc

/proc/cpuinfo:
processor	: 0
vendor_id	: GenuineIntel
cpu family	: 15
model		: 4
model name	: Intel(R) Xeon(TM) CPU 3.60GHz
stepping	: 1
microcode	: 0xd
cpu MHz		: 3600.274
cache size	: 1024 KB
physical id	: 0
siblings	: 2
core id		: 0
cpu cores	: 1
apicid		: 0
initial apicid	: 0
fpu		: yes
fpu_exception	: yes
cpuid level	: 5
wp		: yes
flags		: fpu vme de pse tsc msr pae mce cx8 apic sep mtrr pge mca cmov pat pse36 clflush dts acpi mmx fxsr sse sse2 ss ht tm pbe syscall nx lm constant_tsc pebs bts nopl pni dtes64 monitor ds_cpl est tm2 cid cx16 xtpr
bogomips	: 7200.54
clflush size	: 64
cache_alignment	: 128
address sizes	: 36 bits physical, 48 bits virtual
power management:

processor	: 1
vendor_id	: GenuineIntel
cpu family	: 15
model		: 4
model name	: Intel(R) Xeon(TM) CPU 3.60GHz
stepping	: 1
microcode	: 0xd
cpu MHz		: 3600.274
cache size	: 1024 KB
physical id	: 0
siblings	: 2
core id		: 0
cpu cores	: 1
apicid		: 1
initial apicid	: 1
fpu		: yes
fpu_exception	: yes
cpuid level	: 5
wp		: yes
flags		: fpu vme de pse tsc msr pae mce cx8 apic sep mtrr pge mca cmov pat pse36 clflush dts acpi mmx fxsr sse sse2 ss ht tm pbe syscall nx lm constant_tsc pebs bts nopl pni dtes64 monitor ds_cpl est tm2 cid cx16 xtpr
bogomips	: 7200.73
clflush size	: 64
cache_alignment	: 128
address sizes	: 36 bits physical, 48 bits virtual
power management:



Memory: 4k page, physical 2060932k(661628k free), swap 2988028k(2988028k free)

vm_info: OpenJDK 64-Bit Server VM (23.25-b01) for linux-amd64 JRE (1.6.0_36-b36), built on Aug 19 2015 15:28:06 by "jmm" with gcc 4.7.2

time: Tue Dec  8 09:26:30 2015
elapsed time: 1059 seconds

